#
# There is insufficient memory for the Java Runtime Environment to continue.
# Native memory allocation (malloc) failed to allocate 32744 bytes for ChunkPool::allocate
# Possible reasons:
#   The system is out of physical RAM or swap space
#   The process is running with CompressedOops enabled, and the Java Heap may be blocking the growth of the native heap
# Possible solutions:
#   Reduce memory load on the system
#   Increase physical memory or swap space
#   Check if swap backing store is full
#   Decrease Java heap size (-Xmx/-Xms)
#   Decrease number of Java threads
#   Decrease Java thread stack sizes (-Xss)
#   Set larger code cache with -XX:ReservedCodeCacheSize=
#   JVM is running with Zero Based Compressed Oops mode in which the Java heap is
#     placed in the first 32GB address space. The Java Heap base address is the
#     maximum limit for the native heap growth. Please use -XX:HeapBaseMinAddress
#     to set the Java Heap base and to place the Java Heap above 32GB virtual address.
# This output file may be truncated or incomplete.
#
#  Out of Memory Error (./open/src/hotspot/share/memory/arena.cpp:81), pid=6792, tid=3060
#
# JRE version: Java(TM) SE Runtime Environment 18.9 (11.0.13+10) (build 11.0.13+10-LTS-370)
# Java VM: Java HotSpot(TM) 64-Bit Server VM 18.9 (11.0.13+10-LTS-370, mixed mode, tiered, compressed oops, g1 gc, windows-amd64)
# No core dump will be written. Minidumps are not enabled by default on client versions of Windows
#

---------------  S U M M A R Y ------------

Command Line: -agentlib:jdwp=transport=dt_socket,address=127.0.0.1:52941,suspend=y,server=n -javaagent:C:\Users\Pradipta_R632\Downloads\ideaIC-2021.2.4.win\plugins\java\lib\rt\debugger-agent.jar -Dfile.encoding=UTF-8 com.team.two.mitrais_carrot.MitraisCarrotBackendApplication

Host: Intel(R) Core(TM) i7-8565U CPU @ 1.80GHz, 8 cores, 15G,  Windows 10 , 64 bit Build 19041 (10.0.19041.1566)
Time: Mon Apr 11 07:06:19 2022 SE Asia Standard Time elapsed time: 6506.394074 seconds (0d 1h 48m 26s)

---------------  T H R E A D  ---------------

Current thread (0x000001b14311e800):  JavaThread "C1 CompilerThread0" daemon [_thread_in_native, id=3060, stack(0x000000638c900000,0x000000638ca00000)]


Current CompileTask:
C1:6506394 13780       3       java.lang.StackTraceElement::equals (122 bytes)

Stack: [0x000000638c900000,0x000000638ca00000]
Native frames: (J=compiled Java code, j=interpreted, Vv=VM code, C=native code)
V  [jvm.dll+0x62870a]
V  [jvm.dll+0x761f2f]
V  [jvm.dll+0x7635d9]
V  [jvm.dll+0x763c63]
V  [jvm.dll+0x23d728]
V  [jvm.dll+0xb2b9b]
V  [jvm.dll+0xb2efc]
V  [jvm.dll+0x101716]
V  [jvm.dll+0x15ce4d]
V  [jvm.dll+0x15db63]
V  [jvm.dll+0x1188f5]
V  [jvm.dll+0x11818f]
V  [jvm.dll+0x1183bf]
V  [jvm.dll+0x117667]
V  [jvm.dll+0x119537]
V  [jvm.dll+0x206d84]
V  [jvm.dll+0x204ebb]
V  [jvm.dll+0x727e70]
V  [jvm.dll+0x720a54]
V  [jvm.dll+0x627606]
C  [ucrtbase.dll+0x21bb2]
C  [KERNEL32.DLL+0x17034]
C  [ntdll.dll+0x52651]


---------------  P R O C E S S  ---------------

Threads class SMR info:
_java_thread_list=0x000001b146c79930, length=34, elements={
0x000001b142802000, 0x000001b142803000, 0x000001b143106800, 0x000001b143107800,
0x000001b14310a000, 0x000001b14311d800, 0x000001b14311e800, 0x000001b14312a000,
0x000001b1427c4000, 0x000001b143401800, 0x000001b1433f6000, 0x000001b14334d800,
0x000001b14a746000, 0x000001b14cdcc800, 0x000001b14ada2800, 0x000001b14ce64000,
0x000001b14ffe0000, 0x000001b14ffe1000, 0x000001b14ffe2000, 0x000001b14ffdf800,
0x000001b14ffe6000, 0x000001b14ffe6800, 0x000001b14ffe2800, 0x000001b14ffe5000,
0x000001b14ffe7800, 0x000001b14ffe8800, 0x000001b14ffe9000, 0x000001b14ffe3800,
0x000001b14ffea000, 0x000001b14ffe4000, 0x000001b14ffeb000, 0x000001b14ffeb800,
0x000001b149de4800, 0x000001b149de9800
}

Java Threads: ( => current thread )
  0x000001b142802000 JavaThread "Reference Handler" daemon [_thread_blocked, id=8876, stack(0x000000638c300000,0x000000638c400000)]
  0x000001b142803000 JavaThread "Finalizer" daemon [_thread_blocked, id=22764, stack(0x000000638c400000,0x000000638c500000)]
  0x000001b143106800 JavaThread "Signal Dispatcher" daemon [_thread_blocked, id=20600, stack(0x000000638c500000,0x000000638c600000)]
  0x000001b143107800 JavaThread "Attach Listener" daemon [_thread_blocked, id=14748, stack(0x000000638c600000,0x000000638c700000)]
  0x000001b14310a000 JavaThread "Service Thread" daemon [_thread_blocked, id=19760, stack(0x000000638c700000,0x000000638c800000)]
  0x000001b14311d800 JavaThread "C2 CompilerThread0" daemon [_thread_in_native, id=1388, stack(0x000000638c800000,0x000000638c900000)]
=>0x000001b14311e800 JavaThread "C1 CompilerThread0" daemon [_thread_in_native, id=3060, stack(0x000000638c900000,0x000000638ca00000)]
  0x000001b14312a000 JavaThread "Sweeper thread" daemon [_thread_blocked, id=30200, stack(0x000000638ca00000,0x000000638cb00000)]
  0x000001b1427c4000 JavaThread "Common-Cleaner" daemon [_thread_blocked, id=31816, stack(0x000000638cb00000,0x000000638cc00000)]
  0x000001b143401800 JavaThread "JDWP Transport Listener: dt_socket" daemon [_thread_blocked, id=17596, stack(0x000000638cd00000,0x000000638ce00000)]
  0x000001b1433f6000 JavaThread "JDWP Event Helper Thread" daemon [_thread_blocked, id=29912, stack(0x000000638ce00000,0x000000638cf00000)]
  0x000001b14334d800 JavaThread "JDWP Command Reader" daemon [_thread_in_native, id=3780, stack(0x000000638cf00000,0x000000638d000000)]
  0x000001b14a746000 JavaThread "HikariPool-1 housekeeper" daemon [_thread_blocked, id=26228, stack(0x000000638dd00000,0x000000638de00000)]
  0x000001b14cdcc800 JavaThread "Catalina-utility-1" [_thread_blocked, id=32720, stack(0x000000638df00000,0x000000638e000000)]
  0x000001b14ada2800 JavaThread "Catalina-utility-2" [_thread_blocked, id=11356, stack(0x000000638e000000,0x000000638e100000)]
  0x000001b14ce64000 JavaThread "container-0" [_thread_blocked, id=13980, stack(0x000000638e100000,0x000000638e200000)]
  0x000001b14ffe0000 JavaThread "File Watcher" daemon [_thread_blocked, id=16332, stack(0x000000638de00000,0x000000638df00000)]
  0x000001b14ffe1000 JavaThread "Live Reload Server" daemon [_thread_in_native, id=15992, stack(0x000000638e300000,0x000000638e400000)]
  0x000001b14ffe2000 JavaThread "http-nio-8181-exec-1" daemon [_thread_blocked, id=14992, stack(0x000000638e200000,0x000000638e300000)]
  0x000001b14ffdf800 JavaThread "http-nio-8181-exec-2" daemon [_thread_blocked, id=10520, stack(0x000000638e400000,0x000000638e500000)]
  0x000001b14ffe6000 JavaThread "http-nio-8181-exec-3" daemon [_thread_blocked, id=32868, stack(0x000000638e500000,0x000000638e600000)]
  0x000001b14ffe6800 JavaThread "http-nio-8181-exec-4" daemon [_thread_blocked, id=23124, stack(0x000000638e600000,0x000000638e700000)]
  0x000001b14ffe2800 JavaThread "http-nio-8181-exec-5" daemon [_thread_blocked, id=26848, stack(0x000000638e700000,0x000000638e800000)]
  0x000001b14ffe5000 JavaThread "http-nio-8181-exec-6" daemon [_thread_blocked, id=31196, stack(0x000000638e800000,0x000000638e900000)]
  0x000001b14ffe7800 JavaThread "http-nio-8181-exec-7" daemon [_thread_blocked, id=12584, stack(0x000000638e900000,0x000000638ea00000)]
  0x000001b14ffe8800 JavaThread "http-nio-8181-exec-8" daemon [_thread_blocked, id=30672, stack(0x000000638ea00000,0x000000638eb00000)]
  0x000001b14ffe9000 JavaThread "http-nio-8181-exec-9" daemon [_thread_blocked, id=2280, stack(0x000000638eb00000,0x000000638ec00000)]
  0x000001b14ffe3800 JavaThread "http-nio-8181-exec-10" daemon [_thread_blocked, id=25516, stack(0x000000638ec00000,0x000000638ed00000)]
  0x000001b14ffea000 JavaThread "http-nio-8181-Poller" daemon [_thread_in_native, id=22320, stack(0x000000638ed00000,0x000000638ee00000)]
  0x000001b14ffe4000 JavaThread "http-nio-8181-Acceptor" daemon [_thread_in_native, id=25820, stack(0x000000638ee00000,0x000000638ef00000)]
  0x000001b14ffeb000 JavaThread "scheduling-1" [_thread_blocked, id=28304, stack(0x000000638ef00000,0x000000638f000000)]
  0x000001b14ffeb800 JavaThread "DestroyJavaVM" [_thread_blocked, id=5648, stack(0x000000638bc00000,0x000000638bd00000)]
  0x000001b149de4800 JavaThread "C2 CompilerThread1" daemon [_thread_in_native, id=31328, stack(0x000000638b900000,0x000000638ba00000)]
  0x000001b149de9800 JavaThread "C2 CompilerThread2" daemon [_thread_in_native, id=32944, stack(0x000000638cc00000,0x000000638cd00000)]

Other Threads:
  0x000001b14282d800 VMThread "VM Thread" [stack: 0x000000638c200000,0x000000638c300000] [id=12868]
  0x000001b14360a800 WatcherThread [stack: 0x000000638d000000,0x000000638d100000] [id=13052]
  0x000001b11fcfa800 GCTaskThread "GC Thread#0" [stack: 0x000000638bd00000,0x000000638be00000] [id=33688]
  0x000001b144131800 GCTaskThread "GC Thread#1" [stack: 0x000000638d100000,0x000000638d200000] [id=30680]
  0x000001b144218000 GCTaskThread "GC Thread#2" [stack: 0x000000638d200000,0x000000638d300000] [id=14288]
  0x000001b144219000 GCTaskThread "GC Thread#3" [stack: 0x000000638d300000,0x000000638d400000] [id=30936]
  0x000001b1441d5000 GCTaskThread "GC Thread#4" [stack: 0x000000638d400000,0x000000638d500000] [id=33560]
  0x000001b1441d5800 GCTaskThread "GC Thread#5" [stack: 0x000000638d500000,0x000000638d600000] [id=33352]
  0x000001b144803000 GCTaskThread "GC Thread#6" [stack: 0x000000638d900000,0x000000638da00000] [id=23972]
  0x000001b1444ee000 GCTaskThread "GC Thread#7" [stack: 0x000000638da00000,0x000000638db00000] [id=11100]
  0x000001b11fd57000 ConcurrentGCThread "G1 Main Marker" [stack: 0x000000638be00000,0x000000638bf00000] [id=3560]
  0x000001b11fd5a800 ConcurrentGCThread "G1 Conc#0" [stack: 0x000000638bf00000,0x000000638c000000] [id=29064]
  0x000001b144665800 ConcurrentGCThread "G1 Conc#1" [stack: 0x000000638db00000,0x000000638dc00000] [id=20028]
  0x000001b1426eb800 ConcurrentGCThread "G1 Refine#0" [stack: 0x000000638c000000,0x000000638c100000] [id=17244]
  0x000001b146297000 ConcurrentGCThread "G1 Refine#1" [stack: 0x000000638ba00000,0x000000638bb00000] [id=31244]
  0x000001b1547b5800 ConcurrentGCThread "G1 Refine#2" [stack: 0x000000638bb00000,0x000000638bc00000] [id=29888]
  0x000001b1426ec000 ConcurrentGCThread "G1 Young RemSet Sampling" [stack: 0x000000638c100000,0x000000638c200000] [id=14776]

Threads with active compile tasks:
C2 CompilerThread06506656 13768       4       org.hibernate.event.internal.DefaultLoadEventListener::load (193 bytes)
C1 CompilerThread06506656 13780       3       java.lang.StackTraceElement::equals (122 bytes)
C2 CompilerThread16506656 13772       4       org.hibernate.event.internal.DefaultLoadEventListener::doLoad (229 bytes)
C2 CompilerThread26506657 13774       4       org.postgresql.jdbc.TimestampUtils::guessTimestamp (196 bytes)

VM state:not at safepoint (normal execution)

VM Mutex/Monitor currently owned by a thread: None

Heap address: 0x0000000703000000, size: 4048 MB, Compressed Oops mode: Zero based, Oop shift amount: 3
Narrow klass base: 0x0000000800000000, Narrow klass shift: 0
Compressed class space size: 1073741824 Address: 0x0000000800000000

Heap:
 garbage-first heap   total 312320K, used 178499K [0x0000000703000000, 0x0000000800000000)
  region size 1024K, 150 young (153600K), 10 survivors (10240K)
 Metaspace       used 84194K, capacity 86431K, committed 86528K, reserved 1124352K
  class space    used 10059K, capacity 10941K, committed 11008K, reserved 1048576K
Heap Regions: E=young(eden), S=young(survivor), O=old, HS=humongous(starts), HC=humongous(continues), CS=collection set, F=free, A=archive, TAMS=top-at-mark-start (previous, next)
|   0|0x0000000703000000, 0x0000000703100000, 0x0000000703100000|100%|HS|  |TAMS 0x0000000703100000, 0x0000000703000000| Complete 
|   1|0x0000000703100000, 0x0000000703200000, 0x0000000703200000|100%| O|  |TAMS 0x0000000703200000, 0x0000000703100000| Untracked 
|   2|0x0000000703200000, 0x0000000703300000, 0x0000000703300000|100%| O|  |TAMS 0x0000000703300000, 0x0000000703200000| Untracked 
|   3|0x0000000703300000, 0x0000000703400000, 0x0000000703400000|100%| O|  |TAMS 0x0000000703400000, 0x0000000703300000| Untracked 
|   4|0x0000000703400000, 0x0000000703500000, 0x0000000703500000|100%| O|  |TAMS 0x0000000703500000, 0x0000000703400000| Untracked 
|   5|0x0000000703500000, 0x0000000703600000, 0x0000000703600000|100%| O|  |TAMS 0x0000000703600000, 0x0000000703500000| Untracked 
|   6|0x0000000703600000, 0x0000000703700000, 0x0000000703700000|100%| O|  |TAMS 0x0000000703700000, 0x0000000703600000| Untracked 
|   7|0x0000000703700000, 0x0000000703800000, 0x0000000703800000|100%| O|  |TAMS 0x0000000703800000, 0x0000000703700000| Untracked 
|   8|0x0000000703800000, 0x0000000703900000, 0x0000000703900000|100%| O|  |TAMS 0x000000070388a800, 0x0000000703800000| Untracked 
|   9|0x0000000703900000, 0x0000000703a00000, 0x0000000703a00000|100%| O|  |TAMS 0x0000000703900000, 0x0000000703900000| Untracked 
|  10|0x0000000703a00000, 0x0000000703b00000, 0x0000000703b00000|100%| O|  |TAMS 0x0000000703a00000, 0x0000000703a00000| Untracked 
|  11|0x0000000703b00000, 0x0000000703c00000, 0x0000000703c00000|100%| O|  |TAMS 0x0000000703b00000, 0x0000000703b00000| Untracked 
|  12|0x0000000703c00000, 0x0000000703d00000, 0x0000000703d00000|100%| O|  |TAMS 0x0000000703c00000, 0x0000000703c00000| Untracked 
|  13|0x0000000703d00000, 0x0000000703e00000, 0x0000000703e00000|100%| O|  |TAMS 0x0000000703d00000, 0x0000000703d00000| Untracked 
|  14|0x0000000703e00000, 0x0000000703f00000, 0x0000000703f00000|100%| O|  |TAMS 0x0000000703e00000, 0x0000000703e00000| Untracked 
|  15|0x0000000703f00000, 0x0000000704000000, 0x0000000704000000|100%| O|  |TAMS 0x0000000703f00000, 0x0000000703f00000| Untracked 
|  16|0x0000000704000000, 0x0000000704100000, 0x0000000704100000|100%| O|  |TAMS 0x0000000704000000, 0x0000000704000000| Untracked 
|  17|0x0000000704100000, 0x0000000704200000, 0x0000000704200000|100%| O|  |TAMS 0x0000000704100000, 0x0000000704100000| Untracked 
|  18|0x0000000704200000, 0x0000000704300000, 0x0000000704300000|100%| O|  |TAMS 0x0000000704200000, 0x0000000704200000| Untracked 
|  19|0x0000000704300000, 0x0000000704400000, 0x0000000704400000|100%| O|  |TAMS 0x0000000704300000, 0x0000000704300000| Untracked 
|  20|0x0000000704400000, 0x0000000704500000, 0x0000000704500000|100%| O|  |TAMS 0x0000000704400000, 0x0000000704400000| Untracked 
|  21|0x0000000704500000, 0x0000000704600000, 0x0000000704600000|100%| O|  |TAMS 0x0000000704500000, 0x0000000704500000| Untracked 
|  22|0x0000000704600000, 0x0000000704700000, 0x0000000704700000|100%| O|  |TAMS 0x0000000704600000, 0x0000000704600000| Untracked 
|  23|0x0000000704700000, 0x0000000704800000, 0x0000000704800000|100%| O|  |TAMS 0x0000000704700000, 0x0000000704700000| Untracked 
|  24|0x0000000704800000, 0x0000000704900000, 0x0000000704900000|100%| O|  |TAMS 0x0000000704800000, 0x0000000704800000| Untracked 
|  25|0x0000000704900000, 0x0000000704a00000, 0x0000000704a00000|100%| O|  |TAMS 0x0000000704900000, 0x0000000704900000| Untracked 
|  26|0x0000000704a00000, 0x0000000704b00000, 0x0000000704b00000|100%| O|  |TAMS 0x0000000704a00000, 0x0000000704a00000| Untracked 
|  27|0x0000000704b00000, 0x0000000704b1c600, 0x0000000704c00000| 11%| O|  |TAMS 0x0000000704b00000, 0x0000000704b00000| Untracked 
|  28|0x0000000704c00000, 0x0000000704c00000, 0x0000000704d00000|  0%| F|  |TAMS 0x0000000704c00000, 0x0000000704c00000| Untracked 
|  29|0x0000000704d00000, 0x0000000704d00000, 0x0000000704e00000|  0%| F|  |TAMS 0x0000000704d00000, 0x0000000704d00000| Untracked 
|  30|0x0000000704e00000, 0x0000000704e00000, 0x0000000704f00000|  0%| F|  |TAMS 0x0000000704e00000, 0x0000000704e00000| Untracked 
|  31|0x0000000704f00000, 0x0000000704f00000, 0x0000000705000000|  0%| F|  |TAMS 0x0000000704f00000, 0x0000000704f00000| Untracked 
|  32|0x0000000705000000, 0x0000000705000000, 0x0000000705100000|  0%| F|  |TAMS 0x0000000705000000, 0x0000000705000000| Untracked 
|  33|0x0000000705100000, 0x0000000705100000, 0x0000000705200000|  0%| F|  |TAMS 0x0000000705100000, 0x0000000705100000| Untracked 
|  34|0x0000000705200000, 0x0000000705200000, 0x0000000705300000|  0%| F|  |TAMS 0x0000000705200000, 0x0000000705200000| Untracked 
|  35|0x0000000705300000, 0x0000000705300000, 0x0000000705400000|  0%| F|  |TAMS 0x0000000705300000, 0x0000000705300000| Untracked 
|  36|0x0000000705400000, 0x0000000705400000, 0x0000000705500000|  0%| F|  |TAMS 0x0000000705400000, 0x0000000705400000| Untracked 
|  37|0x0000000705500000, 0x0000000705500000, 0x0000000705600000|  0%| F|  |TAMS 0x0000000705500000, 0x0000000705500000| Untracked 
|  38|0x0000000705600000, 0x0000000705600000, 0x0000000705700000|  0%| F|  |TAMS 0x0000000705600000, 0x0000000705600000| Untracked 
|  39|0x0000000705700000, 0x0000000705700000, 0x0000000705800000|  0%| F|  |TAMS 0x0000000705700000, 0x0000000705700000| Untracked 
|  40|0x0000000705800000, 0x0000000705800000, 0x0000000705900000|  0%| F|  |TAMS 0x0000000705800000, 0x0000000705800000| Untracked 
|  41|0x0000000705900000, 0x0000000705900000, 0x0000000705a00000|  0%| F|  |TAMS 0x0000000705900000, 0x0000000705900000| Untracked 
|  42|0x0000000705a00000, 0x0000000705a00000, 0x0000000705b00000|  0%| F|  |TAMS 0x0000000705a00000, 0x0000000705a00000| Untracked 
|  43|0x0000000705b00000, 0x0000000705b00000, 0x0000000705c00000|  0%| F|  |TAMS 0x0000000705b00000, 0x0000000705b00000| Untracked 
|  44|0x0000000705c00000, 0x0000000705c00000, 0x0000000705d00000|  0%| F|  |TAMS 0x0000000705c00000, 0x0000000705c00000| Untracked 
|  45|0x0000000705d00000, 0x0000000705d00000, 0x0000000705e00000|  0%| F|  |TAMS 0x0000000705d00000, 0x0000000705d00000| Untracked 
|  46|0x0000000705e00000, 0x0000000705e00000, 0x0000000705f00000|  0%| F|  |TAMS 0x0000000705e00000, 0x0000000705e00000| Untracked 
|  47|0x0000000705f00000, 0x0000000705f00000, 0x0000000706000000|  0%| F|  |TAMS 0x0000000705f00000, 0x0000000705f00000| Untracked 
|  48|0x0000000706000000, 0x0000000706000000, 0x0000000706100000|  0%| F|  |TAMS 0x0000000706000000, 0x0000000706000000| Untracked 
|  49|0x0000000706100000, 0x0000000706100000, 0x0000000706200000|  0%| F|  |TAMS 0x0000000706100000, 0x0000000706100000| Untracked 
|  50|0x0000000706200000, 0x0000000706200000, 0x0000000706300000|  0%| F|  |TAMS 0x0000000706200000, 0x0000000706200000| Untracked 
|  51|0x0000000706300000, 0x0000000706300000, 0x0000000706400000|  0%| F|  |TAMS 0x0000000706300000, 0x0000000706300000| Untracked 
|  52|0x0000000706400000, 0x0000000706400000, 0x0000000706500000|  0%| F|  |TAMS 0x0000000706400000, 0x0000000706400000| Untracked 
|  53|0x0000000706500000, 0x0000000706500000, 0x0000000706600000|  0%| F|  |TAMS 0x0000000706500000, 0x0000000706500000| Untracked 
|  54|0x0000000706600000, 0x0000000706600000, 0x0000000706700000|  0%| F|  |TAMS 0x0000000706600000, 0x0000000706600000| Untracked 
|  55|0x0000000706700000, 0x0000000706700000, 0x0000000706800000|  0%| F|  |TAMS 0x0000000706700000, 0x0000000706700000| Untracked 
|  56|0x0000000706800000, 0x0000000706800000, 0x0000000706900000|  0%| F|  |TAMS 0x0000000706800000, 0x0000000706800000| Untracked 
|  57|0x0000000706900000, 0x0000000706900000, 0x0000000706a00000|  0%| F|  |TAMS 0x0000000706900000, 0x0000000706900000| Untracked 
|  58|0x0000000706a00000, 0x0000000706a00000, 0x0000000706b00000|  0%| F|  |TAMS 0x0000000706a00000, 0x0000000706a00000| Untracked 
|  59|0x0000000706b00000, 0x0000000706b00000, 0x0000000706c00000|  0%| F|  |TAMS 0x0000000706b00000, 0x0000000706b00000| Untracked 
|  60|0x0000000706c00000, 0x0000000706c00000, 0x0000000706d00000|  0%| F|  |TAMS 0x0000000706c00000, 0x0000000706c00000| Untracked 
|  61|0x0000000706d00000, 0x0000000706d00000, 0x0000000706e00000|  0%| F|  |TAMS 0x0000000706d00000, 0x0000000706d00000| Untracked 
|  62|0x0000000706e00000, 0x0000000706e00000, 0x0000000706f00000|  0%| F|  |TAMS 0x0000000706e00000, 0x0000000706e00000| Untracked 
|  63|0x0000000706f00000, 0x0000000706f00000, 0x0000000707000000|  0%| F|  |TAMS 0x0000000706f00000, 0x0000000706f00000| Untracked 
|  64|0x0000000707000000, 0x0000000707000000, 0x0000000707100000|  0%| F|  |TAMS 0x0000000707000000, 0x0000000707000000| Untracked 
|  65|0x0000000707100000, 0x0000000707100000, 0x0000000707200000|  0%| F|  |TAMS 0x0000000707100000, 0x0000000707100000| Untracked 
|  66|0x0000000707200000, 0x0000000707200000, 0x0000000707300000|  0%| F|  |TAMS 0x0000000707200000, 0x0000000707200000| Untracked 
|  67|0x0000000707300000, 0x0000000707300000, 0x0000000707400000|  0%| F|  |TAMS 0x0000000707300000, 0x0000000707300000| Untracked 
|  68|0x0000000707400000, 0x0000000707400000, 0x0000000707500000|  0%| F|  |TAMS 0x0000000707400000, 0x0000000707400000| Untracked 
|  69|0x0000000707500000, 0x0000000707500000, 0x0000000707600000|  0%| F|  |TAMS 0x0000000707500000, 0x0000000707500000| Untracked 
|  70|0x0000000707600000, 0x0000000707600000, 0x0000000707700000|  0%| F|  |TAMS 0x0000000707600000, 0x0000000707600000| Untracked 
|  71|0x0000000707700000, 0x0000000707700000, 0x0000000707800000|  0%| F|  |TAMS 0x0000000707700000, 0x0000000707700000| Untracked 
|  72|0x0000000707800000, 0x0000000707800000, 0x0000000707900000|  0%| F|  |TAMS 0x0000000707800000, 0x0000000707800000| Untracked 
|  73|0x0000000707900000, 0x0000000707900000, 0x0000000707a00000|  0%| F|  |TAMS 0x0000000707900000, 0x0000000707900000| Untracked 
|  74|0x0000000707a00000, 0x0000000707a00000, 0x0000000707b00000|  0%| F|  |TAMS 0x0000000707a00000, 0x0000000707a00000| Untracked 
|  75|0x0000000707b00000, 0x0000000707b00000, 0x0000000707c00000|  0%| F|  |TAMS 0x0000000707b00000, 0x0000000707b00000| Untracked 
|  76|0x0000000707c00000, 0x0000000707c00000, 0x0000000707d00000|  0%| F|  |TAMS 0x0000000707c00000, 0x0000000707c00000| Untracked 
|  77|0x0000000707d00000, 0x0000000707d00000, 0x0000000707e00000|  0%| F|  |TAMS 0x0000000707d00000, 0x0000000707d00000| Untracked 
|  78|0x0000000707e00000, 0x0000000707e00000, 0x0000000707f00000|  0%| F|  |TAMS 0x0000000707e00000, 0x0000000707e00000| Untracked 
|  79|0x0000000707f00000, 0x0000000707f00000, 0x0000000708000000|  0%| F|  |TAMS 0x0000000707f00000, 0x0000000707f00000| Untracked 
|  80|0x0000000708000000, 0x0000000708000000, 0x0000000708100000|  0%| F|  |TAMS 0x0000000708000000, 0x0000000708000000| Untracked 
|  81|0x0000000708100000, 0x0000000708100000, 0x0000000708200000|  0%| F|  |TAMS 0x0000000708100000, 0x0000000708100000| Untracked 
|  82|0x0000000708200000, 0x0000000708200000, 0x0000000708300000|  0%| F|  |TAMS 0x0000000708200000, 0x0000000708200000| Untracked 
|  83|0x0000000708300000, 0x0000000708300000, 0x0000000708400000|  0%| F|  |TAMS 0x0000000708300000, 0x0000000708300000| Untracked 
|  84|0x0000000708400000, 0x0000000708400000, 0x0000000708500000|  0%| F|  |TAMS 0x0000000708400000, 0x0000000708400000| Untracked 
|  85|0x0000000708500000, 0x0000000708500000, 0x0000000708600000|  0%| F|  |TAMS 0x0000000708500000, 0x0000000708500000| Untracked 
|  86|0x0000000708600000, 0x0000000708600000, 0x0000000708700000|  0%| F|  |TAMS 0x0000000708600000, 0x0000000708600000| Untracked 
|  87|0x0000000708700000, 0x0000000708700000, 0x0000000708800000|  0%| F|  |TAMS 0x0000000708700000, 0x0000000708700000| Untracked 
|  88|0x0000000708800000, 0x0000000708800000, 0x0000000708900000|  0%| F|  |TAMS 0x0000000708800000, 0x0000000708800000| Untracked 
|  89|0x0000000708900000, 0x0000000708900000, 0x0000000708a00000|  0%| F|  |TAMS 0x0000000708900000, 0x0000000708900000| Untracked 
|  90|0x0000000708a00000, 0x0000000708a00000, 0x0000000708b00000|  0%| F|  |TAMS 0x0000000708a00000, 0x0000000708a00000| Untracked 
|  91|0x0000000708b00000, 0x0000000708b00000, 0x0000000708c00000|  0%| F|  |TAMS 0x0000000708b00000, 0x0000000708b00000| Untracked 
|  92|0x0000000708c00000, 0x0000000708c00000, 0x0000000708d00000|  0%| F|  |TAMS 0x0000000708c00000, 0x0000000708c00000| Untracked 
|  93|0x0000000708d00000, 0x0000000708d00000, 0x0000000708e00000|  0%| F|  |TAMS 0x0000000708d00000, 0x0000000708d00000| Untracked 
|  94|0x0000000708e00000, 0x0000000708e00000, 0x0000000708f00000|  0%| F|  |TAMS 0x0000000708e00000, 0x0000000708e00000| Untracked 
|  95|0x0000000708f00000, 0x0000000708f00000, 0x0000000709000000|  0%| F|  |TAMS 0x0000000708f00000, 0x0000000708f00000| Untracked 
|  96|0x0000000709000000, 0x0000000709000000, 0x0000000709100000|  0%| F|  |TAMS 0x0000000709000000, 0x0000000709000000| Untracked 
|  97|0x0000000709100000, 0x0000000709100000, 0x0000000709200000|  0%| F|  |TAMS 0x0000000709100000, 0x0000000709100000| Untracked 
|  98|0x0000000709200000, 0x0000000709200000, 0x0000000709300000|  0%| F|  |TAMS 0x0000000709200000, 0x0000000709200000| Untracked 
|  99|0x0000000709300000, 0x0000000709300000, 0x0000000709400000|  0%| F|  |TAMS 0x0000000709300000, 0x0000000709300000| Untracked 
| 100|0x0000000709400000, 0x0000000709400000, 0x0000000709500000|  0%| F|  |TAMS 0x0000000709400000, 0x0000000709400000| Untracked 
| 101|0x0000000709500000, 0x0000000709500000, 0x0000000709600000|  0%| F|  |TAMS 0x0000000709500000, 0x0000000709500000| Untracked 
| 102|0x0000000709600000, 0x0000000709600000, 0x0000000709700000|  0%| F|  |TAMS 0x0000000709600000, 0x0000000709600000| Untracked 
| 103|0x0000000709700000, 0x0000000709700000, 0x0000000709800000|  0%| F|  |TAMS 0x0000000709700000, 0x0000000709700000| Untracked 
| 104|0x0000000709800000, 0x0000000709800000, 0x0000000709900000|  0%| F|  |TAMS 0x0000000709800000, 0x0000000709800000| Untracked 
| 105|0x0000000709900000, 0x0000000709900000, 0x0000000709a00000|  0%| F|  |TAMS 0x0000000709900000, 0x0000000709900000| Untracked 
| 106|0x0000000709a00000, 0x0000000709a00000, 0x0000000709b00000|  0%| F|  |TAMS 0x0000000709a00000, 0x0000000709a00000| Untracked 
| 107|0x0000000709b00000, 0x0000000709b00000, 0x0000000709c00000|  0%| F|  |TAMS 0x0000000709b00000, 0x0000000709b00000| Untracked 
| 108|0x0000000709c00000, 0x0000000709c00000, 0x0000000709d00000|  0%| F|  |TAMS 0x0000000709c00000, 0x0000000709c00000| Untracked 
| 109|0x0000000709d00000, 0x0000000709d00000, 0x0000000709e00000|  0%| F|  |TAMS 0x0000000709d00000, 0x0000000709d00000| Untracked 
| 110|0x0000000709e00000, 0x0000000709e00000, 0x0000000709f00000|  0%| F|  |TAMS 0x0000000709e00000, 0x0000000709e00000| Untracked 
| 111|0x0000000709f00000, 0x0000000709f00000, 0x000000070a000000|  0%| F|  |TAMS 0x0000000709f00000, 0x0000000709f00000| Untracked 
| 112|0x000000070a000000, 0x000000070a034720, 0x000000070a100000| 20%| S|CS|TAMS 0x000000070a000000, 0x000000070a000000| Complete 
| 113|0x000000070a100000, 0x000000070a200000, 0x000000070a200000|100%| S|CS|TAMS 0x000000070a100000, 0x000000070a100000| Complete 
| 114|0x000000070a200000, 0x000000070a300000, 0x000000070a300000|100%| S|CS|TAMS 0x000000070a200000, 0x000000070a200000| Complete 
| 115|0x000000070a300000, 0x000000070a400000, 0x000000070a400000|100%| S|CS|TAMS 0x000000070a300000, 0x000000070a300000| Complete 
| 116|0x000000070a400000, 0x000000070a500000, 0x000000070a500000|100%| S|CS|TAMS 0x000000070a400000, 0x000000070a400000| Complete 
| 117|0x000000070a500000, 0x000000070a600000, 0x000000070a600000|100%| S|CS|TAMS 0x000000070a500000, 0x000000070a500000| Complete 
| 118|0x000000070a600000, 0x000000070a700000, 0x000000070a700000|100%| S|CS|TAMS 0x000000070a600000, 0x000000070a600000| Complete 
| 119|0x000000070a700000, 0x000000070a800000, 0x000000070a800000|100%| S|CS|TAMS 0x000000070a700000, 0x000000070a700000| Complete 
| 120|0x000000070a800000, 0x000000070a900000, 0x000000070a900000|100%| S|CS|TAMS 0x000000070a800000, 0x000000070a800000| Complete 
| 121|0x000000070a900000, 0x000000070aa00000, 0x000000070aa00000|100%| S|CS|TAMS 0x000000070a900000, 0x000000070a900000| Complete 
| 122|0x000000070aa00000, 0x000000070aa00000, 0x000000070ab00000|  0%| F|  |TAMS 0x000000070aa00000, 0x000000070aa00000| Untracked 
| 123|0x000000070ab00000, 0x000000070ab00000, 0x000000070ac00000|  0%| F|  |TAMS 0x000000070ab00000, 0x000000070ab00000| Untracked 
| 124|0x000000070ac00000, 0x000000070ac00000, 0x000000070ad00000|  0%| F|  |TAMS 0x000000070ac00000, 0x000000070ac00000| Untracked 
| 125|0x000000070ad00000, 0x000000070ad00000, 0x000000070ae00000|  0%| F|  |TAMS 0x000000070ad00000, 0x000000070ad00000| Untracked 
| 126|0x000000070ae00000, 0x000000070ae00000, 0x000000070af00000|  0%| F|  |TAMS 0x000000070ae00000, 0x000000070ae00000| Untracked 
| 127|0x000000070af00000, 0x000000070af00000, 0x000000070b000000|  0%| F|  |TAMS 0x000000070af00000, 0x000000070af00000| Untracked 
| 128|0x000000070b000000, 0x000000070b000000, 0x000000070b100000|  0%| F|  |TAMS 0x000000070b000000, 0x000000070b000000| Untracked 
| 129|0x000000070b100000, 0x000000070b100000, 0x000000070b200000|  0%| F|  |TAMS 0x000000070b100000, 0x000000070b100000| Untracked 
| 130|0x000000070b200000, 0x000000070b200000, 0x000000070b300000|  0%| F|  |TAMS 0x000000070b200000, 0x000000070b200000| Untracked 
| 131|0x000000070b300000, 0x000000070b300000, 0x000000070b400000|  0%| F|  |TAMS 0x000000070b300000, 0x000000070b300000| Untracked 
| 132|0x000000070b400000, 0x000000070b400000, 0x000000070b500000|  0%| F|  |TAMS 0x000000070b400000, 0x000000070b400000| Untracked 
| 133|0x000000070b500000, 0x000000070b500000, 0x000000070b600000|  0%| F|  |TAMS 0x000000070b500000, 0x000000070b500000| Untracked 
| 134|0x000000070b600000, 0x000000070b600000, 0x000000070b700000|  0%| F|  |TAMS 0x000000070b600000, 0x000000070b600000| Untracked 
| 135|0x000000070b700000, 0x000000070b700000, 0x000000070b800000|  0%| F|  |TAMS 0x000000070b700000, 0x000000070b700000| Untracked 
| 136|0x000000070b800000, 0x000000070b800000, 0x000000070b900000|  0%| F|  |TAMS 0x000000070b800000, 0x000000070b800000| Untracked 
| 137|0x000000070b900000, 0x000000070b900000, 0x000000070ba00000|  0%| F|  |TAMS 0x000000070b900000, 0x000000070b900000| Untracked 
| 138|0x000000070ba00000, 0x000000070ba00000, 0x000000070bb00000|  0%| F|  |TAMS 0x000000070ba00000, 0x000000070ba00000| Untracked 
| 139|0x000000070bb00000, 0x000000070bb00000, 0x000000070bc00000|  0%| F|  |TAMS 0x000000070bb00000, 0x000000070bb00000| Untracked 
| 140|0x000000070bc00000, 0x000000070bc00000, 0x000000070bd00000|  0%| F|  |TAMS 0x000000070bc00000, 0x000000070bc00000| Untracked 
| 141|0x000000070bd00000, 0x000000070bd00000, 0x000000070be00000|  0%| F|  |TAMS 0x000000070bd00000, 0x000000070bd00000| Untracked 
| 142|0x000000070be00000, 0x000000070be00000, 0x000000070bf00000|  0%| F|  |TAMS 0x000000070be00000, 0x000000070be00000| Untracked 
| 143|0x000000070bf00000, 0x000000070bf00000, 0x000000070c000000|  0%| F|  |TAMS 0x000000070bf00000, 0x000000070bf00000| Untracked 
| 144|0x000000070c000000, 0x000000070c000000, 0x000000070c100000|  0%| F|  |TAMS 0x000000070c000000, 0x000000070c000000| Untracked 
| 145|0x000000070c100000, 0x000000070c100000, 0x000000070c200000|  0%| F|  |TAMS 0x000000070c100000, 0x000000070c100000| Untracked 
| 146|0x000000070c200000, 0x000000070c200000, 0x000000070c300000|  0%| F|  |TAMS 0x000000070c200000, 0x000000070c200000| Untracked 
| 147|0x000000070c300000, 0x000000070c300000, 0x000000070c400000|  0%| F|  |TAMS 0x000000070c300000, 0x000000070c300000| Untracked 
| 148|0x000000070c400000, 0x000000070c400000, 0x000000070c500000|  0%| F|  |TAMS 0x000000070c400000, 0x000000070c400000| Untracked 
| 149|0x000000070c500000, 0x000000070c500000, 0x000000070c600000|  0%| F|  |TAMS 0x000000070c500000, 0x000000070c500000| Untracked 
| 150|0x000000070c600000, 0x000000070c600000, 0x000000070c700000|  0%| F|  |TAMS 0x000000070c600000, 0x000000070c600000| Untracked 
| 151|0x000000070c700000, 0x000000070c700000, 0x000000070c800000|  0%| F|  |TAMS 0x000000070c700000, 0x000000070c700000| Untracked 
| 152|0x000000070c800000, 0x000000070c800000, 0x000000070c900000|  0%| F|  |TAMS 0x000000070c800000, 0x000000070c800000| Untracked 
| 153|0x000000070c900000, 0x000000070c900000, 0x000000070ca00000|  0%| F|  |TAMS 0x000000070c900000, 0x000000070c900000| Untracked 
| 154|0x000000070ca00000, 0x000000070ca00000, 0x000000070cb00000|  0%| F|  |TAMS 0x000000070ca00000, 0x000000070ca00000| Untracked 
| 155|0x000000070cb00000, 0x000000070cb00000, 0x000000070cc00000|  0%| F|  |TAMS 0x000000070cb00000, 0x000000070cb00000| Untracked 
| 156|0x000000070cc00000, 0x000000070cc00000, 0x000000070cd00000|  0%| F|  |TAMS 0x000000070cc00000, 0x000000070cc00000| Untracked 
| 157|0x000000070cd00000, 0x000000070cd00000, 0x000000070ce00000|  0%| F|  |TAMS 0x000000070cd00000, 0x000000070cd00000| Untracked 
| 158|0x000000070ce00000, 0x000000070ce00000, 0x000000070cf00000|  0%| F|  |TAMS 0x000000070ce00000, 0x000000070ce00000| Untracked 
| 159|0x000000070cf00000, 0x000000070cf00000, 0x000000070d000000|  0%| F|  |TAMS 0x000000070cf00000, 0x000000070cf00000| Untracked 
| 160|0x000000070d000000, 0x000000070d000000, 0x000000070d100000|  0%| F|  |TAMS 0x000000070d000000, 0x000000070d000000| Untracked 
| 161|0x000000070d100000, 0x000000070d100000, 0x000000070d200000|  0%| F|  |TAMS 0x000000070d100000, 0x000000070d100000| Untracked 
| 162|0x000000070d200000, 0x000000070d200000, 0x000000070d300000|  0%| F|  |TAMS 0x000000070d200000, 0x000000070d200000| Untracked 
| 163|0x000000070d300000, 0x000000070d300000, 0x000000070d400000|  0%| F|  |TAMS 0x000000070d300000, 0x000000070d300000| Untracked 
| 164|0x000000070d400000, 0x000000070d400000, 0x000000070d500000|  0%| F|  |TAMS 0x000000070d400000, 0x000000070d400000| Untracked 
| 165|0x000000070d500000, 0x000000070d5c5038, 0x000000070d600000| 76%| E|  |TAMS 0x000000070d500000, 0x000000070d500000| Complete 
| 166|0x000000070d600000, 0x000000070d700000, 0x000000070d700000|100%| E|CS|TAMS 0x000000070d600000, 0x000000070d600000| Complete 
| 167|0x000000070d700000, 0x000000070d800000, 0x000000070d800000|100%| E|CS|TAMS 0x000000070d700000, 0x000000070d700000| Complete 
| 168|0x000000070d800000, 0x000000070d900000, 0x000000070d900000|100%| E|CS|TAMS 0x000000070d800000, 0x000000070d800000| Complete 
| 169|0x000000070d900000, 0x000000070da00000, 0x000000070da00000|100%| E|CS|TAMS 0x000000070d900000, 0x000000070d900000| Complete 
| 170|0x000000070da00000, 0x000000070db00000, 0x000000070db00000|100%| E|CS|TAMS 0x000000070da00000, 0x000000070da00000| Complete 
| 171|0x000000070db00000, 0x000000070dc00000, 0x000000070dc00000|100%| E|CS|TAMS 0x000000070db00000, 0x000000070db00000| Complete 
| 172|0x000000070dc00000, 0x000000070dd00000, 0x000000070dd00000|100%| E|CS|TAMS 0x000000070dc00000, 0x000000070dc00000| Complete 
| 173|0x000000070dd00000, 0x000000070de00000, 0x000000070de00000|100%| E|CS|TAMS 0x000000070dd00000, 0x000000070dd00000| Complete 
| 174|0x000000070de00000, 0x000000070df00000, 0x000000070df00000|100%| E|CS|TAMS 0x000000070de00000, 0x000000070de00000| Complete 
| 175|0x000000070df00000, 0x000000070e000000, 0x000000070e000000|100%| E|CS|TAMS 0x000000070df00000, 0x000000070df00000| Complete 
| 176|0x000000070e000000, 0x000000070e100000, 0x000000070e100000|100%| E|CS|TAMS 0x000000070e000000, 0x000000070e000000| Complete 
| 177|0x000000070e100000, 0x000000070e200000, 0x000000070e200000|100%| E|CS|TAMS 0x000000070e100000, 0x000000070e100000| Complete 
| 178|0x000000070e200000, 0x000000070e300000, 0x000000070e300000|100%| E|CS|TAMS 0x000000070e200000, 0x000000070e200000| Complete 
| 179|0x000000070e300000, 0x000000070e400000, 0x000000070e400000|100%| E|  |TAMS 0x000000070e300000, 0x000000070e300000| Complete 
| 180|0x000000070e400000, 0x000000070e500000, 0x000000070e500000|100%| E|CS|TAMS 0x000000070e400000, 0x000000070e400000| Complete 
| 181|0x000000070e500000, 0x000000070e600000, 0x000000070e600000|100%| E|CS|TAMS 0x000000070e500000, 0x000000070e500000| Complete 
| 182|0x000000070e600000, 0x000000070e700000, 0x000000070e700000|100%| E|CS|TAMS 0x000000070e600000, 0x000000070e600000| Complete 
| 183|0x000000070e700000, 0x000000070e800000, 0x000000070e800000|100%| E|CS|TAMS 0x000000070e700000, 0x000000070e700000| Complete 
| 184|0x000000070e800000, 0x000000070e900000, 0x000000070e900000|100%| E|CS|TAMS 0x000000070e800000, 0x000000070e800000| Complete 
| 185|0x000000070e900000, 0x000000070ea00000, 0x000000070ea00000|100%| E|CS|TAMS 0x000000070e900000, 0x000000070e900000| Complete 
| 186|0x000000070ea00000, 0x000000070eb00000, 0x000000070eb00000|100%| E|CS|TAMS 0x000000070ea00000, 0x000000070ea00000| Complete 
| 187|0x000000070eb00000, 0x000000070ec00000, 0x000000070ec00000|100%| E|CS|TAMS 0x000000070eb00000, 0x000000070eb00000| Complete 
| 188|0x000000070ec00000, 0x000000070ed00000, 0x000000070ed00000|100%| E|CS|TAMS 0x000000070ec00000, 0x000000070ec00000| Complete 
| 189|0x000000070ed00000, 0x000000070ee00000, 0x000000070ee00000|100%| E|CS|TAMS 0x000000070ed00000, 0x000000070ed00000| Complete 
| 190|0x000000070ee00000, 0x000000070ef00000, 0x000000070ef00000|100%| E|CS|TAMS 0x000000070ee00000, 0x000000070ee00000| Complete 
| 191|0x000000070ef00000, 0x000000070f000000, 0x000000070f000000|100%| E|CS|TAMS 0x000000070ef00000, 0x000000070ef00000| Complete 
| 192|0x000000070f000000, 0x000000070f100000, 0x000000070f100000|100%| E|CS|TAMS 0x000000070f000000, 0x000000070f000000| Complete 
| 193|0x000000070f100000, 0x000000070f200000, 0x000000070f200000|100%| E|CS|TAMS 0x000000070f100000, 0x000000070f100000| Complete 
| 194|0x000000070f200000, 0x000000070f300000, 0x000000070f300000|100%| E|CS|TAMS 0x000000070f200000, 0x000000070f200000| Complete 
| 195|0x000000070f300000, 0x000000070f400000, 0x000000070f400000|100%| E|CS|TAMS 0x000000070f300000, 0x000000070f300000| Complete 
| 196|0x000000070f400000, 0x000000070f500000, 0x000000070f500000|100%| E|CS|TAMS 0x000000070f400000, 0x000000070f400000| Complete 
| 197|0x000000070f500000, 0x000000070f600000, 0x000000070f600000|100%| E|CS|TAMS 0x000000070f500000, 0x000000070f500000| Complete 
| 198|0x000000070f600000, 0x000000070f700000, 0x000000070f700000|100%| E|CS|TAMS 0x000000070f600000, 0x000000070f600000| Complete 
| 199|0x000000070f700000, 0x000000070f800000, 0x000000070f800000|100%| E|CS|TAMS 0x000000070f700000, 0x000000070f700000| Complete 
| 200|0x000000070f800000, 0x000000070f900000, 0x000000070f900000|100%| E|CS|TAMS 0x000000070f800000, 0x000000070f800000| Complete 
| 201|0x000000070f900000, 0x000000070fa00000, 0x000000070fa00000|100%| E|CS|TAMS 0x000000070f900000, 0x000000070f900000| Complete 
| 202|0x000000070fa00000, 0x000000070fb00000, 0x000000070fb00000|100%| E|CS|TAMS 0x000000070fa00000, 0x000000070fa00000| Complete 
| 203|0x000000070fb00000, 0x000000070fc00000, 0x000000070fc00000|100%| E|CS|TAMS 0x000000070fb00000, 0x000000070fb00000| Complete 
| 204|0x000000070fc00000, 0x000000070fd00000, 0x000000070fd00000|100%| E|CS|TAMS 0x000000070fc00000, 0x000000070fc00000| Complete 
| 205|0x000000070fd00000, 0x000000070fe00000, 0x000000070fe00000|100%| E|CS|TAMS 0x000000070fd00000, 0x000000070fd00000| Complete 
| 206|0x000000070fe00000, 0x000000070ff00000, 0x000000070ff00000|100%| E|CS|TAMS 0x000000070fe00000, 0x000000070fe00000| Complete 
| 207|0x000000070ff00000, 0x0000000710000000, 0x0000000710000000|100%| E|CS|TAMS 0x000000070ff00000, 0x000000070ff00000| Complete 
| 208|0x0000000710000000, 0x0000000710100000, 0x0000000710100000|100%| E|CS|TAMS 0x0000000710000000, 0x0000000710000000| Complete 
| 209|0x0000000710100000, 0x0000000710200000, 0x0000000710200000|100%| E|CS|TAMS 0x0000000710100000, 0x0000000710100000| Complete 
| 210|0x0000000710200000, 0x0000000710300000, 0x0000000710300000|100%| E|CS|TAMS 0x0000000710200000, 0x0000000710200000| Complete 
| 211|0x0000000710300000, 0x0000000710400000, 0x0000000710400000|100%| E|CS|TAMS 0x0000000710300000, 0x0000000710300000| Complete 
| 212|0x0000000710400000, 0x0000000710500000, 0x0000000710500000|100%| E|CS|TAMS 0x0000000710400000, 0x0000000710400000| Complete 
| 213|0x0000000710500000, 0x0000000710600000, 0x0000000710600000|100%| E|CS|TAMS 0x0000000710500000, 0x0000000710500000| Complete 
| 214|0x0000000710600000, 0x0000000710700000, 0x0000000710700000|100%| E|CS|TAMS 0x0000000710600000, 0x0000000710600000| Complete 
| 215|0x0000000710700000, 0x0000000710800000, 0x0000000710800000|100%| E|CS|TAMS 0x0000000710700000, 0x0000000710700000| Complete 
| 216|0x0000000710800000, 0x0000000710900000, 0x0000000710900000|100%| E|CS|TAMS 0x0000000710800000, 0x0000000710800000| Complete 
| 217|0x0000000710900000, 0x0000000710a00000, 0x0000000710a00000|100%| E|CS|TAMS 0x0000000710900000, 0x0000000710900000| Complete 
| 218|0x0000000710a00000, 0x0000000710b00000, 0x0000000710b00000|100%| E|CS|TAMS 0x0000000710a00000, 0x0000000710a00000| Complete 
| 219|0x0000000710b00000, 0x0000000710c00000, 0x0000000710c00000|100%| E|CS|TAMS 0x0000000710b00000, 0x0000000710b00000| Complete 
| 220|0x0000000710c00000, 0x0000000710d00000, 0x0000000710d00000|100%| E|CS|TAMS 0x0000000710c00000, 0x0000000710c00000| Complete 
| 221|0x0000000710d00000, 0x0000000710e00000, 0x0000000710e00000|100%| E|CS|TAMS 0x0000000710d00000, 0x0000000710d00000| Complete 
| 222|0x0000000710e00000, 0x0000000710f00000, 0x0000000710f00000|100%| E|CS|TAMS 0x0000000710e00000, 0x0000000710e00000| Complete 
| 223|0x0000000710f00000, 0x0000000711000000, 0x0000000711000000|100%| E|CS|TAMS 0x0000000710f00000, 0x0000000710f00000| Complete 
| 224|0x0000000711000000, 0x0000000711100000, 0x0000000711100000|100%| E|CS|TAMS 0x0000000711000000, 0x0000000711000000| Complete 
| 225|0x0000000711100000, 0x0000000711200000, 0x0000000711200000|100%| E|CS|TAMS 0x0000000711100000, 0x0000000711100000| Complete 
| 226|0x0000000711200000, 0x0000000711300000, 0x0000000711300000|100%| E|CS|TAMS 0x0000000711200000, 0x0000000711200000| Complete 
| 227|0x0000000711300000, 0x0000000711400000, 0x0000000711400000|100%| E|CS|TAMS 0x0000000711300000, 0x0000000711300000| Complete 
| 228|0x0000000711400000, 0x0000000711500000, 0x0000000711500000|100%| E|CS|TAMS 0x0000000711400000, 0x0000000711400000| Complete 
| 229|0x0000000711500000, 0x0000000711600000, 0x0000000711600000|100%| E|CS|TAMS 0x0000000711500000, 0x0000000711500000| Complete 
| 230|0x0000000711600000, 0x0000000711700000, 0x0000000711700000|100%| E|CS|TAMS 0x0000000711600000, 0x0000000711600000| Complete 
| 231|0x0000000711700000, 0x0000000711800000, 0x0000000711800000|100%| E|CS|TAMS 0x0000000711700000, 0x0000000711700000| Complete 
| 232|0x0000000711800000, 0x0000000711900000, 0x0000000711900000|100%| E|CS|TAMS 0x0000000711800000, 0x0000000711800000| Complete 
| 233|0x0000000711900000, 0x0000000711a00000, 0x0000000711a00000|100%| E|CS|TAMS 0x0000000711900000, 0x0000000711900000| Complete 
| 234|0x0000000711a00000, 0x0000000711b00000, 0x0000000711b00000|100%| E|CS|TAMS 0x0000000711a00000, 0x0000000711a00000| Complete 
| 235|0x0000000711b00000, 0x0000000711c00000, 0x0000000711c00000|100%| E|CS|TAMS 0x0000000711b00000, 0x0000000711b00000| Complete 
| 236|0x0000000711c00000, 0x0000000711d00000, 0x0000000711d00000|100%| E|CS|TAMS 0x0000000711c00000, 0x0000000711c00000| Complete 
| 237|0x0000000711d00000, 0x0000000711e00000, 0x0000000711e00000|100%| E|CS|TAMS 0x0000000711d00000, 0x0000000711d00000| Complete 
| 238|0x0000000711e00000, 0x0000000711f00000, 0x0000000711f00000|100%| E|CS|TAMS 0x0000000711e00000, 0x0000000711e00000| Complete 
| 239|0x0000000711f00000, 0x0000000712000000, 0x0000000712000000|100%| E|CS|TAMS 0x0000000711f00000, 0x0000000711f00000| Complete 
| 240|0x0000000712000000, 0x0000000712100000, 0x0000000712100000|100%| E|CS|TAMS 0x0000000712000000, 0x0000000712000000| Complete 
| 241|0x0000000712100000, 0x0000000712200000, 0x0000000712200000|100%| E|CS|TAMS 0x0000000712100000, 0x0000000712100000| Complete 
| 242|0x0000000712200000, 0x0000000712300000, 0x0000000712300000|100%| E|CS|TAMS 0x0000000712200000, 0x0000000712200000| Complete 
| 243|0x0000000712300000, 0x0000000712400000, 0x0000000712400000|100%| E|CS|TAMS 0x0000000712300000, 0x0000000712300000| Complete 
| 244|0x0000000712400000, 0x0000000712500000, 0x0000000712500000|100%| E|CS|TAMS 0x0000000712400000, 0x0000000712400000| Complete 
| 245|0x0000000712500000, 0x0000000712600000, 0x0000000712600000|100%| E|CS|TAMS 0x0000000712500000, 0x0000000712500000| Complete 
| 246|0x0000000712600000, 0x0000000712700000, 0x0000000712700000|100%| E|CS|TAMS 0x0000000712600000, 0x0000000712600000| Complete 
| 247|0x0000000712700000, 0x0000000712800000, 0x0000000712800000|100%| E|CS|TAMS 0x0000000712700000, 0x0000000712700000| Complete 
| 248|0x0000000712800000, 0x0000000712900000, 0x0000000712900000|100%| E|CS|TAMS 0x0000000712800000, 0x0000000712800000| Complete 
| 249|0x0000000712900000, 0x0000000712a00000, 0x0000000712a00000|100%| E|CS|TAMS 0x0000000712900000, 0x0000000712900000| Complete 
| 250|0x0000000712a00000, 0x0000000712b00000, 0x0000000712b00000|100%| E|CS|TAMS 0x0000000712a00000, 0x0000000712a00000| Complete 
| 251|0x0000000712b00000, 0x0000000712c00000, 0x0000000712c00000|100%| E|CS|TAMS 0x0000000712b00000, 0x0000000712b00000| Complete 
| 252|0x0000000712c00000, 0x0000000712d00000, 0x0000000712d00000|100%| E|CS|TAMS 0x0000000712c00000, 0x0000000712c00000| Complete 
| 253|0x0000000712d00000, 0x0000000712e00000, 0x0000000712e00000|100%| E|CS|TAMS 0x0000000712d00000, 0x0000000712d00000| Complete 
| 254|0x0000000712e00000, 0x0000000712f00000, 0x0000000712f00000|100%| E|CS|TAMS 0x0000000712e00000, 0x0000000712e00000| Complete 
| 255|0x0000000712f00000, 0x0000000713000000, 0x0000000713000000|100%| E|CS|TAMS 0x0000000712f00000, 0x0000000712f00000| Complete 
| 256|0x0000000713000000, 0x0000000713100000, 0x0000000713100000|100%| E|CS|TAMS 0x0000000713000000, 0x0000000713000000| Complete 
| 257|0x0000000713100000, 0x0000000713200000, 0x0000000713200000|100%| E|CS|TAMS 0x0000000713100000, 0x0000000713100000| Complete 
| 258|0x0000000713200000, 0x0000000713300000, 0x0000000713300000|100%| E|CS|TAMS 0x0000000713200000, 0x0000000713200000| Complete 
| 259|0x0000000713300000, 0x0000000713400000, 0x0000000713400000|100%| E|CS|TAMS 0x0000000713300000, 0x0000000713300000| Complete 
| 260|0x0000000713400000, 0x0000000713500000, 0x0000000713500000|100%| E|CS|TAMS 0x0000000713400000, 0x0000000713400000| Complete 
| 261|0x0000000713500000, 0x0000000713600000, 0x0000000713600000|100%| E|CS|TAMS 0x0000000713500000, 0x0000000713500000| Complete 
| 262|0x0000000713600000, 0x0000000713700000, 0x0000000713700000|100%| E|CS|TAMS 0x0000000713600000, 0x0000000713600000| Complete 
| 263|0x0000000713700000, 0x0000000713800000, 0x0000000713800000|100%| E|CS|TAMS 0x0000000713700000, 0x0000000713700000| Complete 
| 264|0x0000000713800000, 0x0000000713900000, 0x0000000713900000|100%| E|CS|TAMS 0x0000000713800000, 0x0000000713800000| Complete 
| 265|0x0000000713900000, 0x0000000713a00000, 0x0000000713a00000|100%| E|CS|TAMS 0x0000000713900000, 0x0000000713900000| Complete 
| 266|0x0000000713a00000, 0x0000000713b00000, 0x0000000713b00000|100%| E|CS|TAMS 0x0000000713a00000, 0x0000000713a00000| Complete 
| 267|0x0000000713b00000, 0x0000000713c00000, 0x0000000713c00000|100%| E|CS|TAMS 0x0000000713b00000, 0x0000000713b00000| Complete 
| 268|0x0000000713c00000, 0x0000000713d00000, 0x0000000713d00000|100%| E|CS|TAMS 0x0000000713c00000, 0x0000000713c00000| Complete 
| 269|0x0000000713d00000, 0x0000000713e00000, 0x0000000713e00000|100%| E|CS|TAMS 0x0000000713d00000, 0x0000000713d00000| Complete 
| 270|0x0000000713e00000, 0x0000000713f00000, 0x0000000713f00000|100%| E|CS|TAMS 0x0000000713e00000, 0x0000000713e00000| Complete 
| 271|0x0000000713f00000, 0x0000000714000000, 0x0000000714000000|100%| E|CS|TAMS 0x0000000713f00000, 0x0000000713f00000| Complete 
| 272|0x0000000714000000, 0x0000000714100000, 0x0000000714100000|100%| E|CS|TAMS 0x0000000714000000, 0x0000000714000000| Complete 
| 273|0x0000000714100000, 0x0000000714200000, 0x0000000714200000|100%| E|CS|TAMS 0x0000000714100000, 0x0000000714100000| Complete 
| 274|0x0000000714200000, 0x0000000714300000, 0x0000000714300000|100%| E|CS|TAMS 0x0000000714200000, 0x0000000714200000| Complete 
| 275|0x0000000714300000, 0x0000000714400000, 0x0000000714400000|100%| E|CS|TAMS 0x0000000714300000, 0x0000000714300000| Complete 
| 276|0x0000000714400000, 0x0000000714500000, 0x0000000714500000|100%| E|CS|TAMS 0x0000000714400000, 0x0000000714400000| Complete 
| 277|0x0000000714500000, 0x0000000714600000, 0x0000000714600000|100%| E|CS|TAMS 0x0000000714500000, 0x0000000714500000| Complete 
| 278|0x0000000714600000, 0x0000000714700000, 0x0000000714700000|100%| E|CS|TAMS 0x0000000714600000, 0x0000000714600000| Complete 
| 279|0x0000000714700000, 0x0000000714800000, 0x0000000714800000|100%| E|CS|TAMS 0x0000000714700000, 0x0000000714700000| Complete 
| 280|0x0000000714800000, 0x0000000714900000, 0x0000000714900000|100%| E|CS|TAMS 0x0000000714800000, 0x0000000714800000| Complete 
| 281|0x0000000714900000, 0x0000000714a00000, 0x0000000714a00000|100%| E|CS|TAMS 0x0000000714900000, 0x0000000714900000| Complete 
| 282|0x0000000714a00000, 0x0000000714b00000, 0x0000000714b00000|100%| E|CS|TAMS 0x0000000714a00000, 0x0000000714a00000| Complete 
| 283|0x0000000714b00000, 0x0000000714c00000, 0x0000000714c00000|100%| E|CS|TAMS 0x0000000714b00000, 0x0000000714b00000| Complete 
| 284|0x0000000714c00000, 0x0000000714d00000, 0x0000000714d00000|100%| E|CS|TAMS 0x0000000714c00000, 0x0000000714c00000| Complete 
| 285|0x0000000714d00000, 0x0000000714e00000, 0x0000000714e00000|100%| E|CS|TAMS 0x0000000714d00000, 0x0000000714d00000| Complete 
| 286|0x0000000714e00000, 0x0000000714f00000, 0x0000000714f00000|100%| E|CS|TAMS 0x0000000714e00000, 0x0000000714e00000| Complete 
| 287|0x0000000714f00000, 0x0000000715000000, 0x0000000715000000|100%| E|CS|TAMS 0x0000000714f00000, 0x0000000714f00000| Complete 
| 288|0x0000000715000000, 0x0000000715100000, 0x0000000715100000|100%| E|CS|TAMS 0x0000000715000000, 0x0000000715000000| Complete 
| 289|0x0000000715100000, 0x0000000715200000, 0x0000000715200000|100%| E|CS|TAMS 0x0000000715100000, 0x0000000715100000| Complete 
| 290|0x0000000715200000, 0x0000000715300000, 0x0000000715300000|100%| E|CS|TAMS 0x0000000715200000, 0x0000000715200000| Complete 
| 291|0x0000000715300000, 0x0000000715400000, 0x0000000715400000|100%| E|CS|TAMS 0x0000000715300000, 0x0000000715300000| Complete 
| 292|0x0000000715400000, 0x0000000715500000, 0x0000000715500000|100%| E|CS|TAMS 0x0000000715400000, 0x0000000715400000| Complete 
| 293|0x0000000715500000, 0x0000000715600000, 0x0000000715600000|100%| E|CS|TAMS 0x0000000715500000, 0x0000000715500000| Complete 
| 294|0x0000000715600000, 0x0000000715700000, 0x0000000715700000|100%| E|CS|TAMS 0x0000000715600000, 0x0000000715600000| Complete 
| 295|0x0000000715700000, 0x0000000715800000, 0x0000000715800000|100%| E|CS|TAMS 0x0000000715700000, 0x0000000715700000| Complete 
| 296|0x0000000715800000, 0x0000000715900000, 0x0000000715900000|100%| E|CS|TAMS 0x0000000715800000, 0x0000000715800000| Complete 
| 297|0x0000000715900000, 0x0000000715a00000, 0x0000000715a00000|100%| E|CS|TAMS 0x0000000715900000, 0x0000000715900000| Complete 
| 298|0x0000000715a00000, 0x0000000715b00000, 0x0000000715b00000|100%| E|CS|TAMS 0x0000000715a00000, 0x0000000715a00000| Complete 
| 299|0x0000000715b00000, 0x0000000715c00000, 0x0000000715c00000|100%| E|CS|TAMS 0x0000000715b00000, 0x0000000715b00000| Complete 
| 300|0x0000000715c00000, 0x0000000715d00000, 0x0000000715d00000|100%| E|CS|TAMS 0x0000000715c00000, 0x0000000715c00000| Complete 
| 301|0x0000000715d00000, 0x0000000715e00000, 0x0000000715e00000|100%| E|CS|TAMS 0x0000000715d00000, 0x0000000715d00000| Complete 
| 302|0x0000000715e00000, 0x0000000715f00000, 0x0000000715f00000|100%| E|CS|TAMS 0x0000000715e00000, 0x0000000715e00000| Complete 
| 303|0x0000000715f00000, 0x0000000716000000, 0x0000000716000000|100%| E|CS|TAMS 0x0000000715f00000, 0x0000000715f00000| Complete 
| 304|0x0000000716000000, 0x0000000716100000, 0x0000000716100000|100%| E|CS|TAMS 0x0000000716000000, 0x0000000716000000| Complete 

Card table byte_map: [0x000001b136e40000,0x000001b137630000] _byte_map_base: 0x000001b133628000

Marking Bits (Prev, Next): (CMBitMap*) 0x000001b11fd468a0, (CMBitMap*) 0x000001b11fd46868
 Prev Bits: [0x000001b13bd60000, 0x000001b13fca0000)
 Next Bits: [0x000001b137e20000, 0x000001b13bd60000)

Polling page: 0x000001b11dd00000

Metaspace:

Usage:
  Non-class:     73.72 MB capacity,    72.40 MB ( 98%) used,     1.04 MB (  1%) free+waste,   289.38 KB ( <1%) overhead. 
      Class:     10.68 MB capacity,     9.82 MB ( 92%) used,   751.73 KB (  7%) free+waste,   129.88 KB (  1%) overhead. 
       Both:     84.41 MB capacity,    82.22 MB ( 97%) used,     1.77 MB (  2%) free+waste,   419.25 KB ( <1%) overhead. 

Virtual space:
  Non-class space:       74.00 MB reserved,      73.75 MB (>99%) committed 
      Class space:        1.00 GB reserved,      10.75 MB (  1%) committed 
             Both:        1.07 GB reserved,      84.50 MB (  8%) committed 

Chunk freelists:
   Non-Class:  3.75 KB
       Class:  384 bytes
        Both:  4.13 KB

CodeHeap 'non-profiled nmethods': size=120000Kb used=10865Kb max_used=11048Kb free=109134Kb
 bounds [0x000001b12ede0000, 0x000001b12f8b0000, 0x000001b136310000]
CodeHeap 'profiled nmethods': size=120000Kb used=28088Kb max_used=29490Kb free=91911Kb
 bounds [0x000001b1278b0000, 0x000001b129590000, 0x000001b12ede0000]
CodeHeap 'non-nmethods': size=5760Kb used=1344Kb max_used=1442Kb free=4415Kb
 bounds [0x000001b127310000, 0x000001b127580000, 0x000001b1278b0000]
 total_blobs=13207 nmethods=12578 adapters=547
 compilation: enabled
              stopped_count=0, restarted_count=0
 full_count=0

Compilation events (10 events):
Event: 6503.499 Thread 0x000001b149de4800 nmethod 13770 0x000001b12f295a10 code [0x000001b12f295ba0, 0x000001b12f295e78]
Event: 6503.512 Thread 0x000001b149de4800 13772       4       org.hibernate.event.internal.DefaultLoadEventListener::doLoad (229 bytes)
Event: 6506.377 Thread 0x000001b14311e800 13779       3       org.apache.logging.slf4j.SLF4JLogger::isEnabled (7 bytes)
Event: 6506.377 Thread 0x000001b14311e800 nmethod 13779 0x000001b12796fe90 code [0x000001b127970040, 0x000001b1279701a8]
Event: 6506.377 Thread 0x000001b149de9800 13777       4       org.hibernate.persister.entity.AbstractEntityPersister::afterInitialize (12 bytes)
Event: 6506.378 Thread 0x000001b14311e800 13780       3       java.lang.StackTraceElement::equals (122 bytes)
Event: 6506.380 Thread 0x000001b149de9800 nmethod 13777 0x000001b12f295510 code [0x000001b12f2956a0, 0x000001b12f295838]
Event: 6506.380 Thread 0x000001b149de9800 13778       4       org.hibernate.tuple.entity.PojoEntityTuplizer::afterInitialize (89 bytes)
Event: 6506.381 Thread 0x000001b149de9800 nmethod 13778 0x000001b12f294c90 code [0x000001b12f294e20, 0x000001b12f294f38]
Event: 6506.381 Thread 0x000001b149de9800 13776       4       org.hibernate.engine.internal.TwoPhaseLoad::initializeEntity (52 bytes)

GC Heap History (10 events):
Event: 4544.351 GC heap before
{Heap before GC invocations=16 (full 0):
 garbage-first heap   total 312320K, used 214129K [0x0000000703000000, 0x0000000800000000)
  region size 1024K, 183 young (187392K), 10 survivors (10240K)
 Metaspace       used 82670K, capacity 84974K, committed 85248K, reserved 1124352K
  class space    used 10041K, capacity 10938K, committed 11008K, reserved 1048576K
}
Event: 4544.364 GC heap after
{Heap after GC invocations=17 (full 0):
 garbage-first heap   total 312320K, used 37899K [0x0000000703000000, 0x0000000800000000)
  region size 1024K, 10 young (10240K), 10 survivors (10240K)
 Metaspace       used 82670K, capacity 84974K, committed 85248K, reserved 1124352K
  class space    used 10041K, capacity 10938K, committed 11008K, reserved 1048576K
}
Event: 5449.825 GC heap before
{Heap before GC invocations=17 (full 0):
 garbage-first heap   total 312320K, used 214027K [0x0000000703000000, 0x0000000800000000)
  region size 1024K, 183 young (187392K), 10 survivors (10240K)
 Metaspace       used 82774K, capacity 85103K, committed 85248K, reserved 1124352K
  class space    used 10041K, capacity 10938K, committed 11008K, reserved 1048576K
}
Event: 5449.835 GC heap after
{Heap after GC invocations=18 (full 0):
 garbage-first heap   total 312320K, used 37648K [0x0000000703000000, 0x0000000800000000)
  region size 1024K, 10 young (10240K), 10 survivors (10240K)
 Metaspace       used 82774K, capacity 85103K, committed 85248K, reserved 1124352K
  class space    used 10041K, capacity 10938K, committed 11008K, reserved 1048576K
}
Event: 6363.301 GC heap before
{Heap before GC invocations=18 (full 0):
 garbage-first heap   total 312320K, used 214800K [0x0000000703000000, 0x0000000800000000)
  region size 1024K, 183 young (187392K), 10 survivors (10240K)
 Metaspace       used 83166K, capacity 85436K, committed 85760K, reserved 1124352K
  class space    used 10042K, capacity 10938K, committed 11008K, reserved 1048576K
}
Event: 6363.310 GC heap after
{Heap after GC invocations=19 (full 0):
 garbage-first heap   total 312320K, used 36977K [0x0000000703000000, 0x0000000800000000)
  region size 1024K, 9 young (9216K), 9 survivors (9216K)
 Metaspace       used 83166K, capacity 85436K, committed 85760K, reserved 1124352K
  class space    used 10042K, capacity 10938K, committed 11008K, reserved 1048576K
}
Event: 6486.358 GC heap before
{Heap before GC invocations=19 (full 0):
 garbage-first heap   total 312320K, used 214129K [0x0000000703000000, 0x0000000800000000)
  region size 1024K, 183 young (187392K), 9 survivors (9216K)
 Metaspace       used 84099K, capacity 86422K, committed 86528K, reserved 1124352K
  class space    used 10044K, capacity 10938K, committed 11008K, reserved 1048576K
}
Event: 6486.367 GC heap after
{Heap after GC invocations=20 (full 0):
 garbage-first heap   total 312320K, used 36977K [0x0000000703000000, 0x0000000800000000)
  region size 1024K, 9 young (9216K), 9 survivors (9216K)
 Metaspace       used 84099K, capacity 86422K, committed 86528K, reserved 1124352K
  class space    used 10044K, capacity 10938K, committed 11008K, reserved 1048576K
}
Event: 6496.917 GC heap before
{Heap before GC invocations=20 (full 0):
 garbage-first heap   total 312320K, used 214129K [0x0000000703000000, 0x0000000800000000)
  region size 1024K, 183 young (187392K), 9 survivors (9216K)
 Metaspace       used 84110K, capacity 86422K, committed 86528K, reserved 1124352K
  class space    used 10046K, capacity 10938K, committed 11008K, reserved 1048576K
}
Event: 6496.925 GC heap after
{Heap after GC invocations=21 (full 0):
 garbage-first heap   total 312320K, used 37187K [0x0000000703000000, 0x0000000800000000)
  region size 1024K, 10 young (10240K), 10 survivors (10240K)
 Metaspace       used 84110K, capacity 86422K, committed 86528K, reserved 1124352K
  class space    used 10046K, capacity 10938K, committed 11008K, reserved 1048576K
}

Deoptimization events (10 events):
Event: 6493.071 Thread 0x000001b14ffe3800 Uncommon trap: reason=array_check action=maybe_recompile pc=0x000001b12f8958c4 method=com.zaxxer.hikari.util.FastList.add(Ljava/lang/Object;)Z @ 28 c2
Event: 6497.555 Thread 0x000001b14ffe5000 Uncommon trap: reason=range_check action=make_not_entrant pc=0x000001b12ef197b0 method=org.postgresql.core.v3.SimpleParameterList.direction(I)B @ 5 c2
Event: 6497.555 Thread 0x000001b14ffe5000 Uncommon trap: reason=range_check action=make_not_entrant pc=0x000001b12ef611e8 method=org.postgresql.core.v3.SimpleParameterList.direction(I)B @ 5 c2
Event: 6497.609 Thread 0x000001b14ffe9000 Uncommon trap: reason=range_check action=make_not_entrant pc=0x000001b12efd0a9c method=org.postgresql.core.v3.SimpleParameterList.direction(I)B @ 5 c2
Event: 6506.359 Thread 0x000001b14ffe6000 Uncommon trap: reason=unstable_if action=reinterpret pc=0x000001b12f76d43c method=org.postgresql.core.v3.QueryExecutorImpl.processResults(Lorg/postgresql/core/ResultHandler;IZ)V @ 52 c2
Event: 6506.371 Thread 0x000001b14ffe6000 Uncommon trap: reason=unstable_if action=reinterpret pc=0x000001b12f6a689c method=java.util.ArrayDeque.circularClear([Ljava/lang/Object;II)V @ 14 c2
Event: 6506.371 Thread 0x000001b14ffe6000 Uncommon trap: reason=unstable_if action=reinterpret pc=0x000001b12f8745d8 method=org.postgresql.core.ResultHandlerBase.handleCompletion()V @ 6 c2
Event: 6506.372 Thread 0x000001b14ffe6000 Uncommon trap: reason=unstable_if action=reinterpret pc=0x000001b12f46d520 method=org.apache.logging.slf4j.SLF4JLogger.isEnabledFor(Lorg/apache/logging/log4j/Level;Lorg/apache/logging/log4j/Marker;)Z @ 16 c2
Event: 6506.372 Thread 0x000001b14ffe6000 Uncommon trap: reason=unstable_if action=reinterpret pc=0x000001b12f471644 method=org.apache.logging.slf4j.SLF4JLogger.isEnabledFor(Lorg/apache/logging/log4j/Level;Lorg/apache/logging/log4j/Marker;)Z @ 16 c2
Event: 6506.372 Thread 0x000001b14ffe6000 Uncommon trap: reason=unstable_if action=reinterpret pc=0x000001b12f5dbbd0 method=org.jboss.logging.Log4j2Logger.doLog(Lorg/jboss/logging/Logger$Level;Ljava/lang/String;Ljava/lang/Object;[Ljava/lang/Object;Ljava/lang/Throwable;)V @ 15 c2

Classes redefined (0 events):
No events

Internal exceptions (10 events):
Event: 2510.670 Thread 0x000001b14ffe6000 Exception <a 'java/lang/reflect/InvocationTargetException'{0x000000070f9f1b58}> (0x000000070f9f1b58) thrown at [./open/src/hotspot/share/runtime/reflection.cpp, line 1242]
Event: 2510.673 Thread 0x000001b14ffe9000 Exception <a 'java/lang/NullPointerException'{0x000000070f820268}> (0x000000070f820268) thrown at [./open/src/hotspot/share/interpreter/linkResolver.cpp, line 1354]
Event: 2510.673 Thread 0x000001b14ffe9000 Exception <a 'java/lang/reflect/InvocationTargetException'{0x000000070f886a28}> (0x000000070f886a28) thrown at [./open/src/hotspot/share/runtime/reflection.cpp, line 1242]
Event: 2510.673 Thread 0x000001b14ffe3800 Exception <a 'java/lang/NullPointerException'{0x000000070faf8010}> (0x000000070faf8010) thrown at [./open/src/hotspot/share/interpreter/linkResolver.cpp, line 1354]
Event: 2510.673 Thread 0x000001b14ffe3800 Exception <a 'java/lang/reflect/InvocationTargetException'{0x000000070faf95a0}> (0x000000070faf95a0) thrown at [./open/src/hotspot/share/runtime/reflection.cpp, line 1242]
Event: 2511.442 Thread 0x000001b14ffe6000 Exception <a 'java/lang/NoClassDefFoundError'{0x000000070f6104a0}: sun/reflect/Reflection> (0x000000070f6104a0) thrown at [./open/src/hotspot/share/classfile/systemDictionary.cpp, line 216]
Event: 2511.455 Thread 0x000001b14ffe3800 Implicit null exception at 0x000001b12ee180f7 to 0x000001b12ee18728
Event: 2511.455 Thread 0x000001b14ffe9000 Implicit null exception at 0x000001b12ee180f7 to 0x000001b12ee18728
Event: 6485.036 Thread 0x000001b14ffe2800 Implicit null exception at 0x000001b12f79a843 to 0x000001b12f79ae5c
Event: 6485.264 Thread 0x000001b14ffe3800 Implicit null exception at 0x000001b12f7ae1c3 to 0x000001b12f7ae854

Events (10 events):
Event: 6506.381 Thread 0x000001b14ffe6000 DEOPT PACKING pc=0x000001b12f137548 sp=0x000000638e5f6d10
Event: 6506.381 Thread 0x000001b14ffe6000 DEOPT UNPACKING pc=0x000001b12734bb5e sp=0x000000638e5f61a8 mode 1
Event: 6506.381 Thread 0x000001b14ffe6000 DEOPT PACKING pc=0x000001b12ef48ad4 sp=0x000000638e5f7780
Event: 6506.381 Thread 0x000001b14ffe6000 DEOPT UNPACKING pc=0x000001b12734bb5e sp=0x000000638e5f6c10 mode 1
Event: 6506.381 Thread 0x000001b14ffe6000 DEOPT PACKING pc=0x000001b12f137548 sp=0x000000638e5f7890
Event: 6506.381 Thread 0x000001b14ffe6000 DEOPT UNPACKING pc=0x000001b12734bb5e sp=0x000000638e5f6d28 mode 1
Event: 6506.381 Thread 0x000001b14ffe6000 DEOPT PACKING pc=0x000001b12ef48ad4 sp=0x000000638e5f8300
Event: 6506.381 Thread 0x000001b14ffe6000 DEOPT UNPACKING pc=0x000001b12734bb5e sp=0x000000638e5f7778 mode 1
Event: 6506.381 Thread 0x000001b14ffe6000 DEOPT PACKING pc=0x000001b128f46e34 sp=0x000000638e5f8340
Event: 6506.381 Thread 0x000001b14ffe6000 DEOPT UNPACKING pc=0x000001b12734bb5e sp=0x000000638e5f77a0 mode 1


Dynamic libraries:
0x00007ff734300000 - 0x00007ff73430f000 	C:\Program Files\Java\jdk-11.0.13\bin\java.exe
0x00007ff819850000 - 0x00007ff819a45000 	C:\WINDOWS\SYSTEM32\ntdll.dll
0x00007ff818060000 - 0x00007ff81811e000 	C:\WINDOWS\System32\KERNEL32.DLL
0x00007ff8173d0000 - 0x00007ff817698000 	C:\WINDOWS\System32\KERNELBASE.dll
0x00007ff817010000 - 0x00007ff817110000 	C:\WINDOWS\System32\ucrtbase.dll
0x00007ff813340000 - 0x00007ff813355000 	C:\Program Files\Java\jdk-11.0.13\bin\VCRUNTIME140.dll
0x00007ff813400000 - 0x00007ff813418000 	C:\Program Files\Java\jdk-11.0.13\bin\jli.dll
0x00007ff818f90000 - 0x00007ff81903e000 	C:\WINDOWS\System32\ADVAPI32.dll
0x00007ff818120000 - 0x00007ff8181be000 	C:\WINDOWS\System32\msvcrt.dll
0x00007ff818a70000 - 0x00007ff818b0c000 	C:\WINDOWS\System32\sechost.dll
0x00007ff8188b0000 - 0x00007ff8189d5000 	C:\WINDOWS\System32\RPCRT4.dll
0x00007ff8184d0000 - 0x00007ff818670000 	C:\WINDOWS\System32\USER32.dll
0x00007ff8173a0000 - 0x00007ff8173c2000 	C:\WINDOWS\System32\win32u.dll
0x00007ff8181c0000 - 0x00007ff8181eb000 	C:\WINDOWS\System32\GDI32.dll
0x00007ffff1a70000 - 0x00007ffff1d0a000 	C:\WINDOWS\WinSxS\amd64_microsoft.windows.common-controls_6595b64144ccf1df_6.0.19041.1110_none_60b5254171f9507e\COMCTL32.dll
0x00007ff817260000 - 0x00007ff81736b000 	C:\WINDOWS\System32\gdi32full.dll
0x00007ff816f70000 - 0x00007ff81700d000 	C:\WINDOWS\System32\msvcp_win.dll
0x00007ff8100e0000 - 0x00007ff8100ea000 	C:\WINDOWS\SYSTEM32\VERSION.dll
0x00007ff8189e0000 - 0x00007ff818a10000 	C:\WINDOWS\System32\IMM32.DLL
0x00007ffffb3c0000 - 0x00007ffffb45b000 	C:\Program Files\Java\jdk-11.0.13\bin\msvcp140.dll
0x00007fffcca50000 - 0x00007fffcd563000 	C:\Program Files\Java\jdk-11.0.13\bin\server\jvm.dll
0x00007ff817990000 - 0x00007ff817998000 	C:\WINDOWS\System32\PSAPI.DLL
0x00007ffff8220000 - 0x00007ffff8247000 	C:\WINDOWS\SYSTEM32\WINMM.dll
0x00007fffec5c0000 - 0x00007fffec5c9000 	C:\WINDOWS\SYSTEM32\WSOCK32.dll
0x00007ff8183a0000 - 0x00007ff81840b000 	C:\WINDOWS\System32\WS2_32.dll
0x00007ff814d60000 - 0x00007ff814d72000 	C:\WINDOWS\SYSTEM32\kernel.appcore.dll
0x00007ff814900000 - 0x00007ff814910000 	C:\Program Files\Java\jdk-11.0.13\bin\verify.dll
0x00007ff80fef0000 - 0x00007ff8100d4000 	C:\WINDOWS\SYSTEM32\DBGHELP.DLL
0x00007ff8050c0000 - 0x00007ff8050ec000 	C:\WINDOWS\SYSTEM32\dbgcore.DLL
0x00007ff817160000 - 0x00007ff8171e2000 	C:\WINDOWS\System32\bcryptPrimitives.dll
0x00007ff812720000 - 0x00007ff812748000 	C:\Program Files\Java\jdk-11.0.13\bin\java.dll
0x00007ff8147b0000 - 0x00007ff8147ba000 	C:\Program Files\Java\jdk-11.0.13\bin\jimage.dll
0x00007ff810e50000 - 0x00007ff810e88000 	C:\Program Files\Java\jdk-11.0.13\bin\jdwp.dll
0x00007ff814750000 - 0x00007ff81475e000 	C:\Program Files\Java\jdk-11.0.13\bin\instrument.dll
0x00007ff813320000 - 0x00007ff813336000 	C:\Program Files\Java\jdk-11.0.13\bin\zip.dll
0x00007ff819060000 - 0x00007ff8197a4000 	C:\WINDOWS\System32\SHELL32.dll
0x00007ff815040000 - 0x00007ff8157d4000 	C:\WINDOWS\SYSTEM32\windows.storage.dll
0x00007ff817bf0000 - 0x00007ff817f44000 	C:\WINDOWS\System32\combase.dll
0x00007ff816820000 - 0x00007ff81684c000 	C:\WINDOWS\SYSTEM32\Wldp.dll
0x00007ff818410000 - 0x00007ff8184bd000 	C:\WINDOWS\System32\SHCORE.dll
0x00007ff818a10000 - 0x00007ff818a65000 	C:\WINDOWS\System32\shlwapi.dll
0x00007ff816eb0000 - 0x00007ff816ecf000 	C:\WINDOWS\SYSTEM32\profapi.dll
0x00007ff8111b0000 - 0x00007ff8111ba000 	C:\Program Files\Java\jdk-11.0.13\bin\dt_socket.dll
0x00007ff816600000 - 0x00007ff81666a000 	C:\WINDOWS\system32\mswsock.dll
0x00007ff8111e0000 - 0x00007ff8111f9000 	C:\Program Files\Java\jdk-11.0.13\bin\net.dll
0x00007ff80fc00000 - 0x00007ff80fd09000 	C:\WINDOWS\SYSTEM32\WINHTTP.dll
0x00007ff8111c0000 - 0x00007ff8111d2000 	C:\Program Files\Java\jdk-11.0.13\bin\nio.dll
0x00007ff812ec0000 - 0x00007ff812ec9000 	C:\Program Files\Java\jdk-11.0.13\bin\management.dll
0x00007ff812710000 - 0x00007ff81271b000 	C:\Program Files\Java\jdk-11.0.13\bin\management_ext.dll
0x00007ff80e380000 - 0x00007ff80e397000 	C:\WINDOWS\system32\napinsp.dll
0x00007ff80e3e0000 - 0x00007ff80e3fb000 	C:\WINDOWS\system32\pnrpnsp.dll
0x00007ff80fbe0000 - 0x00007ff80fbfd000 	C:\WINDOWS\system32\NLAapi.dll
0x00007ff816310000 - 0x00007ff81634b000 	C:\WINDOWS\SYSTEM32\IPHLPAPI.DLL
0x00007ff812c90000 - 0x00007ff812ca5000 	C:\WINDOWS\system32\wshbth.dll
0x00007ff816350000 - 0x00007ff81641a000 	C:\WINDOWS\SYSTEM32\DNSAPI.dll
0x00007ff818f80000 - 0x00007ff818f88000 	C:\WINDOWS\System32\NSI.dll
0x00007ff80e580000 - 0x00007ff80e592000 	C:\WINDOWS\System32\winrnr.dll
0x00007ff80f870000 - 0x00007ff80f87a000 	C:\Windows\System32\rasadhlp.dll
0x00007ff812750000 - 0x00007ff8127cf000 	C:\WINDOWS\System32\fwpuclnt.dll
0x00007ff817370000 - 0x00007ff817397000 	C:\WINDOWS\System32\bcrypt.dll
0x00007ff816860000 - 0x00007ff816878000 	C:\WINDOWS\SYSTEM32\CRYPTSP.dll
0x00007ff815fa0000 - 0x00007ff815fd4000 	C:\WINDOWS\system32\rsaenh.dll
0x00007ff816e30000 - 0x00007ff816e5e000 	C:\WINDOWS\SYSTEM32\USERENV.dll
0x00007ff816790000 - 0x00007ff81679c000 	C:\WINDOWS\SYSTEM32\CRYPTBASE.dll
0x00007ff810ef0000 - 0x00007ff810f07000 	C:\WINDOWS\SYSTEM32\dhcpcsvc6.DLL
0x00007ff811850000 - 0x00007ff81186d000 	C:\WINDOWS\SYSTEM32\dhcpcsvc.DLL
0x00007ff8111a0000 - 0x00007ff8111ad000 	C:\Program Files\Java\jdk-11.0.13\bin\sunmscapi.dll
0x00007ff8176a0000 - 0x00007ff8177f6000 	C:\WINDOWS\System32\CRYPT32.dll
0x00007ff8169d0000 - 0x00007ff8169f7000 	C:\WINDOWS\SYSTEM32\ncrypt.dll
0x00007ff816990000 - 0x00007ff8169cb000 	C:\WINDOWS\SYSTEM32\NTASN1.dll
0x00007ff810f10000 - 0x00007ff810f35000 	C:\Program Files\Java\jdk-11.0.13\bin\sunec.dll

dbghelp: loaded successfully - version: 4.0.5 - missing functions: none
symbol engine: initialized successfully - sym options: 0x614 - pdb path: .;C:\Program Files\Java\jdk-11.0.13\bin;C:\WINDOWS\SYSTEM32;C:\WINDOWS\WinSxS\amd64_microsoft.windows.common-controls_6595b64144ccf1df_6.0.19041.1110_none_60b5254171f9507e;C:\Program Files\Java\jdk-11.0.13\bin\server

VM Arguments:
jvm_args: -agentlib:jdwp=transport=dt_socket,address=127.0.0.1:52941,suspend=y,server=n -javaagent:C:\Users\Pradipta_R632\Downloads\ideaIC-2021.2.4.win\plugins\java\lib\rt\debugger-agent.jar -Dfile.encoding=UTF-8 
java_command: com.team.two.mitrais_carrot.MitraisCarrotBackendApplication
java_class_path (initial): C:\Users\Pradipta_R632\Documents\FG Training\Mitrais Carrot Scrum\mitrais_carrot_backend-main\target\classes;C:\Users\Pradipta_R632\.m2\repository\org\springframework\boot\spring-boot-starter-validation\2.6.4\spring-boot-starter-validation-2.6.4.jar;C:\Users\Pradipta_R632\.m2\repository\org\springframework\boot\spring-boot-starter\2.6.4\spring-boot-starter-2.6.4.jar;C:\Users\Pradipta_R632\.m2\repository\org\springframework\boot\spring-boot-starter-logging\2.6.4\spring-boot-starter-logging-2.6.4.jar;C:\Users\Pradipta_R632\.m2\repository\ch\qos\logback\logback-classic\1.2.10\logback-classic-1.2.10.jar;C:\Users\Pradipta_R632\.m2\repository\ch\qos\logback\logback-core\1.2.10\logback-core-1.2.10.jar;C:\Users\Pradipta_R632\.m2\repository\org\apache\logging\log4j\log4j-to-slf4j\2.17.1\log4j-to-slf4j-2.17.1.jar;C:\Users\Pradipta_R632\.m2\repository\org\apache\logging\log4j\log4j-api\2.17.1\log4j-api-2.17.1.jar;C:\Users\Pradipta_R632\.m2\repository\org\slf4j\jul-to-slf4j\1.7.36\jul-to-slf4j-1.7.36.jar;C:\Users\Pradipta_R632\.m2\repository\jakarta\annotation\jakarta.annotation-api\1.3.5\jakarta.annotation-api-1.3.5.jar;C:\Users\Pradipta_R632\.m2\repository\org\yaml\snakeyaml\1.29\snakeyaml-1.29.jar;C:\Users\Pradipta_R632\.m2\repository\org\apache\tomcat\embed\tomcat-embed-el\9.0.58\tomcat-embed-el-9.0.58.jar;C:\Users\Pradipta_R632\.m2\repository\org\hibernate\validator\hibernate-validator\6.2.2.Final\hibernate-validator-6.2.2.Final.jar;C:\Users\Pradipta_R632\.m2\repository\jakarta\validation\jakarta.validation-api\2.0.2\jakarta.validation-api-2.0.2.jar;C:\Users\Pradipta_R632\.m2\repository\org\jboss\logging\jboss-logging\3.4.3.Final\jboss-logging-3.4.3.Final.jar;C:\Users\Pradipta_R632\.m2\repository\com\fasterxml\classmate\1.5.1\classmate-1.5.1.jar;C:\Users\Pradipta_R632\.m2\repository\org\springframework\boot\spring-boot-starter-data-jpa\2.6.4\spring-boot-starter-data-jpa-2.6.4.jar;C:\Users\Pradipta_R632\.m2\repository\org\springframework\boot\sp
Launcher Type: SUN_STANDARD

[Global flags]
     intx CICompilerCount                          = 4                                         {product} {ergonomic}
     uint ConcGCThreads                            = 2                                         {product} {ergonomic}
     uint G1ConcRefinementThreads                  = 8                                         {product} {ergonomic}
   size_t G1HeapRegionSize                         = 1048576                                   {product} {ergonomic}
    uintx GCDrainStackTargetSize                   = 64                                        {product} {ergonomic}
   size_t InitialHeapSize                          = 266338304                                 {product} {ergonomic}
   size_t MarkStackSize                            = 4194304                                   {product} {ergonomic}
   size_t MaxHeapSize                              = 4244635648                                {product} {ergonomic}
   size_t MaxNewSize                               = 2545942528                                {product} {ergonomic}
   size_t MinHeapDeltaBytes                        = 1048576                                   {product} {ergonomic}
    uintx NonNMethodCodeHeapSize                   = 5836300                                {pd product} {ergonomic}
    uintx NonProfiledCodeHeapSize                  = 122910970                              {pd product} {ergonomic}
    uintx ProfiledCodeHeapSize                     = 122910970                              {pd product} {ergonomic}
    uintx ReservedCodeCacheSize                    = 251658240                              {pd product} {ergonomic}
     bool SegmentedCodeCache                       = true                                      {product} {ergonomic}
     bool UseCompressedClassPointers               = true                                 {lp64_product} {ergonomic}
     bool UseCompressedOops                        = true                                 {lp64_product} {ergonomic}
     bool UseG1GC                                  = true                                      {product} {ergonomic}
     bool UseLargePagesIndividualAllocation        = false                                  {pd product} {ergonomic}

Logging:
Log output configuration:
 #0: stdout all=warning uptime,level,tags
 #1: stderr all=off uptime,level,tags

Environment Variables:
PATH=C:\Program Files\Common Files\Oracle\Java\javapath;C:\Program Files (x86)\Common Files\Oracle\Java\javapath;C:\WINDOWS\system32;C:\WINDOWS;C:\WINDOWS\System32\Wbem;C:\WINDOWS\System32\WindowsPowerShell\v1.0\;C:\WINDOWS\System32\OpenSSH\;C:\Program Files\WireGuard\;C:\Program Files\Git\cmd;C:\ProgramData\chocolatey\bin;;C:\Program Files\Docker\Docker\resources\bin;C:\ProgramData\DockerDesktop\version-bin;C:\ProgramData\nvm;C:\Program Files\nodejs;C:\Program Files\nodejs\;C:\Users\Pradipta_R632\AppData\Local\Microsoft\WindowsApps;C:\Users\Pradipta_R632\AppData\Local\Programs\Microsoft VS Code\bin;C:\Program Files\PostgreSQL\14\bin;C:\Users\Pradipta_R632\AppData\Roaming\npm
USERNAME=Pradipta_R632
OS=Windows_NT
PROCESSOR_IDENTIFIER=Intel64 Family 6 Model 142 Stepping 12, GenuineIntel



---------------  S Y S T E M  ---------------

OS: Windows 10 , 64 bit Build 19041 (10.0.19041.1566)
Hyper-V role detected

CPU:total 8 (initial active 8) (4 cores per cpu, 2 threads per core) family 6 model 142 stepping 12 microcode 0xec, cmov, cx8, fxsr, mmx, sse, sse2, sse3, ssse3, sse4.1, sse4.2, popcnt, avx, avx2, aes, clmul, erms, 3dnowpref, lzcnt, ht, tsc, tscinvbit, bmi1, bmi2, adx, fma

Memory: 4k page, system-wide physical 16190M (3673M free)
TotalPageFile size 47083M (AvailPageFile size 107M)
current process WorkingSet (physical memory assigned to process): 584M, peak: 585M
current process commit charge ("private bytes"): 790M, peak: 790M

vm_info: Java HotSpot(TM) 64-Bit Server VM (11.0.13+10-LTS-370) for windows-amd64 JRE (11.0.13+10-LTS-370), built on Sep 15 2021 22:10:36 by "mach5one" with MS VC++ 15.9 (VS2017)

END.
