#
# There is insufficient memory for the Java Runtime Environment to continue.
# Native memory allocation (malloc) failed to allocate 577136 bytes for Chunk::new
# Possible reasons:
#   The system is out of physical RAM or swap space
#   The process is running with CompressedOops enabled, and the Java Heap may be blocking the growth of the native heap
# Possible solutions:
#   Reduce memory load on the system
#   Increase physical memory or swap space
#   Check if swap backing store is full
#   Decrease Java heap size (-Xmx/-Xms)
#   Decrease number of Java threads
#   Decrease Java thread stack sizes (-Xss)
#   Set larger code cache with -XX:ReservedCodeCacheSize=
#   JVM is running with Zero Based Compressed Oops mode in which the Java heap is
#     placed in the first 32GB address space. The Java Heap base address is the
#     maximum limit for the native heap growth. Please use -XX:HeapBaseMinAddress
#     to set the Java Heap base and to place the Java Heap above 32GB virtual address.
# This output file may be truncated or incomplete.
#
#  Out of Memory Error (./open/src/hotspot/share/memory/arena.cpp:197), pid=11980, tid=32524
#
# JRE version: Java(TM) SE Runtime Environment 18.9 (11.0.13+10) (build 11.0.13+10-LTS-370)
# Java VM: Java HotSpot(TM) 64-Bit Server VM 18.9 (11.0.13+10-LTS-370, mixed mode, tiered, compressed oops, g1 gc, windows-amd64)
# No core dump will be written. Minidumps are not enabled by default on client versions of Windows
#

---------------  S U M M A R Y ------------

Command Line: -agentlib:jdwp=transport=dt_socket,address=127.0.0.1:54891,suspend=y,server=n -javaagent:C:\Users\Pradipta_R632\Downloads\ideaIC-2021.2.4.win\plugins\java\lib\rt\debugger-agent.jar -Dfile.encoding=UTF-8 com.team.two.mitrais_carrot.MitraisCarrotBackendApplication

Host: Intel(R) Core(TM) i7-8565U CPU @ 1.80GHz, 8 cores, 15G,  Windows 10 , 64 bit Build 19041 (10.0.19041.1566)
Time: Tue Apr 12 23:58:05 2022 SE Asia Standard Time elapsed time: 3771.349057 seconds (0d 1h 2m 51s)

---------------  T H R E A D  ---------------

Current thread (0x000002018210e800):  JavaThread "C2 CompilerThread0" daemon [_thread_in_native, id=32524, stack(0x00000055ef200000,0x00000055ef300000)]


Current CompileTask:
C2:3771349 10939       4       java.net.URLStreamHandler::toExternalForm (156 bytes)

Stack: [0x00000055ef200000,0x00000055ef300000]
Native frames: (J=compiled Java code, j=interpreted, Vv=VM code, C=native code)
V  [jvm.dll+0x62870a]
V  [jvm.dll+0x761f2f]
V  [jvm.dll+0x7635d9]
V  [jvm.dll+0x763c63]
V  [jvm.dll+0x23d728]
V  [jvm.dll+0xb293c]
V  [jvm.dll+0xb2efc]
V  [jvm.dll+0x340872]
V  [jvm.dll+0x30e603]
V  [jvm.dll+0x30d94a]
V  [jvm.dll+0x1f8255]
V  [jvm.dll+0x1f743d]
V  [jvm.dll+0x177991]
V  [jvm.dll+0x206d84]
V  [jvm.dll+0x204ebb]
V  [jvm.dll+0x727e70]
V  [jvm.dll+0x720a54]
V  [jvm.dll+0x627606]
C  [ucrtbase.dll+0x21bb2]
C  [KERNEL32.DLL+0x17034]
C  [ntdll.dll+0x52651]


---------------  P R O C E S S  ---------------

Threads class SMR info:
_java_thread_list=0x000002018fa19710, length=32, elements={
0x0000020182087000, 0x0000020182088800, 0x0000020182104800, 0x0000020182105800,
0x0000020182107800, 0x000002018210e800, 0x0000020182112800, 0x0000020182114000,
0x0000020182293000, 0x00000201823da000, 0x0000020182446000, 0x0000020182500000,
0x000002018a07e800, 0x0000020187716800, 0x000002018fece000, 0x000002018f89f800,
0x00000201883c0800, 0x00000201883c0000, 0x00000201883c5800, 0x00000201883c1800,
0x00000201883c2800, 0x00000201883c6800, 0x00000201883c3000, 0x00000201883c5000,
0x000002019213d000, 0x0000020192139800, 0x0000020192138800, 0x000002019213f800,
0x000002019213c000, 0x0000020192140000, 0x000002019213e800, 0x000002019213b000
}

Java Threads: ( => current thread )
  0x0000020182087000 JavaThread "Reference Handler" daemon [_thread_blocked, id=24580, stack(0x00000055eed00000,0x00000055eee00000)]
  0x0000020182088800 JavaThread "Finalizer" daemon [_thread_blocked, id=6008, stack(0x00000055eee00000,0x00000055eef00000)]
  0x0000020182104800 JavaThread "Signal Dispatcher" daemon [_thread_blocked, id=20916, stack(0x00000055eef00000,0x00000055ef000000)]
  0x0000020182105800 JavaThread "Attach Listener" daemon [_thread_blocked, id=31760, stack(0x00000055ef000000,0x00000055ef100000)]
  0x0000020182107800 JavaThread "Service Thread" daemon [_thread_blocked, id=13208, stack(0x00000055ef100000,0x00000055ef200000)]
=>0x000002018210e800 JavaThread "C2 CompilerThread0" daemon [_thread_in_native, id=32524, stack(0x00000055ef200000,0x00000055ef300000)]
  0x0000020182112800 JavaThread "C1 CompilerThread0" daemon [_thread_blocked, id=13704, stack(0x00000055ef300000,0x00000055ef400000)]
  0x0000020182114000 JavaThread "Sweeper thread" daemon [_thread_blocked, id=6140, stack(0x00000055ef400000,0x00000055ef500000)]
  0x0000020182293000 JavaThread "Common-Cleaner" daemon [_thread_blocked, id=26088, stack(0x00000055ef500000,0x00000055ef600000)]
  0x00000201823da000 JavaThread "JDWP Transport Listener: dt_socket" daemon [_thread_blocked, id=9360, stack(0x00000055ef700000,0x00000055ef800000)]
  0x0000020182446000 JavaThread "JDWP Event Helper Thread" daemon [_thread_blocked, id=5880, stack(0x00000055ef800000,0x00000055ef900000)]
  0x0000020182500000 JavaThread "JDWP Command Reader" daemon [_thread_in_native, id=34152, stack(0x00000055ef900000,0x00000055efa00000)]
  0x000002018a07e800 JavaThread "HikariPool-1 housekeeper" daemon [_thread_blocked, id=12092, stack(0x00000055f0800000,0x00000055f0900000)]
  0x0000020187716800 JavaThread "Catalina-utility-1" [_thread_blocked, id=32472, stack(0x00000055f0a00000,0x00000055f0b00000)]
  0x000002018fece000 JavaThread "Catalina-utility-2" [_thread_blocked, id=30428, stack(0x00000055f0b00000,0x00000055f0c00000)]
  0x000002018f89f800 JavaThread "container-0" [_thread_blocked, id=18108, stack(0x00000055f0c00000,0x00000055f0d00000)]
  0x00000201883c0800 JavaThread "File Watcher" daemon [_thread_blocked, id=8504, stack(0x00000055f0d00000,0x00000055f0e00000)]
  0x00000201883c0000 JavaThread "Live Reload Server" daemon [_thread_in_native, id=21008, stack(0x00000055f0f00000,0x00000055f1000000)]
  0x00000201883c5800 JavaThread "http-nio-8181-exec-1" daemon [_thread_blocked, id=28548, stack(0x00000055f0e00000,0x00000055f0f00000)]
  0x00000201883c1800 JavaThread "http-nio-8181-exec-2" daemon [_thread_blocked, id=8780, stack(0x00000055f1000000,0x00000055f1100000)]
  0x00000201883c2800 JavaThread "http-nio-8181-exec-3" daemon [_thread_blocked, id=5240, stack(0x00000055f1100000,0x00000055f1200000)]
  0x00000201883c6800 JavaThread "http-nio-8181-exec-4" daemon [_thread_blocked, id=19316, stack(0x00000055f1200000,0x00000055f1300000)]
  0x00000201883c3000 JavaThread "http-nio-8181-exec-5" daemon [_thread_blocked, id=34752, stack(0x00000055f1300000,0x00000055f1400000)]
  0x00000201883c5000 JavaThread "http-nio-8181-exec-6" daemon [_thread_blocked, id=3084, stack(0x00000055f1400000,0x00000055f1500000)]
  0x000002019213d000 JavaThread "http-nio-8181-exec-7" daemon [_thread_blocked, id=10352, stack(0x00000055f1500000,0x00000055f1600000)]
  0x0000020192139800 JavaThread "http-nio-8181-exec-8" daemon [_thread_blocked, id=16284, stack(0x00000055f1600000,0x00000055f1700000)]
  0x0000020192138800 JavaThread "http-nio-8181-exec-9" daemon [_thread_blocked, id=13020, stack(0x00000055f1700000,0x00000055f1800000)]
  0x000002019213f800 JavaThread "http-nio-8181-exec-10" daemon [_thread_blocked, id=33816, stack(0x00000055f1800000,0x00000055f1900000)]
  0x000002019213c000 JavaThread "http-nio-8181-Poller" daemon [_thread_in_native, id=21980, stack(0x00000055f1900000,0x00000055f1a00000)]
  0x0000020192140000 JavaThread "http-nio-8181-Acceptor" daemon [_thread_in_native, id=19516, stack(0x00000055f1a00000,0x00000055f1b00000)]
  0x000002019213e800 JavaThread "scheduling-1" [_thread_blocked, id=23124, stack(0x00000055f1b00000,0x00000055f1c00000)]
  0x000002019213b000 JavaThread "DestroyJavaVM" [_thread_blocked, id=34588, stack(0x00000055ee600000,0x00000055ee700000)]

Other Threads:
  0x0000020182085800 VMThread "VM Thread" [stack: 0x00000055eec00000,0x00000055eed00000] [id=34088]
  0x0000020182823000 WatcherThread [stack: 0x00000055efa00000,0x00000055efb00000] [id=22900]
  0x00000201dea7d800 GCTaskThread "GC Thread#0" [stack: 0x00000055ee700000,0x00000055ee800000] [id=10764]
  0x0000020182e53800 GCTaskThread "GC Thread#1" [stack: 0x00000055efb00000,0x00000055efc00000] [id=29396]
  0x0000020182e04000 GCTaskThread "GC Thread#2" [stack: 0x00000055efc00000,0x00000055efd00000] [id=9288]
  0x0000020182e04800 GCTaskThread "GC Thread#3" [stack: 0x00000055efd00000,0x00000055efe00000] [id=24860]
  0x0000020182e05800 GCTaskThread "GC Thread#4" [stack: 0x00000055efe00000,0x00000055eff00000] [id=34132]
  0x0000020182d9b000 GCTaskThread "GC Thread#5" [stack: 0x00000055eff00000,0x00000055f0000000] [id=15628]
  0x0000020183477800 GCTaskThread "GC Thread#6" [stack: 0x00000055f0300000,0x00000055f0400000] [id=28092]
  0x00000201831e2000 GCTaskThread "GC Thread#7" [stack: 0x00000055f0400000,0x00000055f0500000] [id=1104]
  0x00000201dead8000 ConcurrentGCThread "G1 Main Marker" [stack: 0x00000055ee800000,0x00000055ee900000] [id=30952]
  0x00000201deada800 ConcurrentGCThread "G1 Conc#0" [stack: 0x00000055ee900000,0x00000055eea00000] [id=9616]
  0x000002018358d000 ConcurrentGCThread "G1 Conc#1" [stack: 0x00000055f0600000,0x00000055f0700000] [id=32860]
  0x00000201ff491800 ConcurrentGCThread "G1 Refine#0" [stack: 0x00000055eea00000,0x00000055eeb00000] [id=30120]
  0x000002018336d000 ConcurrentGCThread "G1 Refine#1" [stack: 0x00000055f0500000,0x00000055f0600000] [id=18860]
  0x0000020187830000 ConcurrentGCThread "G1 Refine#2" [stack: 0x00000055ef600000,0x00000055ef700000] [id=12996]
  0x00000201ff492800 ConcurrentGCThread "G1 Young RemSet Sampling" [stack: 0x00000055eeb00000,0x00000055eec00000] [id=12552]

Threads with active compile tasks:
C2 CompilerThread03771381 10939       4       java.net.URLStreamHandler::toExternalForm (156 bytes)

VM state:not at safepoint (normal execution)

VM Mutex/Monitor currently owned by a thread: None

Heap address: 0x0000000703000000, size: 4048 MB, Compressed Oops mode: Zero based, Oop shift amount: 3
Narrow klass base: 0x0000000800000000, Narrow klass shift: 0
Compressed class space size: 1073741824 Address: 0x0000000800000000

Heap:
 garbage-first heap   total 327680K, used 142068K [0x0000000703000000, 0x0000000800000000)
  region size 1024K, 50 young (51200K), 12 survivors (12288K)
 Metaspace       used 82039K, capacity 84300K, committed 84480K, reserved 1122304K
  class space    used 10046K, capacity 10925K, committed 11008K, reserved 1048576K
Heap Regions: E=young(eden), S=young(survivor), O=old, HS=humongous(starts), HC=humongous(continues), CS=collection set, F=free, A=archive, TAMS=top-at-mark-start (previous, next)
|   0|0x0000000703000000, 0x0000000703100000, 0x0000000703100000|100%|HS|  |TAMS 0x0000000703100000, 0x0000000703000000| Complete 
|   1|0x0000000703100000, 0x0000000703200000, 0x0000000703200000|100%| O|  |TAMS 0x0000000703200000, 0x0000000703100000| Untracked 
|   2|0x0000000703200000, 0x0000000703300000, 0x0000000703300000|100%| O|  |TAMS 0x0000000703300000, 0x0000000703200000| Untracked 
|   3|0x0000000703300000, 0x0000000703400000, 0x0000000703400000|100%| O|  |TAMS 0x0000000703400000, 0x0000000703300000| Untracked 
|   4|0x0000000703400000, 0x0000000703500000, 0x0000000703500000|100%| O|  |TAMS 0x0000000703500000, 0x0000000703400000| Untracked 
|   5|0x0000000703500000, 0x0000000703600000, 0x0000000703600000|100%| O|  |TAMS 0x0000000703600000, 0x0000000703500000| Untracked 
|   6|0x0000000703600000, 0x0000000703700000, 0x0000000703700000|100%| O|  |TAMS 0x0000000703700000, 0x0000000703600000| Untracked 
|   7|0x0000000703700000, 0x0000000703800000, 0x0000000703800000|100%| O|  |TAMS 0x0000000703800000, 0x0000000703700000| Untracked 
|   8|0x0000000703800000, 0x0000000703900000, 0x0000000703900000|100%| O|  |TAMS 0x0000000703889800, 0x0000000703800000| Untracked 
|   9|0x0000000703900000, 0x0000000703a00000, 0x0000000703a00000|100%| O|  |TAMS 0x0000000703900000, 0x0000000703900000| Untracked 
|  10|0x0000000703a00000, 0x0000000703b00000, 0x0000000703b00000|100%| O|  |TAMS 0x0000000703a00000, 0x0000000703a00000| Untracked 
|  11|0x0000000703b00000, 0x0000000703c00000, 0x0000000703c00000|100%| O|  |TAMS 0x0000000703b00000, 0x0000000703b00000| Untracked 
|  12|0x0000000703c00000, 0x0000000703d00000, 0x0000000703d00000|100%| O|  |TAMS 0x0000000703c00000, 0x0000000703c00000| Untracked 
|  13|0x0000000703d00000, 0x0000000703e00000, 0x0000000703e00000|100%| O|  |TAMS 0x0000000703d00000, 0x0000000703d00000| Untracked 
|  14|0x0000000703e00000, 0x0000000703f00000, 0x0000000703f00000|100%| O|  |TAMS 0x0000000703e00000, 0x0000000703e00000| Untracked 
|  15|0x0000000703f00000, 0x0000000704000000, 0x0000000704000000|100%| O|  |TAMS 0x0000000703f00000, 0x0000000703f00000| Untracked 
|  16|0x0000000704000000, 0x0000000704100000, 0x0000000704100000|100%| O|  |TAMS 0x0000000704000000, 0x0000000704000000| Untracked 
|  17|0x0000000704100000, 0x0000000704200000, 0x0000000704200000|100%| O|  |TAMS 0x0000000704100000, 0x0000000704100000| Untracked 
|  18|0x0000000704200000, 0x0000000704300000, 0x0000000704300000|100%| O|  |TAMS 0x0000000704200000, 0x0000000704200000| Untracked 
|  19|0x0000000704300000, 0x0000000704400000, 0x0000000704400000|100%| O|  |TAMS 0x0000000704300000, 0x0000000704300000| Untracked 
|  20|0x0000000704400000, 0x0000000704500000, 0x0000000704500000|100%| O|  |TAMS 0x0000000704400000, 0x0000000704400000| Untracked 
|  21|0x0000000704500000, 0x0000000704600000, 0x0000000704600000|100%| O|  |TAMS 0x0000000704500000, 0x0000000704500000| Untracked 
|  22|0x0000000704600000, 0x0000000704700000, 0x0000000704700000|100%| O|  |TAMS 0x0000000704600000, 0x0000000704600000| Untracked 
|  23|0x0000000704700000, 0x0000000704800000, 0x0000000704800000|100%| O|  |TAMS 0x0000000704700000, 0x0000000704700000| Untracked 
|  24|0x0000000704800000, 0x0000000704900000, 0x0000000704900000|100%| O|  |TAMS 0x0000000704800000, 0x0000000704800000| Untracked 
|  25|0x0000000704900000, 0x0000000704a00000, 0x0000000704a00000|100%| O|  |TAMS 0x0000000704900000, 0x0000000704900000| Untracked 
|  26|0x0000000704a00000, 0x0000000704afa400, 0x0000000704b00000| 97%| O|  |TAMS 0x0000000704a00000, 0x0000000704a00000| Untracked 
|  27|0x0000000704b00000, 0x0000000704c00000, 0x0000000704c00000|100%|HS|  |TAMS 0x0000000704b00000, 0x0000000704b00000| Complete 
|  28|0x0000000704c00000, 0x0000000704d00000, 0x0000000704d00000|100%|HC|  |TAMS 0x0000000704c00000, 0x0000000704c00000| Complete 
|  29|0x0000000704d00000, 0x0000000704e00000, 0x0000000704e00000|100%|HS|  |TAMS 0x0000000704d00000, 0x0000000704d00000| Complete 
|  30|0x0000000704e00000, 0x0000000704f00000, 0x0000000704f00000|100%|HC|  |TAMS 0x0000000704e00000, 0x0000000704e00000| Complete 
|  31|0x0000000704f00000, 0x0000000705000000, 0x0000000705000000|100%|HC|  |TAMS 0x0000000704f00000, 0x0000000704f00000| Complete 
|  32|0x0000000705000000, 0x0000000705100000, 0x0000000705100000|100%|HC|  |TAMS 0x0000000705000000, 0x0000000705000000| Complete 
|  33|0x0000000705100000, 0x0000000705200000, 0x0000000705200000|100%|HS|  |TAMS 0x0000000705100000, 0x0000000705100000| Complete 
|  34|0x0000000705200000, 0x0000000705300000, 0x0000000705300000|100%|HC|  |TAMS 0x0000000705200000, 0x0000000705200000| Complete 
|  35|0x0000000705300000, 0x0000000705400000, 0x0000000705400000|100%|HS|  |TAMS 0x0000000705300000, 0x0000000705300000| Complete 
|  36|0x0000000705400000, 0x0000000705500000, 0x0000000705500000|100%|HC|  |TAMS 0x0000000705400000, 0x0000000705400000| Complete 
|  37|0x0000000705500000, 0x0000000705600000, 0x0000000705600000|100%|HS|  |TAMS 0x0000000705500000, 0x0000000705500000| Complete 
|  38|0x0000000705600000, 0x0000000705700000, 0x0000000705700000|100%|HC|  |TAMS 0x0000000705600000, 0x0000000705600000| Complete 
|  39|0x0000000705700000, 0x0000000705800000, 0x0000000705800000|100%|HC|  |TAMS 0x0000000705700000, 0x0000000705700000| Complete 
|  40|0x0000000705800000, 0x0000000705900000, 0x0000000705900000|100%|HC|  |TAMS 0x0000000705800000, 0x0000000705800000| Complete 
|  41|0x0000000705900000, 0x0000000705a00000, 0x0000000705a00000|100%|HS|  |TAMS 0x0000000705900000, 0x0000000705900000| Complete 
|  42|0x0000000705a00000, 0x0000000705b00000, 0x0000000705b00000|100%|HC|  |TAMS 0x0000000705a00000, 0x0000000705a00000| Complete 
|  43|0x0000000705b00000, 0x0000000705c00000, 0x0000000705c00000|100%|HS|  |TAMS 0x0000000705b00000, 0x0000000705b00000| Complete 
|  44|0x0000000705c00000, 0x0000000705d00000, 0x0000000705d00000|100%|HC|  |TAMS 0x0000000705c00000, 0x0000000705c00000| Complete 
|  45|0x0000000705d00000, 0x0000000705e00000, 0x0000000705e00000|100%|HS|  |TAMS 0x0000000705d00000, 0x0000000705d00000| Complete 
|  46|0x0000000705e00000, 0x0000000705f00000, 0x0000000705f00000|100%|HC|  |TAMS 0x0000000705e00000, 0x0000000705e00000| Complete 
|  47|0x0000000705f00000, 0x0000000706000000, 0x0000000706000000|100%|HC|  |TAMS 0x0000000705f00000, 0x0000000705f00000| Complete 
|  48|0x0000000706000000, 0x0000000706100000, 0x0000000706100000|100%|HC|  |TAMS 0x0000000706000000, 0x0000000706000000| Complete 
|  49|0x0000000706100000, 0x0000000706200000, 0x0000000706200000|100%|HS|  |TAMS 0x0000000706100000, 0x0000000706100000| Complete 
|  50|0x0000000706200000, 0x0000000706300000, 0x0000000706300000|100%|HC|  |TAMS 0x0000000706200000, 0x0000000706200000| Complete 
|  51|0x0000000706300000, 0x0000000706400000, 0x0000000706400000|100%|HS|  |TAMS 0x0000000706300000, 0x0000000706300000| Complete 
|  52|0x0000000706400000, 0x0000000706500000, 0x0000000706500000|100%|HC|  |TAMS 0x0000000706400000, 0x0000000706400000| Complete 
|  53|0x0000000706500000, 0x0000000706600000, 0x0000000706600000|100%|HS|  |TAMS 0x0000000706500000, 0x0000000706500000| Complete 
|  54|0x0000000706600000, 0x0000000706700000, 0x0000000706700000|100%|HC|  |TAMS 0x0000000706600000, 0x0000000706600000| Complete 
|  55|0x0000000706700000, 0x0000000706800000, 0x0000000706800000|100%|HC|  |TAMS 0x0000000706700000, 0x0000000706700000| Complete 
|  56|0x0000000706800000, 0x0000000706900000, 0x0000000706900000|100%|HC|  |TAMS 0x0000000706800000, 0x0000000706800000| Complete 
|  57|0x0000000706900000, 0x0000000706a00000, 0x0000000706a00000|100%|HS|  |TAMS 0x0000000706900000, 0x0000000706900000| Complete 
|  58|0x0000000706a00000, 0x0000000706b00000, 0x0000000706b00000|100%|HC|  |TAMS 0x0000000706a00000, 0x0000000706a00000| Complete 
|  59|0x0000000706b00000, 0x0000000706c00000, 0x0000000706c00000|100%|HS|  |TAMS 0x0000000706b00000, 0x0000000706b00000| Complete 
|  60|0x0000000706c00000, 0x0000000706d00000, 0x0000000706d00000|100%|HC|  |TAMS 0x0000000706c00000, 0x0000000706c00000| Complete 
|  61|0x0000000706d00000, 0x0000000706e00000, 0x0000000706e00000|100%|HS|  |TAMS 0x0000000706d00000, 0x0000000706d00000| Complete 
|  62|0x0000000706e00000, 0x0000000706f00000, 0x0000000706f00000|100%|HC|  |TAMS 0x0000000706e00000, 0x0000000706e00000| Complete 
|  63|0x0000000706f00000, 0x0000000707000000, 0x0000000707000000|100%|HS|  |TAMS 0x0000000706f00000, 0x0000000706f00000| Complete 
|  64|0x0000000707000000, 0x0000000707100000, 0x0000000707100000|100%|HC|  |TAMS 0x0000000707000000, 0x0000000707000000| Complete 
|  65|0x0000000707100000, 0x0000000707200000, 0x0000000707200000|100%|HS|  |TAMS 0x0000000707100000, 0x0000000707100000| Complete 
|  66|0x0000000707200000, 0x0000000707300000, 0x0000000707300000|100%|HC|  |TAMS 0x0000000707200000, 0x0000000707200000| Complete 
|  67|0x0000000707300000, 0x0000000707400000, 0x0000000707400000|100%|HS|  |TAMS 0x0000000707300000, 0x0000000707300000| Complete 
|  68|0x0000000707400000, 0x0000000707500000, 0x0000000707500000|100%|HC|  |TAMS 0x0000000707400000, 0x0000000707400000| Complete 
|  69|0x0000000707500000, 0x0000000707600000, 0x0000000707600000|100%|HS|  |TAMS 0x0000000707500000, 0x0000000707500000| Complete 
|  70|0x0000000707600000, 0x0000000707700000, 0x0000000707700000|100%|HC|  |TAMS 0x0000000707600000, 0x0000000707600000| Complete 
|  71|0x0000000707700000, 0x0000000707800000, 0x0000000707800000|100%|HC|  |TAMS 0x0000000707700000, 0x0000000707700000| Complete 
|  72|0x0000000707800000, 0x0000000707900000, 0x0000000707900000|100%|HC|  |TAMS 0x0000000707800000, 0x0000000707800000| Complete 
|  73|0x0000000707900000, 0x0000000707a00000, 0x0000000707a00000|100%|HS|  |TAMS 0x0000000707900000, 0x0000000707900000| Complete 
|  74|0x0000000707a00000, 0x0000000707b00000, 0x0000000707b00000|100%|HC|  |TAMS 0x0000000707a00000, 0x0000000707a00000| Complete 
|  75|0x0000000707b00000, 0x0000000707c00000, 0x0000000707c00000|100%|HS|  |TAMS 0x0000000707b00000, 0x0000000707b00000| Complete 
|  76|0x0000000707c00000, 0x0000000707d00000, 0x0000000707d00000|100%|HC|  |TAMS 0x0000000707c00000, 0x0000000707c00000| Complete 
|  77|0x0000000707d00000, 0x0000000707e00000, 0x0000000707e00000|100%|HS|  |TAMS 0x0000000707d00000, 0x0000000707d00000| Complete 
|  78|0x0000000707e00000, 0x0000000707f00000, 0x0000000707f00000|100%|HC|  |TAMS 0x0000000707e00000, 0x0000000707e00000| Complete 
|  79|0x0000000707f00000, 0x0000000708000000, 0x0000000708000000|100%|HC|  |TAMS 0x0000000707f00000, 0x0000000707f00000| Complete 
|  80|0x0000000708000000, 0x0000000708100000, 0x0000000708100000|100%|HC|  |TAMS 0x0000000708000000, 0x0000000708000000| Complete 
|  81|0x0000000708100000, 0x0000000708200000, 0x0000000708200000|100%|HS|  |TAMS 0x0000000708100000, 0x0000000708100000| Complete 
|  82|0x0000000708200000, 0x0000000708300000, 0x0000000708300000|100%|HC|  |TAMS 0x0000000708200000, 0x0000000708200000| Complete 
|  83|0x0000000708300000, 0x0000000708400000, 0x0000000708400000|100%|HS|  |TAMS 0x0000000708300000, 0x0000000708300000| Complete 
|  84|0x0000000708400000, 0x0000000708500000, 0x0000000708500000|100%|HC|  |TAMS 0x0000000708400000, 0x0000000708400000| Complete 
|  85|0x0000000708500000, 0x0000000708500000, 0x0000000708600000|  0%| F|  |TAMS 0x0000000708500000, 0x0000000708500000| Untracked 
|  86|0x0000000708600000, 0x0000000708600000, 0x0000000708700000|  0%| F|  |TAMS 0x0000000708600000, 0x0000000708600000| Untracked 
|  87|0x0000000708700000, 0x0000000708700000, 0x0000000708800000|  0%| F|  |TAMS 0x0000000708700000, 0x0000000708700000| Untracked 
|  88|0x0000000708800000, 0x0000000708800000, 0x0000000708900000|  0%| F|  |TAMS 0x0000000708800000, 0x0000000708800000| Untracked 
|  89|0x0000000708900000, 0x0000000708900000, 0x0000000708a00000|  0%| F|  |TAMS 0x0000000708900000, 0x0000000708900000| Untracked 
|  90|0x0000000708a00000, 0x0000000708a00000, 0x0000000708b00000|  0%| F|  |TAMS 0x0000000708a00000, 0x0000000708a00000| Untracked 
|  91|0x0000000708b00000, 0x0000000708b00000, 0x0000000708c00000|  0%| F|  |TAMS 0x0000000708b00000, 0x0000000708b00000| Untracked 
|  92|0x0000000708c00000, 0x0000000708c00000, 0x0000000708d00000|  0%| F|  |TAMS 0x0000000708c00000, 0x0000000708c00000| Untracked 
|  93|0x0000000708d00000, 0x0000000708d00000, 0x0000000708e00000|  0%| F|  |TAMS 0x0000000708d00000, 0x0000000708d00000| Untracked 
|  94|0x0000000708e00000, 0x0000000708e00000, 0x0000000708f00000|  0%| F|  |TAMS 0x0000000708e00000, 0x0000000708e00000| Untracked 
|  95|0x0000000708f00000, 0x0000000708f00000, 0x0000000709000000|  0%| F|  |TAMS 0x0000000708f00000, 0x0000000708f00000| Untracked 
|  96|0x0000000709000000, 0x0000000709000000, 0x0000000709100000|  0%| F|  |TAMS 0x0000000709000000, 0x0000000709000000| Untracked 
|  97|0x0000000709100000, 0x0000000709100000, 0x0000000709200000|  0%| F|  |TAMS 0x0000000709100000, 0x0000000709100000| Untracked 
|  98|0x0000000709200000, 0x0000000709200000, 0x0000000709300000|  0%| F|  |TAMS 0x0000000709200000, 0x0000000709200000| Untracked 
|  99|0x0000000709300000, 0x0000000709300000, 0x0000000709400000|  0%| F|  |TAMS 0x0000000709300000, 0x0000000709300000| Untracked 
| 100|0x0000000709400000, 0x0000000709400000, 0x0000000709500000|  0%| F|  |TAMS 0x0000000709400000, 0x0000000709400000| Untracked 
| 101|0x0000000709500000, 0x0000000709500000, 0x0000000709600000|  0%| F|  |TAMS 0x0000000709500000, 0x0000000709500000| Untracked 
| 102|0x0000000709600000, 0x0000000709600000, 0x0000000709700000|  0%| F|  |TAMS 0x0000000709600000, 0x0000000709600000| Untracked 
| 103|0x0000000709700000, 0x0000000709700000, 0x0000000709800000|  0%| F|  |TAMS 0x0000000709700000, 0x0000000709700000| Untracked 
| 104|0x0000000709800000, 0x0000000709800000, 0x0000000709900000|  0%| F|  |TAMS 0x0000000709800000, 0x0000000709800000| Untracked 
| 105|0x0000000709900000, 0x0000000709900000, 0x0000000709a00000|  0%| F|  |TAMS 0x0000000709900000, 0x0000000709900000| Untracked 
| 106|0x0000000709a00000, 0x0000000709a00000, 0x0000000709b00000|  0%| F|  |TAMS 0x0000000709a00000, 0x0000000709a00000| Untracked 
| 107|0x0000000709b00000, 0x0000000709b00000, 0x0000000709c00000|  0%| F|  |TAMS 0x0000000709b00000, 0x0000000709b00000| Untracked 
| 108|0x0000000709c00000, 0x0000000709c00000, 0x0000000709d00000|  0%| F|  |TAMS 0x0000000709c00000, 0x0000000709c00000| Untracked 
| 109|0x0000000709d00000, 0x0000000709d00000, 0x0000000709e00000|  0%| F|  |TAMS 0x0000000709d00000, 0x0000000709d00000| Untracked 
| 110|0x0000000709e00000, 0x0000000709e00000, 0x0000000709f00000|  0%| F|  |TAMS 0x0000000709e00000, 0x0000000709e00000| Untracked 
| 111|0x0000000709f00000, 0x0000000709f00000, 0x000000070a000000|  0%| F|  |TAMS 0x0000000709f00000, 0x0000000709f00000| Untracked 
| 112|0x000000070a000000, 0x000000070a000000, 0x000000070a100000|  0%| F|  |TAMS 0x000000070a000000, 0x000000070a000000| Untracked 
| 113|0x000000070a100000, 0x000000070a200000, 0x000000070a200000|100%| S|CS|TAMS 0x000000070a100000, 0x000000070a100000| Complete 
| 114|0x000000070a200000, 0x000000070a200000, 0x000000070a300000|  0%| F|  |TAMS 0x000000070a200000, 0x000000070a200000| Untracked 
| 115|0x000000070a300000, 0x000000070a300000, 0x000000070a400000|  0%| F|  |TAMS 0x000000070a300000, 0x000000070a300000| Untracked 
| 116|0x000000070a400000, 0x000000070a400000, 0x000000070a500000|  0%| F|  |TAMS 0x000000070a400000, 0x000000070a400000| Untracked 
| 117|0x000000070a500000, 0x000000070a500000, 0x000000070a600000|  0%| F|  |TAMS 0x000000070a500000, 0x000000070a500000| Untracked 
| 118|0x000000070a600000, 0x000000070a600000, 0x000000070a700000|  0%| F|  |TAMS 0x000000070a600000, 0x000000070a600000| Untracked 
| 119|0x000000070a700000, 0x000000070a700000, 0x000000070a800000|  0%| F|  |TAMS 0x000000070a700000, 0x000000070a700000| Untracked 
| 120|0x000000070a800000, 0x000000070a800000, 0x000000070a900000|  0%| F|  |TAMS 0x000000070a800000, 0x000000070a800000| Untracked 
| 121|0x000000070a900000, 0x000000070a900000, 0x000000070aa00000|  0%| F|  |TAMS 0x000000070a900000, 0x000000070a900000| Untracked 
| 122|0x000000070aa00000, 0x000000070aa00000, 0x000000070ab00000|  0%| F|  |TAMS 0x000000070aa00000, 0x000000070aa00000| Untracked 
| 123|0x000000070ab00000, 0x000000070ab00000, 0x000000070ac00000|  0%| F|  |TAMS 0x000000070ab00000, 0x000000070ab00000| Untracked 
| 124|0x000000070ac00000, 0x000000070ac00000, 0x000000070ad00000|  0%| F|  |TAMS 0x000000070ac00000, 0x000000070ac00000| Untracked 
| 125|0x000000070ad00000, 0x000000070ad00000, 0x000000070ae00000|  0%| F|  |TAMS 0x000000070ad00000, 0x000000070ad00000| Untracked 
| 126|0x000000070ae00000, 0x000000070ae00000, 0x000000070af00000|  0%| F|  |TAMS 0x000000070ae00000, 0x000000070ae00000| Untracked 
| 127|0x000000070af00000, 0x000000070af00000, 0x000000070b000000|  0%| F|  |TAMS 0x000000070af00000, 0x000000070af00000| Untracked 
| 128|0x000000070b000000, 0x000000070b100000, 0x000000070b100000|100%|HS|  |TAMS 0x000000070b000000, 0x000000070b000000| Complete 
| 129|0x000000070b100000, 0x000000070b200000, 0x000000070b200000|100%|HC|  |TAMS 0x000000070b100000, 0x000000070b100000| Complete 
| 130|0x000000070b200000, 0x000000070b200000, 0x000000070b300000|  0%| F|  |TAMS 0x000000070b200000, 0x000000070b200000| Untracked 
| 131|0x000000070b300000, 0x000000070b300000, 0x000000070b400000|  0%| F|  |TAMS 0x000000070b300000, 0x000000070b300000| Untracked 
| 132|0x000000070b400000, 0x000000070b400000, 0x000000070b500000|  0%| F|  |TAMS 0x000000070b400000, 0x000000070b400000| Untracked 
| 133|0x000000070b500000, 0x000000070b500000, 0x000000070b600000|  0%| F|  |TAMS 0x000000070b500000, 0x000000070b500000| Untracked 
| 134|0x000000070b600000, 0x000000070b600000, 0x000000070b700000|  0%| F|  |TAMS 0x000000070b600000, 0x000000070b600000| Untracked 
| 135|0x000000070b700000, 0x000000070b700000, 0x000000070b800000|  0%| F|  |TAMS 0x000000070b700000, 0x000000070b700000| Untracked 
| 136|0x000000070b800000, 0x000000070b800000, 0x000000070b900000|  0%| F|  |TAMS 0x000000070b800000, 0x000000070b800000| Untracked 
| 137|0x000000070b900000, 0x000000070b900000, 0x000000070ba00000|  0%| F|  |TAMS 0x000000070b900000, 0x000000070b900000| Untracked 
| 138|0x000000070ba00000, 0x000000070ba00000, 0x000000070bb00000|  0%| F|  |TAMS 0x000000070ba00000, 0x000000070ba00000| Untracked 
| 139|0x000000070bb00000, 0x000000070bb00000, 0x000000070bc00000|  0%| F|  |TAMS 0x000000070bb00000, 0x000000070bb00000| Untracked 
| 140|0x000000070bc00000, 0x000000070bc00000, 0x000000070bd00000|  0%| F|  |TAMS 0x000000070bc00000, 0x000000070bc00000| Untracked 
| 141|0x000000070bd00000, 0x000000070bd00000, 0x000000070be00000|  0%| F|  |TAMS 0x000000070bd00000, 0x000000070bd00000| Untracked 
| 142|0x000000070be00000, 0x000000070be00000, 0x000000070bf00000|  0%| F|  |TAMS 0x000000070be00000, 0x000000070be00000| Untracked 
| 143|0x000000070bf00000, 0x000000070bf00000, 0x000000070c000000|  0%| F|  |TAMS 0x000000070bf00000, 0x000000070bf00000| Untracked 
| 144|0x000000070c000000, 0x000000070c000000, 0x000000070c100000|  0%| F|  |TAMS 0x000000070c000000, 0x000000070c000000| Untracked 
| 145|0x000000070c100000, 0x000000070c100000, 0x000000070c200000|  0%| F|  |TAMS 0x000000070c100000, 0x000000070c100000| Untracked 
| 146|0x000000070c200000, 0x000000070c200000, 0x000000070c300000|  0%| F|  |TAMS 0x000000070c200000, 0x000000070c200000| Untracked 
| 147|0x000000070c300000, 0x000000070c300000, 0x000000070c400000|  0%| F|  |TAMS 0x000000070c300000, 0x000000070c300000| Untracked 
| 148|0x000000070c400000, 0x000000070c400000, 0x000000070c500000|  0%| F|  |TAMS 0x000000070c400000, 0x000000070c400000| Untracked 
| 149|0x000000070c500000, 0x000000070c500000, 0x000000070c600000|  0%| F|  |TAMS 0x000000070c500000, 0x000000070c500000| Untracked 
| 150|0x000000070c600000, 0x000000070c600000, 0x000000070c700000|  0%| F|  |TAMS 0x000000070c600000, 0x000000070c600000| Untracked 
| 151|0x000000070c700000, 0x000000070c700000, 0x000000070c800000|  0%| F|  |TAMS 0x000000070c700000, 0x000000070c700000| Untracked 
| 152|0x000000070c800000, 0x000000070c800000, 0x000000070c900000|  0%| F|  |TAMS 0x000000070c800000, 0x000000070c800000| Untracked 
| 153|0x000000070c900000, 0x000000070c900000, 0x000000070ca00000|  0%| F|  |TAMS 0x000000070c900000, 0x000000070c900000| Untracked 
| 154|0x000000070ca00000, 0x000000070ca00000, 0x000000070cb00000|  0%| F|  |TAMS 0x000000070ca00000, 0x000000070ca00000| Untracked 
| 155|0x000000070cb00000, 0x000000070cb00000, 0x000000070cc00000|  0%| F|  |TAMS 0x000000070cb00000, 0x000000070cb00000| Untracked 
| 156|0x000000070cc00000, 0x000000070cc00000, 0x000000070cd00000|  0%| F|  |TAMS 0x000000070cc00000, 0x000000070cc00000| Untracked 
| 157|0x000000070cd00000, 0x000000070cd00000, 0x000000070ce00000|  0%| F|  |TAMS 0x000000070cd00000, 0x000000070cd00000| Untracked 
| 158|0x000000070ce00000, 0x000000070ce00000, 0x000000070cf00000|  0%| F|  |TAMS 0x000000070ce00000, 0x000000070ce00000| Untracked 
| 159|0x000000070cf00000, 0x000000070cf00000, 0x000000070d000000|  0%| F|  |TAMS 0x000000070cf00000, 0x000000070cf00000| Untracked 
| 160|0x000000070d000000, 0x000000070d000000, 0x000000070d100000|  0%| F|  |TAMS 0x000000070d000000, 0x000000070d000000| Untracked 
| 161|0x000000070d100000, 0x000000070d100000, 0x000000070d200000|  0%| F|  |TAMS 0x000000070d100000, 0x000000070d100000| Untracked 
| 162|0x000000070d200000, 0x000000070d200000, 0x000000070d300000|  0%| F|  |TAMS 0x000000070d200000, 0x000000070d200000| Untracked 
| 163|0x000000070d300000, 0x000000070d300000, 0x000000070d400000|  0%| F|  |TAMS 0x000000070d300000, 0x000000070d300000| Untracked 
| 164|0x000000070d400000, 0x000000070d400000, 0x000000070d500000|  0%| F|  |TAMS 0x000000070d400000, 0x000000070d400000| Untracked 
| 165|0x000000070d500000, 0x000000070d500000, 0x000000070d600000|  0%| F|  |TAMS 0x000000070d500000, 0x000000070d500000| Untracked 
| 166|0x000000070d600000, 0x000000070d600000, 0x000000070d700000|  0%| F|  |TAMS 0x000000070d600000, 0x000000070d600000| Untracked 
| 167|0x000000070d700000, 0x000000070d700000, 0x000000070d800000|  0%| F|  |TAMS 0x000000070d700000, 0x000000070d700000| Untracked 
| 168|0x000000070d800000, 0x000000070d800000, 0x000000070d900000|  0%| F|  |TAMS 0x000000070d800000, 0x000000070d800000| Untracked 
| 169|0x000000070d900000, 0x000000070d900000, 0x000000070da00000|  0%| F|  |TAMS 0x000000070d900000, 0x000000070d900000| Untracked 
| 170|0x000000070da00000, 0x000000070da00000, 0x000000070db00000|  0%| F|  |TAMS 0x000000070da00000, 0x000000070da00000| Untracked 
| 171|0x000000070db00000, 0x000000070db00000, 0x000000070dc00000|  0%| F|  |TAMS 0x000000070db00000, 0x000000070db00000| Untracked 
| 172|0x000000070dc00000, 0x000000070dc00000, 0x000000070dd00000|  0%| F|  |TAMS 0x000000070dc00000, 0x000000070dc00000| Untracked 
| 173|0x000000070dd00000, 0x000000070dd00000, 0x000000070de00000|  0%| F|  |TAMS 0x000000070dd00000, 0x000000070dd00000| Untracked 
| 174|0x000000070de00000, 0x000000070de00000, 0x000000070df00000|  0%| F|  |TAMS 0x000000070de00000, 0x000000070de00000| Untracked 
| 175|0x000000070df00000, 0x000000070df00000, 0x000000070e000000|  0%| F|  |TAMS 0x000000070df00000, 0x000000070df00000| Untracked 
| 176|0x000000070e000000, 0x000000070e000000, 0x000000070e100000|  0%| F|  |TAMS 0x000000070e000000, 0x000000070e000000| Untracked 
| 177|0x000000070e100000, 0x000000070e100000, 0x000000070e200000|  0%| F|  |TAMS 0x000000070e100000, 0x000000070e100000| Untracked 
| 178|0x000000070e200000, 0x000000070e200000, 0x000000070e300000|  0%| F|  |TAMS 0x000000070e200000, 0x000000070e200000| Untracked 
| 179|0x000000070e300000, 0x000000070e300000, 0x000000070e400000|  0%| F|  |TAMS 0x000000070e300000, 0x000000070e300000| Untracked 
| 180|0x000000070e400000, 0x000000070e400000, 0x000000070e500000|  0%| F|  |TAMS 0x000000070e400000, 0x000000070e400000| Untracked 
| 181|0x000000070e500000, 0x000000070e500000, 0x000000070e600000|  0%| F|  |TAMS 0x000000070e500000, 0x000000070e500000| Untracked 
| 182|0x000000070e600000, 0x000000070e600000, 0x000000070e700000|  0%| F|  |TAMS 0x000000070e600000, 0x000000070e600000| Untracked 
| 183|0x000000070e700000, 0x000000070e700000, 0x000000070e800000|  0%| F|  |TAMS 0x000000070e700000, 0x000000070e700000| Untracked 
| 184|0x000000070e800000, 0x000000070e800000, 0x000000070e900000|  0%| F|  |TAMS 0x000000070e800000, 0x000000070e800000| Untracked 
| 185|0x000000070e900000, 0x000000070e900000, 0x000000070ea00000|  0%| F|  |TAMS 0x000000070e900000, 0x000000070e900000| Untracked 
| 186|0x000000070ea00000, 0x000000070ea00000, 0x000000070eb00000|  0%| F|  |TAMS 0x000000070ea00000, 0x000000070ea00000| Untracked 
| 187|0x000000070eb00000, 0x000000070eb00000, 0x000000070ec00000|  0%| F|  |TAMS 0x000000070eb00000, 0x000000070eb00000| Untracked 
| 188|0x000000070ec00000, 0x000000070ec00000, 0x000000070ed00000|  0%| F|  |TAMS 0x000000070ec00000, 0x000000070ec00000| Untracked 
| 189|0x000000070ed00000, 0x000000070ed00000, 0x000000070ee00000|  0%| F|  |TAMS 0x000000070ed00000, 0x000000070ed00000| Untracked 
| 190|0x000000070ee00000, 0x000000070ee00000, 0x000000070ef00000|  0%| F|  |TAMS 0x000000070ee00000, 0x000000070ee00000| Untracked 
| 191|0x000000070ef00000, 0x000000070ef00000, 0x000000070f000000|  0%| F|  |TAMS 0x000000070ef00000, 0x000000070ef00000| Untracked 
| 192|0x000000070f000000, 0x000000070f000000, 0x000000070f100000|  0%| F|  |TAMS 0x000000070f000000, 0x000000070f000000| Untracked 
| 193|0x000000070f100000, 0x000000070f100000, 0x000000070f200000|  0%| F|  |TAMS 0x000000070f100000, 0x000000070f100000| Untracked 
| 194|0x000000070f200000, 0x000000070f200000, 0x000000070f300000|  0%| F|  |TAMS 0x000000070f200000, 0x000000070f200000| Untracked 
| 195|0x000000070f300000, 0x000000070f300000, 0x000000070f400000|  0%| F|  |TAMS 0x000000070f300000, 0x000000070f300000| Untracked 
| 196|0x000000070f400000, 0x000000070f400000, 0x000000070f500000|  0%| F|  |TAMS 0x000000070f400000, 0x000000070f400000| Untracked 
| 197|0x000000070f500000, 0x000000070f500000, 0x000000070f600000|  0%| F|  |TAMS 0x000000070f500000, 0x000000070f500000| Untracked 
| 198|0x000000070f600000, 0x000000070f600000, 0x000000070f700000|  0%| F|  |TAMS 0x000000070f600000, 0x000000070f600000| Untracked 
| 199|0x000000070f700000, 0x000000070f700000, 0x000000070f800000|  0%| F|  |TAMS 0x000000070f700000, 0x000000070f700000| Untracked 
| 200|0x000000070f800000, 0x000000070f800000, 0x000000070f900000|  0%| F|  |TAMS 0x000000070f800000, 0x000000070f800000| Untracked 
| 201|0x000000070f900000, 0x000000070f900000, 0x000000070fa00000|  0%| F|  |TAMS 0x000000070f900000, 0x000000070f900000| Untracked 
| 202|0x000000070fa00000, 0x000000070fa00000, 0x000000070fb00000|  0%| F|  |TAMS 0x000000070fa00000, 0x000000070fa00000| Untracked 
| 203|0x000000070fb00000, 0x000000070fb00000, 0x000000070fc00000|  0%| F|  |TAMS 0x000000070fb00000, 0x000000070fb00000| Untracked 
| 204|0x000000070fc00000, 0x000000070fc00000, 0x000000070fd00000|  0%| F|  |TAMS 0x000000070fc00000, 0x000000070fc00000| Untracked 
| 205|0x000000070fd00000, 0x000000070fd00000, 0x000000070fe00000|  0%| F|  |TAMS 0x000000070fd00000, 0x000000070fd00000| Untracked 
| 206|0x000000070fe00000, 0x000000070fe00000, 0x000000070ff00000|  0%| F|  |TAMS 0x000000070fe00000, 0x000000070fe00000| Untracked 
| 207|0x000000070ff00000, 0x000000070ff00000, 0x0000000710000000|  0%| F|  |TAMS 0x000000070ff00000, 0x000000070ff00000| Untracked 
| 208|0x0000000710000000, 0x0000000710000000, 0x0000000710100000|  0%| F|  |TAMS 0x0000000710000000, 0x0000000710000000| Untracked 
| 209|0x0000000710100000, 0x0000000710100000, 0x0000000710200000|  0%| F|  |TAMS 0x0000000710100000, 0x0000000710100000| Untracked 
| 210|0x0000000710200000, 0x0000000710200000, 0x0000000710300000|  0%| F|  |TAMS 0x0000000710200000, 0x0000000710200000| Untracked 
| 211|0x0000000710300000, 0x0000000710300000, 0x0000000710400000|  0%| F|  |TAMS 0x0000000710300000, 0x0000000710300000| Untracked 
| 212|0x0000000710400000, 0x0000000710400000, 0x0000000710500000|  0%| F|  |TAMS 0x0000000710400000, 0x0000000710400000| Untracked 
| 213|0x0000000710500000, 0x0000000710500000, 0x0000000710600000|  0%| F|  |TAMS 0x0000000710500000, 0x0000000710500000| Untracked 
| 214|0x0000000710600000, 0x0000000710600000, 0x0000000710700000|  0%| F|  |TAMS 0x0000000710600000, 0x0000000710600000| Untracked 
| 215|0x0000000710700000, 0x0000000710700000, 0x0000000710800000|  0%| F|  |TAMS 0x0000000710700000, 0x0000000710700000| Untracked 
| 216|0x0000000710800000, 0x0000000710800000, 0x0000000710900000|  0%| F|  |TAMS 0x0000000710800000, 0x0000000710800000| Untracked 
| 217|0x0000000710900000, 0x0000000710900000, 0x0000000710a00000|  0%| F|  |TAMS 0x0000000710900000, 0x0000000710900000| Untracked 
| 218|0x0000000710a00000, 0x0000000710a00000, 0x0000000710b00000|  0%| F|  |TAMS 0x0000000710a00000, 0x0000000710a00000| Untracked 
| 219|0x0000000710b00000, 0x0000000710b00000, 0x0000000710c00000|  0%| F|  |TAMS 0x0000000710b00000, 0x0000000710b00000| Untracked 
| 220|0x0000000710c00000, 0x0000000710c00000, 0x0000000710d00000|  0%| F|  |TAMS 0x0000000710c00000, 0x0000000710c00000| Untracked 
| 221|0x0000000710d00000, 0x0000000710d00000, 0x0000000710e00000|  0%| F|  |TAMS 0x0000000710d00000, 0x0000000710d00000| Untracked 
| 222|0x0000000710e00000, 0x0000000710e00000, 0x0000000710f00000|  0%| F|  |TAMS 0x0000000710e00000, 0x0000000710e00000| Untracked 
| 223|0x0000000710f00000, 0x0000000710f00000, 0x0000000711000000|  0%| F|  |TAMS 0x0000000710f00000, 0x0000000710f00000| Untracked 
| 224|0x0000000711000000, 0x0000000711000000, 0x0000000711100000|  0%| F|  |TAMS 0x0000000711000000, 0x0000000711000000| Untracked 
| 225|0x0000000711100000, 0x0000000711100000, 0x0000000711200000|  0%| F|  |TAMS 0x0000000711100000, 0x0000000711100000| Untracked 
| 226|0x0000000711200000, 0x0000000711200000, 0x0000000711300000|  0%| F|  |TAMS 0x0000000711200000, 0x0000000711200000| Untracked 
| 227|0x0000000711300000, 0x0000000711300000, 0x0000000711400000|  0%| F|  |TAMS 0x0000000711300000, 0x0000000711300000| Untracked 
| 228|0x0000000711400000, 0x0000000711400000, 0x0000000711500000|  0%| F|  |TAMS 0x0000000711400000, 0x0000000711400000| Untracked 
| 229|0x0000000711500000, 0x0000000711500000, 0x0000000711600000|  0%| F|  |TAMS 0x0000000711500000, 0x0000000711500000| Untracked 
| 230|0x0000000711600000, 0x0000000711600000, 0x0000000711700000|  0%| F|  |TAMS 0x0000000711600000, 0x0000000711600000| Untracked 
| 231|0x0000000711700000, 0x0000000711700000, 0x0000000711800000|  0%| F|  |TAMS 0x0000000711700000, 0x0000000711700000| Untracked 
| 232|0x0000000711800000, 0x0000000711800000, 0x0000000711900000|  0%| F|  |TAMS 0x0000000711800000, 0x0000000711800000| Untracked 
| 233|0x0000000711900000, 0x0000000711900000, 0x0000000711a00000|  0%| F|  |TAMS 0x0000000711900000, 0x0000000711900000| Untracked 
| 234|0x0000000711a00000, 0x0000000711a00000, 0x0000000711b00000|  0%| F|  |TAMS 0x0000000711a00000, 0x0000000711a00000| Untracked 
| 235|0x0000000711b00000, 0x0000000711b00000, 0x0000000711c00000|  0%| F|  |TAMS 0x0000000711b00000, 0x0000000711b00000| Untracked 
| 236|0x0000000711c00000, 0x0000000711c00000, 0x0000000711d00000|  0%| F|  |TAMS 0x0000000711c00000, 0x0000000711c00000| Untracked 
| 237|0x0000000711d00000, 0x0000000711d00000, 0x0000000711e00000|  0%| F|  |TAMS 0x0000000711d00000, 0x0000000711d00000| Untracked 
| 238|0x0000000711e00000, 0x0000000711e00000, 0x0000000711f00000|  0%| F|  |TAMS 0x0000000711e00000, 0x0000000711e00000| Untracked 
| 239|0x0000000711f00000, 0x0000000711f00000, 0x0000000712000000|  0%| F|  |TAMS 0x0000000711f00000, 0x0000000711f00000| Untracked 
| 240|0x0000000712000000, 0x0000000712000000, 0x0000000712100000|  0%| F|  |TAMS 0x0000000712000000, 0x0000000712000000| Untracked 
| 241|0x0000000712100000, 0x0000000712100000, 0x0000000712200000|  0%| F|  |TAMS 0x0000000712100000, 0x0000000712100000| Untracked 
| 242|0x0000000712200000, 0x0000000712200000, 0x0000000712300000|  0%| F|  |TAMS 0x0000000712200000, 0x0000000712200000| Untracked 
| 243|0x0000000712300000, 0x0000000712300000, 0x0000000712400000|  0%| F|  |TAMS 0x0000000712300000, 0x0000000712300000| Untracked 
| 244|0x0000000712400000, 0x0000000712400000, 0x0000000712500000|  0%| F|  |TAMS 0x0000000712400000, 0x0000000712400000| Untracked 
| 245|0x0000000712500000, 0x0000000712500000, 0x0000000712600000|  0%| F|  |TAMS 0x0000000712500000, 0x0000000712500000| Untracked 
| 246|0x0000000712600000, 0x0000000712600000, 0x0000000712700000|  0%| F|  |TAMS 0x0000000712600000, 0x0000000712600000| Untracked 
| 247|0x0000000712700000, 0x0000000712700000, 0x0000000712800000|  0%| F|  |TAMS 0x0000000712700000, 0x0000000712700000| Untracked 
| 248|0x0000000712800000, 0x0000000712800000, 0x0000000712900000|  0%| F|  |TAMS 0x0000000712800000, 0x0000000712800000| Untracked 
| 249|0x0000000712900000, 0x0000000712900000, 0x0000000712a00000|  0%| F|  |TAMS 0x0000000712900000, 0x0000000712900000| Untracked 
| 250|0x0000000712a00000, 0x0000000712a00000, 0x0000000712b00000|  0%| F|  |TAMS 0x0000000712a00000, 0x0000000712a00000| Untracked 
| 251|0x0000000712b00000, 0x0000000712b00000, 0x0000000712c00000|  0%| F|  |TAMS 0x0000000712b00000, 0x0000000712b00000| Untracked 
| 252|0x0000000712c00000, 0x0000000712c00000, 0x0000000712d00000|  0%| F|  |TAMS 0x0000000712c00000, 0x0000000712c00000| Untracked 
| 253|0x0000000712d00000, 0x0000000712d00000, 0x0000000712e00000|  0%| F|  |TAMS 0x0000000712d00000, 0x0000000712d00000| Untracked 
| 254|0x0000000712e00000, 0x0000000712e00000, 0x0000000712f00000|  0%| F|  |TAMS 0x0000000712e00000, 0x0000000712e00000| Untracked 
| 255|0x0000000712f00000, 0x0000000712f00000, 0x0000000713000000|  0%| F|  |TAMS 0x0000000712f00000, 0x0000000712f00000| Untracked 
| 256|0x0000000713000000, 0x0000000713000000, 0x0000000713100000|  0%| F|  |TAMS 0x0000000713000000, 0x0000000713000000| Untracked 
| 257|0x0000000713100000, 0x0000000713100000, 0x0000000713200000|  0%| F|  |TAMS 0x0000000713100000, 0x0000000713100000| Untracked 
| 258|0x0000000713200000, 0x0000000713200000, 0x0000000713300000|  0%| F|  |TAMS 0x0000000713200000, 0x0000000713200000| Untracked 
| 259|0x0000000713300000, 0x0000000713300000, 0x0000000713400000|  0%| F|  |TAMS 0x0000000713300000, 0x0000000713300000| Untracked 
| 260|0x0000000713400000, 0x0000000713400000, 0x0000000713500000|  0%| F|  |TAMS 0x0000000713400000, 0x0000000713400000| Untracked 
| 261|0x0000000713500000, 0x0000000713500000, 0x0000000713600000|  0%| F|  |TAMS 0x0000000713500000, 0x0000000713500000| Untracked 
| 262|0x0000000713600000, 0x0000000713600000, 0x0000000713700000|  0%| F|  |TAMS 0x0000000713600000, 0x0000000713600000| Untracked 
| 263|0x0000000713700000, 0x0000000713700000, 0x0000000713800000|  0%| F|  |TAMS 0x0000000713700000, 0x0000000713700000| Untracked 
| 264|0x0000000713800000, 0x0000000713800000, 0x0000000713900000|  0%| F|  |TAMS 0x0000000713800000, 0x0000000713800000| Untracked 
| 265|0x0000000713900000, 0x0000000713900000, 0x0000000713a00000|  0%| F|  |TAMS 0x0000000713900000, 0x0000000713900000| Untracked 
| 266|0x0000000713a00000, 0x0000000713a00000, 0x0000000713b00000|  0%| F|  |TAMS 0x0000000713a00000, 0x0000000713a00000| Untracked 
| 267|0x0000000713b00000, 0x0000000713bded48, 0x0000000713c00000| 87%| E|  |TAMS 0x0000000713b00000, 0x0000000713b00000| Complete 
| 268|0x0000000713c00000, 0x0000000713d00000, 0x0000000713d00000|100%| E|CS|TAMS 0x0000000713c00000, 0x0000000713c00000| Complete 
| 269|0x0000000713d00000, 0x0000000713e00000, 0x0000000713e00000|100%| E|CS|TAMS 0x0000000713d00000, 0x0000000713d00000| Complete 
| 270|0x0000000713e00000, 0x0000000713f00000, 0x0000000713f00000|100%| E|CS|TAMS 0x0000000713e00000, 0x0000000713e00000| Complete 
| 271|0x0000000713f00000, 0x0000000714000000, 0x0000000714000000|100%| E|CS|TAMS 0x0000000713f00000, 0x0000000713f00000| Complete 
| 272|0x0000000714000000, 0x0000000714100000, 0x0000000714100000|100%| E|CS|TAMS 0x0000000714000000, 0x0000000714000000| Complete 
| 273|0x0000000714100000, 0x0000000714200000, 0x0000000714200000|100%| E|  |TAMS 0x0000000714100000, 0x0000000714100000| Complete 
| 274|0x0000000714200000, 0x0000000714300000, 0x0000000714300000|100%| E|CS|TAMS 0x0000000714200000, 0x0000000714200000| Complete 
| 275|0x0000000714300000, 0x0000000714400000, 0x0000000714400000|100%| E|CS|TAMS 0x0000000714300000, 0x0000000714300000| Complete 
| 276|0x0000000714400000, 0x0000000714500000, 0x0000000714500000|100%| E|CS|TAMS 0x0000000714400000, 0x0000000714400000| Complete 
| 277|0x0000000714500000, 0x0000000714600000, 0x0000000714600000|100%| E|CS|TAMS 0x0000000714500000, 0x0000000714500000| Complete 
| 278|0x0000000714600000, 0x0000000714700000, 0x0000000714700000|100%| E|CS|TAMS 0x0000000714600000, 0x0000000714600000| Complete 
| 279|0x0000000714700000, 0x0000000714800000, 0x0000000714800000|100%| E|CS|TAMS 0x0000000714700000, 0x0000000714700000| Complete 
| 280|0x0000000714800000, 0x0000000714900000, 0x0000000714900000|100%| E|CS|TAMS 0x0000000714800000, 0x0000000714800000| Complete 
| 281|0x0000000714900000, 0x0000000714a00000, 0x0000000714a00000|100%| E|CS|TAMS 0x0000000714900000, 0x0000000714900000| Complete 
| 282|0x0000000714a00000, 0x0000000714b00000, 0x0000000714b00000|100%| E|CS|TAMS 0x0000000714a00000, 0x0000000714a00000| Complete 
| 283|0x0000000714b00000, 0x0000000714c00000, 0x0000000714c00000|100%| E|CS|TAMS 0x0000000714b00000, 0x0000000714b00000| Complete 
| 284|0x0000000714c00000, 0x0000000714d00000, 0x0000000714d00000|100%| E|CS|TAMS 0x0000000714c00000, 0x0000000714c00000| Complete 
| 285|0x0000000714d00000, 0x0000000714e00000, 0x0000000714e00000|100%| E|CS|TAMS 0x0000000714d00000, 0x0000000714d00000| Complete 
| 286|0x0000000714e00000, 0x0000000714f00000, 0x0000000714f00000|100%| E|CS|TAMS 0x0000000714e00000, 0x0000000714e00000| Complete 
| 287|0x0000000714f00000, 0x0000000715000000, 0x0000000715000000|100%| E|CS|TAMS 0x0000000714f00000, 0x0000000714f00000| Complete 
| 288|0x0000000715000000, 0x0000000715100000, 0x0000000715100000|100%| E|CS|TAMS 0x0000000715000000, 0x0000000715000000| Complete 
| 289|0x0000000715100000, 0x0000000715200000, 0x0000000715200000|100%| E|CS|TAMS 0x0000000715100000, 0x0000000715100000| Complete 
| 290|0x0000000715200000, 0x0000000715300000, 0x0000000715300000|100%| E|CS|TAMS 0x0000000715200000, 0x0000000715200000| Complete 
| 291|0x0000000715300000, 0x0000000715400000, 0x0000000715400000|100%| E|CS|TAMS 0x0000000715300000, 0x0000000715300000| Complete 
| 292|0x0000000715400000, 0x0000000715500000, 0x0000000715500000|100%| E|CS|TAMS 0x0000000715400000, 0x0000000715400000| Complete 
| 293|0x0000000715500000, 0x0000000715600000, 0x0000000715600000|100%| E|CS|TAMS 0x0000000715500000, 0x0000000715500000| Complete 
| 294|0x0000000715600000, 0x0000000715700000, 0x0000000715700000|100%| E|CS|TAMS 0x0000000715600000, 0x0000000715600000| Complete 
| 295|0x0000000715700000, 0x0000000715800000, 0x0000000715800000|100%| E|CS|TAMS 0x0000000715700000, 0x0000000715700000| Complete 
| 296|0x0000000715800000, 0x0000000715900000, 0x0000000715900000|100%| E|CS|TAMS 0x0000000715800000, 0x0000000715800000| Complete 
| 297|0x0000000715900000, 0x0000000715a00000, 0x0000000715a00000|100%| E|CS|TAMS 0x0000000715900000, 0x0000000715900000| Complete 
| 298|0x0000000715a00000, 0x0000000715b00000, 0x0000000715b00000|100%| E|CS|TAMS 0x0000000715a00000, 0x0000000715a00000| Complete 
| 299|0x0000000715b00000, 0x0000000715c00000, 0x0000000715c00000|100%| E|CS|TAMS 0x0000000715b00000, 0x0000000715b00000| Complete 
| 300|0x0000000715c00000, 0x0000000715d00000, 0x0000000715d00000|100%| E|CS|TAMS 0x0000000715c00000, 0x0000000715c00000| Complete 
| 301|0x0000000715d00000, 0x0000000715e00000, 0x0000000715e00000|100%| E|CS|TAMS 0x0000000715d00000, 0x0000000715d00000| Complete 
| 302|0x0000000715e00000, 0x0000000715f00000, 0x0000000715f00000|100%| E|CS|TAMS 0x0000000715e00000, 0x0000000715e00000| Complete 
| 303|0x0000000715f00000, 0x0000000716000000, 0x0000000716000000|100%| E|CS|TAMS 0x0000000715f00000, 0x0000000715f00000| Complete 
| 304|0x0000000716000000, 0x0000000716100000, 0x0000000716100000|100%| E|CS|TAMS 0x0000000716000000, 0x0000000716000000| Complete 
| 305|0x0000000716100000, 0x0000000716200000, 0x0000000716200000|100%|HS|  |TAMS 0x0000000716100000, 0x0000000716100000| Complete 
| 306|0x0000000716200000, 0x0000000716300000, 0x0000000716300000|100%|HC|  |TAMS 0x0000000716200000, 0x0000000716200000| Complete 
| 307|0x0000000716300000, 0x0000000716400000, 0x0000000716400000|100%|HC|  |TAMS 0x0000000716300000, 0x0000000716300000| Complete 
| 308|0x0000000716400000, 0x0000000716500000, 0x0000000716500000|100%|HC|  |TAMS 0x0000000716400000, 0x0000000716400000| Complete 
| 309|0x0000000716500000, 0x0000000716600000, 0x0000000716600000|100%| S|CS|TAMS 0x0000000716500000, 0x0000000716500000| Complete 
| 310|0x0000000716600000, 0x0000000716700000, 0x0000000716700000|100%| S|CS|TAMS 0x0000000716600000, 0x0000000716600000| Complete 
| 311|0x0000000716700000, 0x0000000716800000, 0x0000000716800000|100%| S|CS|TAMS 0x0000000716700000, 0x0000000716700000| Complete 
| 312|0x0000000716800000, 0x0000000716900000, 0x0000000716900000|100%| S|CS|TAMS 0x0000000716800000, 0x0000000716800000| Complete 
| 313|0x0000000716900000, 0x0000000716a00000, 0x0000000716a00000|100%| S|CS|TAMS 0x0000000716900000, 0x0000000716900000| Complete 
| 314|0x0000000716a00000, 0x0000000716b00000, 0x0000000716b00000|100%| S|CS|TAMS 0x0000000716a00000, 0x0000000716a00000| Complete 
| 315|0x0000000716b00000, 0x0000000716c00000, 0x0000000716c00000|100%| S|CS|TAMS 0x0000000716b00000, 0x0000000716b00000| Complete 
| 316|0x0000000716c00000, 0x0000000716d00000, 0x0000000716d00000|100%| S|CS|TAMS 0x0000000716c00000, 0x0000000716c00000| Complete 
| 317|0x0000000716d00000, 0x0000000716e00000, 0x0000000716e00000|100%| S|CS|TAMS 0x0000000716d00000, 0x0000000716d00000| Complete 
| 318|0x0000000716e00000, 0x0000000716f00000, 0x0000000716f00000|100%| S|CS|TAMS 0x0000000716e00000, 0x0000000716e00000| Complete 
| 319|0x0000000716f00000, 0x0000000716fc2d20, 0x0000000717000000| 76%| S|CS|TAMS 0x0000000716f00000, 0x0000000716f00000| Complete 

Card table byte_map: [0x00000201f5bc0000,0x00000201f63b0000] _byte_map_base: 0x00000201f23a8000

Marking Bits (Prev, Next): (CMBitMap*) 0x00000201deac79f0, (CMBitMap*) 0x00000201deac79b8
 Prev Bits: [0x00000201faae0000, 0x00000201fea20000)
 Next Bits: [0x00000201f6ba0000, 0x00000201faae0000)

Polling page: 0x00000201de240000

Metaspace:

Usage:
  Non-class:     71.66 MB capacity,    70.31 MB ( 98%) used,     1.07 MB (  1%) free+waste,   282.63 KB ( <1%) overhead. 
      Class:     10.67 MB capacity,     9.81 MB ( 92%) used,   749.38 KB (  7%) free+waste,   128.88 KB (  1%) overhead. 
       Both:     82.32 MB capacity,    80.12 MB ( 97%) used,     1.81 MB (  2%) free+waste,   411.50 KB ( <1%) overhead. 

Virtual space:
  Non-class space:       72.00 MB reserved,      71.75 MB (>99%) committed 
      Class space:        1.00 GB reserved,      10.75 MB (  1%) committed 
             Both:        1.07 GB reserved,      82.50 MB (  8%) committed 

Chunk freelists:
   Non-Class:  4.13 KB
       Class:  2.38 KB
        Both:  6.50 KB

CodeHeap 'non-profiled nmethods': size=120000Kb used=8713Kb max_used=8713Kb free=111286Kb
 bounds [0x00000201edb60000, 0x00000201ee3f0000, 0x00000201f5090000]
CodeHeap 'profiled nmethods': size=120000Kb used=25071Kb max_used=25071Kb free=94929Kb
 bounds [0x00000201e6630000, 0x00000201e7eb0000, 0x00000201edb60000]
CodeHeap 'non-nmethods': size=5760Kb used=1342Kb max_used=1418Kb free=4417Kb
 bounds [0x00000201e6090000, 0x00000201e6300000, 0x00000201e6630000]
 total_blobs=11481 nmethods=10853 adapters=546
 compilation: enabled
              stopped_count=0, restarted_count=0
 full_count=0

Compilation events (10 events):
Event: 3771.340 Thread 0x0000020182112800 10951       3       ch.qos.logback.classic.spi.StackTraceElementProxy::getSTEAsString (41 bytes)
Event: 3771.341 Thread 0x0000020182112800 nmethod 10951 0x00000201e7e94e90 code [0x00000201e7e950e0, 0x00000201e7e95958]
Event: 3771.341 Thread 0x0000020182112800 10952       1       ch.qos.logback.classic.spi.StackTraceElementProxy::getClassPackagingData (5 bytes)
Event: 3771.341 Thread 0x0000020182112800 nmethod 10952 0x00000201ee3e1210 code [0x00000201ee3e13a0, 0x00000201ee3e1458]
Event: 3771.341 Thread 0x0000020182112800 10953       1       ch.qos.logback.classic.spi.ClassPackagingData::isExact (5 bytes)
Event: 3771.341 Thread 0x0000020182112800 nmethod 10953 0x00000201ee3e1510 code [0x00000201ee3e16a0, 0x00000201ee3e1758]
Event: 3771.341 Thread 0x0000020182112800 10954       1       ch.qos.logback.classic.spi.ClassPackagingData::getCodeLocation (5 bytes)
Event: 3771.341 Thread 0x0000020182112800 nmethod 10954 0x00000201ee3e1810 code [0x00000201ee3e19a0, 0x00000201ee3e1a58]
Event: 3771.341 Thread 0x0000020182112800 10955       1       ch.qos.logback.classic.spi.ClassPackagingData::getVersion (5 bytes)
Event: 3771.341 Thread 0x0000020182112800 nmethod 10955 0x00000201ee3e1b10 code [0x00000201ee3e1ca0, 0x00000201ee3e1d58]

GC Heap History (10 events):
Event: 313.758 GC heap before
{Heap before GC invocations=11 (full 0):
 garbage-first heap   total 312320K, used 204214K [0x0000000703000000, 0x0000000800000000)
  region size 1024K, 183 young (187392K), 18 survivors (18432K)
 Metaspace       used 80003K, capacity 82197K, committed 82304K, reserved 1120256K
  class space    used 9974K, capacity 10845K, committed 10880K, reserved 1048576K
}
Event: 313.770 GC heap after
{Heap after GC invocations=12 (full 0):
 garbage-first heap   total 312320K, used 35731K [0x0000000703000000, 0x0000000800000000)
  region size 1024K, 13 young (13312K), 13 survivors (13312K)
 Metaspace       used 80003K, capacity 82197K, committed 82304K, reserved 1120256K
  class space    used 9974K, capacity 10845K, committed 10880K, reserved 1048576K
}
Event: 1229.425 GC heap before
{Heap before GC invocations=12 (full 0):
 garbage-first heap   total 312320K, used 208787K [0x0000000703000000, 0x0000000800000000)
  region size 1024K, 183 young (187392K), 13 survivors (13312K)
 Metaspace       used 80411K, capacity 82644K, committed 82816K, reserved 1122304K
  class space    used 9996K, capacity 10864K, committed 10880K, reserved 1048576K
}
Event: 1229.449 GC heap after
{Heap after GC invocations=13 (full 0):
 garbage-first heap   total 312320K, used 35817K [0x0000000703000000, 0x0000000800000000)
  region size 1024K, 8 young (8192K), 8 survivors (8192K)
 Metaspace       used 80411K, capacity 82644K, committed 82816K, reserved 1122304K
  class space    used 9996K, capacity 10864K, committed 10880K, reserved 1048576K
}
Event: 2194.473 GC heap before
{Heap before GC invocations=13 (full 0):
 garbage-first heap   total 312320K, used 215017K [0x0000000703000000, 0x0000000800000000)
  region size 1024K, 183 young (187392K), 8 survivors (8192K)
 Metaspace       used 80483K, capacity 82781K, committed 82816K, reserved 1122304K
  class space    used 9997K, capacity 10866K, committed 10880K, reserved 1048576K
}
Event: 2194.487 GC heap after
{Heap after GC invocations=14 (full 0):
 garbage-first heap   total 312320K, used 36245K [0x0000000703000000, 0x0000000800000000)
  region size 1024K, 9 young (9216K), 9 survivors (9216K)
 Metaspace       used 80483K, capacity 82781K, committed 82816K, reserved 1122304K
  class space    used 9997K, capacity 10866K, committed 10880K, reserved 1048576K
}
Event: 3005.060 GC heap before
{Heap before GC invocations=14 (full 0):
 garbage-first heap   total 312320K, used 262549K [0x0000000703000000, 0x0000000800000000)
  region size 1024K, 183 young (187392K), 9 survivors (9216K)
 Metaspace       used 81105K, capacity 83362K, committed 83584K, reserved 1122304K
  class space    used 10006K, capacity 10880K, committed 10880K, reserved 1048576K
}
Event: 3005.071 GC heap after
{Heap after GC invocations=15 (full 0):
 garbage-first heap   total 312320K, used 36410K [0x0000000703000000, 0x0000000800000000)
  region size 1024K, 9 young (9216K), 9 survivors (9216K)
 Metaspace       used 81105K, capacity 83362K, committed 83584K, reserved 1122304K
  class space    used 10006K, capacity 10880K, committed 10880K, reserved 1048576K
}
Event: 3729.075 GC heap before
{Heap before GC invocations=15 (full 0):
 garbage-first heap   total 316416K, used 313914K [0x0000000703000000, 0x0000000800000000)
  region size 1024K, 183 young (187392K), 9 survivors (9216K)
 Metaspace       used 81705K, capacity 83943K, committed 84224K, reserved 1122304K
  class space    used 10031K, capacity 10919K, committed 11008K, reserved 1048576K
}
Event: 3729.086 GC heap after
{Heap after GC invocations=16 (full 0):
 garbage-first heap   total 327680K, used 45812K [0x0000000703000000, 0x0000000800000000)
  region size 1024K, 12 young (12288K), 12 survivors (12288K)
 Metaspace       used 81705K, capacity 83943K, committed 84224K, reserved 1122304K
  class space    used 10031K, capacity 10919K, committed 11008K, reserved 1048576K
}

Deoptimization events (10 events):
Event: 1787.188 Thread 0x000002019213a800 Uncommon trap: reason=unstable_if action=reinterpret pc=0x00000201ee2ea824 method=java.util.concurrent.locks.AbstractQueuedSynchronizer$ConditionObject.addConditionWaiter()Ljava/util/concurrent/locks/AbstractQueuedSynchronizer$Node; @ 33 c2
Event: 2910.489 Thread 0x000002019213c000 Uncommon trap: reason=unstable_if action=reinterpret pc=0x00000201ee350d3c method=org.apache.tomcat.util.collections.SynchronizedQueue.size()I @ 11 c2
Event: 2921.155 Thread 0x00000201883c5800 Uncommon trap: reason=class_check action=maybe_recompile pc=0x00000201ee36fbe4 method=java.lang.reflect.Array.newInstance(Ljava/lang/Class;I)Ljava/lang/Object; @ 2 c2
Event: 2933.353 Thread 0x0000020192138800 Uncommon trap: reason=class_check action=maybe_recompile pc=0x00000201ee36fbe4 method=java.lang.reflect.Array.newInstance(Ljava/lang/Class;I)Ljava/lang/Object; @ 2 c2
Event: 2933.357 Thread 0x0000020192138800 Uncommon trap: reason=class_check action=maybe_recompile pc=0x00000201ee36fbe4 method=java.lang.reflect.Array.newInstance(Ljava/lang/Class;I)Ljava/lang/Object; @ 2 c2
Event: 2935.363 Thread 0x00000201883c2800 Uncommon trap: reason=class_check action=maybe_recompile pc=0x00000201ee36fbe4 method=java.lang.reflect.Array.newInstance(Ljava/lang/Class;I)Ljava/lang/Object; @ 2 c2
Event: 3647.471 Thread 0x00000201883c6800 Uncommon trap: reason=unstable_if action=reinterpret pc=0x00000201ee37a88c method=java.util.concurrent.ConcurrentHashMap.replaceNode(Ljava/lang/Object;Ljava/lang/Object;Ljava/lang/Object;)Ljava/lang/Object; @ 99 c2
Event: 3771.317 Thread 0x00000201883c6800 Uncommon trap: reason=unstable_if action=reinterpret pc=0x00000201ee2549c0 method=org.apache.logging.slf4j.SLF4JLogger.isEnabledFor(Lorg/apache/logging/log4j/Level;Lorg/apache/logging/log4j/Marker;)Z @ 16 c2
Event: 3771.317 Thread 0x00000201883c6800 Uncommon trap: reason=unstable_if action=reinterpret pc=0x00000201ee25596c method=org.apache.logging.slf4j.SLF4JLogger.isEnabledFor(Lorg/apache/logging/log4j/Level;Lorg/apache/logging/log4j/Marker;)Z @ 16 c2
Event: 3771.318 Thread 0x00000201883c6800 Uncommon trap: reason=unstable_if action=reinterpret pc=0x00000201ee3b09d0 method=org.jboss.logging.Log4j2Logger.doLog(Lorg/jboss/logging/Logger$Level;Ljava/lang/String;Ljava/lang/Object;[Ljava/lang/Object;Ljava/lang/Throwable;)V @ 15 c2

Classes redefined (0 events):
No events

Internal exceptions (10 events):
Event: 203.462 Thread 0x0000020192138800 Exception <a 'java/lang/ClassNotFoundException'{0x000000070db80958}: java/lang/ObjectCustomizer> (0x000000070db80958) thrown at [./open/src/hotspot/share/classfile/systemDictionary.cpp, line 227]
Event: 203.463 Thread 0x0000020192138800 Exception <a 'java/lang/ClassNotFoundException'{0x000000070db9e340}: com/team/two/mitrais_carrot/entity/merchant/BazaarItemEntityCustomizer> (0x000000070db9e340) thrown at [./open/src/hotspot/share/classfile/systemDictionary.cpp, line 227]
Event: 217.331 Thread 0x00000201883c3000 Exception <a 'java/io/IOException'{0x00000007126a2c98}> (0x00000007126a2c98) thrown at [./open/src/hotspot/share/prims/jni.cpp, line 611]
Event: 3045.979 Thread 0x0000020192139800 Exception <a 'java/lang/reflect/InvocationTargetException'{0x00000007159dac08}> (0x00000007159dac08) thrown at [./open/src/hotspot/share/runtime/reflection.cpp, line 1242]
Event: 3045.998 Thread 0x0000020192139800 Exception <a 'java/lang/NoClassDefFoundError'{0x0000000715815438}: sun/reflect/Reflection> (0x0000000715815438) thrown at [./open/src/hotspot/share/classfile/systemDictionary.cpp, line 216]
Event: 3647.470 Thread 0x00000201883c5800 Exception <a 'java/io/IOException'{0x000000070d3c1f38}> (0x000000070d3c1f38) thrown at [./open/src/hotspot/share/prims/jni.cpp, line 611]
Event: 3647.470 Thread 0x00000201883c1800 Exception <a 'java/io/IOException'{0x000000070d12d910}> (0x000000070d12d910) thrown at [./open/src/hotspot/share/prims/jni.cpp, line 611]
Event: 3647.470 Thread 0x00000201883c6800 Exception <a 'java/io/IOException'{0x000000070d1a9d48}> (0x000000070d1a9d48) thrown at [./open/src/hotspot/share/prims/jni.cpp, line 611]
Event: 3771.301 Thread 0x00000201883c5800 Exception <a 'java/net/SocketException'{0x00000007140f4f68}: Connection reset by peer: shutdown> (0x00000007140f4f68) thrown at [./open/src/hotspot/share/prims/jni.cpp, line 632]
Event: 3771.306 Thread 0x00000201883c3000 Exception <a 'java/net/SocketException'{0x00000007140da0d0}: Connection reset by peer: shutdown> (0x00000007140da0d0) thrown at [./open/src/hotspot/share/prims/jni.cpp, line 632]

Events (10 events):
Event: 3771.343 loading class org/hibernate/event/spi/ClearEvent
Event: 3771.343 loading class org/hibernate/event/spi/ClearEvent done
Event: 3771.343 loading class org/hibernate/event/spi/ClearEvent
Event: 3771.343 loading class org/hibernate/event/spi/ClearEvent done
Event: 3771.343 loading class org/hibernate/internal/SessionImpl
Event: 3771.343 loading class org/hibernate/internal/SessionImpl done
Event: 3771.344 loading class org/hibernate/event/spi/ClearEvent
Event: 3771.344 loading class org/hibernate/event/spi/ClearEvent done
Event: 3771.344 loading class org/hibernate/event/spi/ClearEventListener
Event: 3771.344 loading class org/hibernate/event/spi/ClearEventListener done


Dynamic libraries:
0x00007ff734300000 - 0x00007ff73430f000 	C:\Program Files\Java\jdk-11.0.13\bin\java.exe
0x00007ff819850000 - 0x00007ff819a45000 	C:\WINDOWS\SYSTEM32\ntdll.dll
0x00007ff818060000 - 0x00007ff81811e000 	C:\WINDOWS\System32\KERNEL32.DLL
0x00007ff8173d0000 - 0x00007ff817698000 	C:\WINDOWS\System32\KERNELBASE.dll
0x00007ff817010000 - 0x00007ff817110000 	C:\WINDOWS\System32\ucrtbase.dll
0x00007ff813400000 - 0x00007ff813415000 	C:\Program Files\Java\jdk-11.0.13\bin\VCRUNTIME140.dll
0x00007ff8148f0000 - 0x00007ff814908000 	C:\Program Files\Java\jdk-11.0.13\bin\jli.dll
0x00007ff818f90000 - 0x00007ff81903e000 	C:\WINDOWS\System32\ADVAPI32.dll
0x00007ff818120000 - 0x00007ff8181be000 	C:\WINDOWS\System32\msvcrt.dll
0x00007ff818a70000 - 0x00007ff818b0c000 	C:\WINDOWS\System32\sechost.dll
0x00007ff8188b0000 - 0x00007ff8189d5000 	C:\WINDOWS\System32\RPCRT4.dll
0x00007ff8184d0000 - 0x00007ff818670000 	C:\WINDOWS\System32\USER32.dll
0x00007ff8173a0000 - 0x00007ff8173c2000 	C:\WINDOWS\System32\win32u.dll
0x00007ff8181c0000 - 0x00007ff8181eb000 	C:\WINDOWS\System32\GDI32.dll
0x00007ffff1a70000 - 0x00007ffff1d0a000 	C:\WINDOWS\WinSxS\amd64_microsoft.windows.common-controls_6595b64144ccf1df_6.0.19041.1110_none_60b5254171f9507e\COMCTL32.dll
0x00007ff817260000 - 0x00007ff81736b000 	C:\WINDOWS\System32\gdi32full.dll
0x00007ff816f70000 - 0x00007ff81700d000 	C:\WINDOWS\System32\msvcp_win.dll
0x00007ff8100e0000 - 0x00007ff8100ea000 	C:\WINDOWS\SYSTEM32\VERSION.dll
0x00007ff8189e0000 - 0x00007ff818a10000 	C:\WINDOWS\System32\IMM32.DLL
0x00007ffffb3c0000 - 0x00007ffffb45b000 	C:\Program Files\Java\jdk-11.0.13\bin\msvcp140.dll
0x00007fffcca50000 - 0x00007fffcd563000 	C:\Program Files\Java\jdk-11.0.13\bin\server\jvm.dll
0x00007ff817990000 - 0x00007ff817998000 	C:\WINDOWS\System32\PSAPI.DLL
0x00007fffec5c0000 - 0x00007fffec5c9000 	C:\WINDOWS\SYSTEM32\WSOCK32.dll
0x00007ffff8220000 - 0x00007ffff8247000 	C:\WINDOWS\SYSTEM32\WINMM.dll
0x00007ff8183a0000 - 0x00007ff81840b000 	C:\WINDOWS\System32\WS2_32.dll
0x00007ff814d60000 - 0x00007ff814d72000 	C:\WINDOWS\SYSTEM32\kernel.appcore.dll
0x00007ff814810000 - 0x00007ff814820000 	C:\Program Files\Java\jdk-11.0.13\bin\verify.dll
0x00007ff80fef0000 - 0x00007ff8100d4000 	C:\WINDOWS\SYSTEM32\DBGHELP.DLL
0x00007ff8050c0000 - 0x00007ff8050ec000 	C:\WINDOWS\SYSTEM32\dbgcore.DLL
0x00007ff817160000 - 0x00007ff8171e2000 	C:\WINDOWS\System32\bcryptPrimitives.dll
0x00007ff813330000 - 0x00007ff813358000 	C:\Program Files\Java\jdk-11.0.13\bin\java.dll
0x00007ff8147b0000 - 0x00007ff8147ba000 	C:\Program Files\Java\jdk-11.0.13\bin\jimage.dll
0x00007ff804690000 - 0x00007ff8046c8000 	C:\Program Files\Java\jdk-11.0.13\bin\jdwp.dll
0x00007ff812ea0000 - 0x00007ff812eae000 	C:\Program Files\Java\jdk-11.0.13\bin\instrument.dll
0x00007ff812eb0000 - 0x00007ff812ec6000 	C:\Program Files\Java\jdk-11.0.13\bin\zip.dll
0x00007ff819060000 - 0x00007ff8197a4000 	C:\WINDOWS\System32\SHELL32.dll
0x00007ff815040000 - 0x00007ff8157d4000 	C:\WINDOWS\SYSTEM32\windows.storage.dll
0x00007ff817bf0000 - 0x00007ff817f44000 	C:\WINDOWS\System32\combase.dll
0x00007ff816820000 - 0x00007ff81684c000 	C:\WINDOWS\SYSTEM32\Wldp.dll
0x00007ff818410000 - 0x00007ff8184bd000 	C:\WINDOWS\System32\SHCORE.dll
0x00007ff818a10000 - 0x00007ff818a65000 	C:\WINDOWS\System32\shlwapi.dll
0x00007ff816eb0000 - 0x00007ff816ecf000 	C:\WINDOWS\SYSTEM32\profapi.dll
0x00007ff811170000 - 0x00007ff81117a000 	C:\Program Files\Java\jdk-11.0.13\bin\dt_socket.dll
0x00007ff816600000 - 0x00007ff81666a000 	C:\WINDOWS\system32\mswsock.dll
0x00007ff812730000 - 0x00007ff812749000 	C:\Program Files\Java\jdk-11.0.13\bin\net.dll
0x00007ff80fc00000 - 0x00007ff80fd09000 	C:\WINDOWS\SYSTEM32\WINHTTP.dll
0x00007ff812710000 - 0x00007ff812722000 	C:\Program Files\Java\jdk-11.0.13\bin\nio.dll
0x00007ff8111b0000 - 0x00007ff8111b9000 	C:\Program Files\Java\jdk-11.0.13\bin\management.dll
0x00007ff8111a0000 - 0x00007ff8111ab000 	C:\Program Files\Java\jdk-11.0.13\bin\management_ext.dll
0x00007ff80e380000 - 0x00007ff80e397000 	C:\WINDOWS\system32\napinsp.dll
0x00007ff80e3e0000 - 0x00007ff80e3fb000 	C:\WINDOWS\system32\pnrpnsp.dll
0x00007ff80fbe0000 - 0x00007ff80fbfd000 	C:\WINDOWS\system32\NLAapi.dll
0x00007ff816310000 - 0x00007ff81634b000 	C:\WINDOWS\SYSTEM32\IPHLPAPI.DLL
0x00007ff812c90000 - 0x00007ff812ca5000 	C:\WINDOWS\system32\wshbth.dll
0x00007ff816350000 - 0x00007ff81641a000 	C:\WINDOWS\SYSTEM32\DNSAPI.dll
0x00007ff818f80000 - 0x00007ff818f88000 	C:\WINDOWS\System32\NSI.dll
0x00007ff80e580000 - 0x00007ff80e592000 	C:\WINDOWS\System32\winrnr.dll
0x00007ff80f870000 - 0x00007ff80f87a000 	C:\Windows\System32\rasadhlp.dll
0x00007ff812750000 - 0x00007ff8127cf000 	C:\WINDOWS\System32\fwpuclnt.dll
0x00007ff817370000 - 0x00007ff817397000 	C:\WINDOWS\System32\bcrypt.dll
0x00007ff816860000 - 0x00007ff816878000 	C:\WINDOWS\SYSTEM32\CRYPTSP.dll
0x00007ff815fa0000 - 0x00007ff815fd4000 	C:\WINDOWS\system32\rsaenh.dll
0x00007ff816e30000 - 0x00007ff816e5e000 	C:\WINDOWS\SYSTEM32\USERENV.dll
0x00007ff816790000 - 0x00007ff81679c000 	C:\WINDOWS\SYSTEM32\CRYPTBASE.dll
0x00007ff810ef0000 - 0x00007ff810f07000 	C:\WINDOWS\SYSTEM32\dhcpcsvc6.DLL
0x00007ff811850000 - 0x00007ff81186d000 	C:\WINDOWS\SYSTEM32\dhcpcsvc.DLL
0x00007ff807810000 - 0x00007ff807835000 	C:\Program Files\Java\jdk-11.0.13\bin\sunec.dll

dbghelp: loaded successfully - version: 4.0.5 - missing functions: none
symbol engine: initialized successfully - sym options: 0x614 - pdb path: .;C:\Program Files\Java\jdk-11.0.13\bin;C:\WINDOWS\SYSTEM32;C:\WINDOWS\WinSxS\amd64_microsoft.windows.common-controls_6595b64144ccf1df_6.0.19041.1110_none_60b5254171f9507e;C:\Program Files\Java\jdk-11.0.13\bin\server

VM Arguments:
jvm_args: -agentlib:jdwp=transport=dt_socket,address=127.0.0.1:54891,suspend=y,server=n -javaagent:C:\Users\Pradipta_R632\Downloads\ideaIC-2021.2.4.win\plugins\java\lib\rt\debugger-agent.jar -Dfile.encoding=UTF-8 
java_command: com.team.two.mitrais_carrot.MitraisCarrotBackendApplication
java_class_path (initial): C:\Users\Pradipta_R632\Documents\FG Training\Mitrais Carrot Scrum\mitrais_carrot_backend-main\target\classes;C:\Users\Pradipta_R632\.m2\repository\org\springframework\boot\spring-boot-starter-validation\2.6.4\spring-boot-starter-validation-2.6.4.jar;C:\Users\Pradipta_R632\.m2\repository\org\springframework\boot\spring-boot-starter\2.6.4\spring-boot-starter-2.6.4.jar;C:\Users\Pradipta_R632\.m2\repository\org\springframework\boot\spring-boot-starter-logging\2.6.4\spring-boot-starter-logging-2.6.4.jar;C:\Users\Pradipta_R632\.m2\repository\ch\qos\logback\logback-classic\1.2.10\logback-classic-1.2.10.jar;C:\Users\Pradipta_R632\.m2\repository\ch\qos\logback\logback-core\1.2.10\logback-core-1.2.10.jar;C:\Users\Pradipta_R632\.m2\repository\org\apache\logging\log4j\log4j-to-slf4j\2.17.1\log4j-to-slf4j-2.17.1.jar;C:\Users\Pradipta_R632\.m2\repository\org\apache\logging\log4j\log4j-api\2.17.1\log4j-api-2.17.1.jar;C:\Users\Pradipta_R632\.m2\repository\org\slf4j\jul-to-slf4j\1.7.36\jul-to-slf4j-1.7.36.jar;C:\Users\Pradipta_R632\.m2\repository\jakarta\annotation\jakarta.annotation-api\1.3.5\jakarta.annotation-api-1.3.5.jar;C:\Users\Pradipta_R632\.m2\repository\org\yaml\snakeyaml\1.29\snakeyaml-1.29.jar;C:\Users\Pradipta_R632\.m2\repository\org\apache\tomcat\embed\tomcat-embed-el\9.0.58\tomcat-embed-el-9.0.58.jar;C:\Users\Pradipta_R632\.m2\repository\org\hibernate\validator\hibernate-validator\6.2.2.Final\hibernate-validator-6.2.2.Final.jar;C:\Users\Pradipta_R632\.m2\repository\jakarta\validation\jakarta.validation-api\2.0.2\jakarta.validation-api-2.0.2.jar;C:\Users\Pradipta_R632\.m2\repository\org\jboss\logging\jboss-logging\3.4.3.Final\jboss-logging-3.4.3.Final.jar;C:\Users\Pradipta_R632\.m2\repository\com\fasterxml\classmate\1.5.1\classmate-1.5.1.jar;C:\Users\Pradipta_R632\.m2\repository\org\springframework\boot\spring-boot-starter-data-jpa\2.6.4\spring-boot-starter-data-jpa-2.6.4.jar;C:\Users\Pradipta_R632\.m2\repository\org\springframework\boot\sp
Launcher Type: SUN_STANDARD

[Global flags]
     intx CICompilerCount                          = 4                                         {product} {ergonomic}
     uint ConcGCThreads                            = 2                                         {product} {ergonomic}
     uint G1ConcRefinementThreads                  = 8                                         {product} {ergonomic}
   size_t G1HeapRegionSize                         = 1048576                                   {product} {ergonomic}
    uintx GCDrainStackTargetSize                   = 64                                        {product} {ergonomic}
   size_t InitialHeapSize                          = 266338304                                 {product} {ergonomic}
   size_t MarkStackSize                            = 4194304                                   {product} {ergonomic}
   size_t MaxHeapSize                              = 4244635648                                {product} {ergonomic}
   size_t MaxNewSize                               = 2545942528                                {product} {ergonomic}
   size_t MinHeapDeltaBytes                        = 1048576                                   {product} {ergonomic}
    uintx NonNMethodCodeHeapSize                   = 5836300                                {pd product} {ergonomic}
    uintx NonProfiledCodeHeapSize                  = 122910970                              {pd product} {ergonomic}
    uintx ProfiledCodeHeapSize                     = 122910970                              {pd product} {ergonomic}
    uintx ReservedCodeCacheSize                    = 251658240                              {pd product} {ergonomic}
     bool SegmentedCodeCache                       = true                                      {product} {ergonomic}
     bool UseCompressedClassPointers               = true                                 {lp64_product} {ergonomic}
     bool UseCompressedOops                        = true                                 {lp64_product} {ergonomic}
     bool UseG1GC                                  = true                                      {product} {ergonomic}
     bool UseLargePagesIndividualAllocation        = false                                  {pd product} {ergonomic}

Logging:
Log output configuration:
 #0: stdout all=warning uptime,level,tags
 #1: stderr all=off uptime,level,tags

Environment Variables:
PATH=C:\Program Files\Common Files\Oracle\Java\javapath;C:\Program Files (x86)\Common Files\Oracle\Java\javapath;C:\WINDOWS\system32;C:\WINDOWS;C:\WINDOWS\System32\Wbem;C:\WINDOWS\System32\WindowsPowerShell\v1.0\;C:\WINDOWS\System32\OpenSSH\;C:\Program Files\WireGuard\;C:\Program Files\Git\cmd;C:\ProgramData\chocolatey\bin;;C:\Program Files\Docker\Docker\resources\bin;C:\ProgramData\DockerDesktop\version-bin;C:\ProgramData\nvm;C:\Program Files\nodejs;C:\Program Files\nodejs\;C:\Users\Pradipta_R632\AppData\Local\Microsoft\WindowsApps;C:\Users\Pradipta_R632\AppData\Local\Programs\Microsoft VS Code\bin;C:\Program Files\PostgreSQL\14\bin;C:\Users\Pradipta_R632\AppData\Roaming\npm
USERNAME=Pradipta_R632
OS=Windows_NT
PROCESSOR_IDENTIFIER=Intel64 Family 6 Model 142 Stepping 12, GenuineIntel



---------------  S Y S T E M  ---------------

OS: Windows 10 , 64 bit Build 19041 (10.0.19041.1566)
Hyper-V role detected

CPU:total 8 (initial active 8) (4 cores per cpu, 2 threads per core) family 6 model 142 stepping 12 microcode 0xec, cmov, cx8, fxsr, mmx, sse, sse2, sse3, ssse3, sse4.1, sse4.2, popcnt, avx, avx2, aes, clmul, erms, 3dnowpref, lzcnt, ht, tsc, tscinvbit, bmi1, bmi2, adx, fma

Memory: 4k page, system-wide physical 16190M (2391M free)
TotalPageFile size 47083M (AvailPageFile size 3M)
current process WorkingSet (physical memory assigned to process): 425M, peak: 592M
current process commit charge ("private bytes"): 576M, peak: 706M

vm_info: Java HotSpot(TM) 64-Bit Server VM (11.0.13+10-LTS-370) for windows-amd64 JRE (11.0.13+10-LTS-370), built on Sep 15 2021 22:10:36 by "mach5one" with MS VC++ 15.9 (VS2017)

END.
