#
# There is insufficient memory for the Java Runtime Environment to continue.
# Native memory allocation (malloc) failed to allocate 576016 bytes for Chunk::new
# Possible reasons:
#   The system is out of physical RAM or swap space
#   The process is running with CompressedOops enabled, and the Java Heap may be blocking the growth of the native heap
# Possible solutions:
#   Reduce memory load on the system
#   Increase physical memory or swap space
#   Check if swap backing store is full
#   Decrease Java heap size (-Xmx/-Xms)
#   Decrease number of Java threads
#   Decrease Java thread stack sizes (-Xss)
#   Set larger code cache with -XX:ReservedCodeCacheSize=
#   JVM is running with Zero Based Compressed Oops mode in which the Java heap is
#     placed in the first 32GB address space. The Java Heap base address is the
#     maximum limit for the native heap growth. Please use -XX:HeapBaseMinAddress
#     to set the Java Heap base and to place the Java Heap above 32GB virtual address.
# This output file may be truncated or incomplete.
#
#  Out of Memory Error (./open/src/hotspot/share/memory/arena.cpp:197), pid=20016, tid=31588
#
# JRE version: Java(TM) SE Runtime Environment 18.9 (11.0.13+10) (build 11.0.13+10-LTS-370)
# Java VM: Java HotSpot(TM) 64-Bit Server VM 18.9 (11.0.13+10-LTS-370, mixed mode, tiered, compressed oops, g1 gc, windows-amd64)
# No core dump will be written. Minidumps are not enabled by default on client versions of Windows
#

---------------  S U M M A R Y ------------

Command Line: -agentlib:jdwp=transport=dt_socket,address=127.0.0.1:63104,suspend=y,server=n -javaagent:C:\Users\Pradipta_R632\Downloads\ideaIC-2021.2.4.win\plugins\java\lib\rt\debugger-agent.jar -Dfile.encoding=UTF-8 com.team.two.mitrais_carrot.MitraisCarrotBackendApplication

Host: Intel(R) Core(TM) i7-8565U CPU @ 1.80GHz, 8 cores, 15G,  Windows 10 , 64 bit Build 19041 (10.0.19041.1566)
Time: Tue Apr 12 11:09:41 2022 SE Asia Standard Time elapsed time: 103.575783 seconds (0d 0h 1m 43s)

---------------  T H R E A D  ---------------

Current thread (0x000002acfbc45800):  JavaThread "C2 CompilerThread0" daemon [_thread_in_native, id=31588, stack(0x000000c651e00000,0x000000c651f00000)]


Current CompileTask:
C2: 103576 10047       4       java.net.URL::toString (5 bytes)

Stack: [0x000000c651e00000,0x000000c651f00000]
Native frames: (J=compiled Java code, j=interpreted, Vv=VM code, C=native code)
V  [jvm.dll+0x62870a]
V  [jvm.dll+0x761f2f]
V  [jvm.dll+0x7635d9]
V  [jvm.dll+0x763c63]
V  [jvm.dll+0x23d728]
V  [jvm.dll+0xb293c]
V  [jvm.dll+0xb2efc]
V  [jvm.dll+0x3408b7]
V  [jvm.dll+0x30e603]
V  [jvm.dll+0x30d94a]
V  [jvm.dll+0x1f8255]
V  [jvm.dll+0x1f743d]
V  [jvm.dll+0x177991]
V  [jvm.dll+0x206d84]
V  [jvm.dll+0x204ebb]
V  [jvm.dll+0x727e70]
V  [jvm.dll+0x720a54]
V  [jvm.dll+0x627606]
C  [ucrtbase.dll+0x21bb2]
C  [KERNEL32.DLL+0x17034]
C  [ntdll.dll+0x52651]


---------------  P R O C E S S  ---------------

Threads class SMR info:
_java_thread_list=0x000002ac879de8c0, length=32, elements={
0x000002acfbbc0000, 0x000002acfbbc1000, 0x000002acfbc3c800, 0x000002acfbc3d800,
0x000002acfbc41800, 0x000002acfbc45800, 0x000002acfbc4a000, 0x000002acfbc53000,
0x000002acfbdc5800, 0x000002acfbe43000, 0x000002acfc0f9800, 0x000002acfbf2d000,
0x000002ac806fb800, 0x000002acff793800, 0x000002ac80217800, 0x000002ac8cd03800,
0x000002ac80210000, 0x000002ac8020e800, 0x000002ac8020f800, 0x000002ac80211000,
0x000002ac8020b800, 0x000002ac80212000, 0x000002ac8020c000, 0x000002ac8020d000,
0x000002ac8020e000, 0x000002ac80584000, 0x000002ac80588000, 0x000002ac80585000,
0x000002ac80585800, 0x000002ac80586800, 0x000002ac80589000, 0x000002ac80587800
}

Java Threads: ( => current thread )
  0x000002acfbbc0000 JavaThread "Reference Handler" daemon [_thread_blocked, id=16404, stack(0x000000c651900000,0x000000c651a00000)]
  0x000002acfbbc1000 JavaThread "Finalizer" daemon [_thread_blocked, id=13388, stack(0x000000c651a00000,0x000000c651b00000)]
  0x000002acfbc3c800 JavaThread "Signal Dispatcher" daemon [_thread_blocked, id=26564, stack(0x000000c651b00000,0x000000c651c00000)]
  0x000002acfbc3d800 JavaThread "Attach Listener" daemon [_thread_blocked, id=33376, stack(0x000000c651c00000,0x000000c651d00000)]
  0x000002acfbc41800 JavaThread "Service Thread" daemon [_thread_blocked, id=7936, stack(0x000000c651d00000,0x000000c651e00000)]
=>0x000002acfbc45800 JavaThread "C2 CompilerThread0" daemon [_thread_in_native, id=31588, stack(0x000000c651e00000,0x000000c651f00000)]
  0x000002acfbc4a000 JavaThread "C1 CompilerThread0" daemon [_thread_blocked, id=33460, stack(0x000000c651f00000,0x000000c652000000)]
  0x000002acfbc53000 JavaThread "Sweeper thread" daemon [_thread_blocked, id=10692, stack(0x000000c652000000,0x000000c652100000)]
  0x000002acfbdc5800 JavaThread "Common-Cleaner" daemon [_thread_blocked, id=24096, stack(0x000000c652100000,0x000000c652200000)]
  0x000002acfbe43000 JavaThread "JDWP Transport Listener: dt_socket" daemon [_thread_blocked, id=27568, stack(0x000000c652300000,0x000000c652400000)]
  0x000002acfc0f9800 JavaThread "JDWP Event Helper Thread" daemon [_thread_blocked, id=4720, stack(0x000000c652400000,0x000000c652500000)]
  0x000002acfbf2d000 JavaThread "JDWP Command Reader" daemon [_thread_in_native, id=31560, stack(0x000000c652500000,0x000000c652600000)]
  0x000002ac806fb800 JavaThread "HikariPool-1 housekeeper" daemon [_thread_blocked, id=32168, stack(0x000000c653300000,0x000000c653400000)]
  0x000002acff793800 JavaThread "Catalina-utility-1" [_thread_blocked, id=26452, stack(0x000000c653500000,0x000000c653600000)]
  0x000002ac80217800 JavaThread "Catalina-utility-2" [_thread_blocked, id=25904, stack(0x000000c653600000,0x000000c653700000)]
  0x000002ac8cd03800 JavaThread "container-0" [_thread_blocked, id=11840, stack(0x000000c653700000,0x000000c653800000)]
  0x000002ac80210000 JavaThread "File Watcher" daemon [_thread_in_native, id=22440, stack(0x000000c653800000,0x000000c653900000)]
  0x000002ac8020e800 JavaThread "Live Reload Server" daemon [_thread_in_native, id=32808, stack(0x000000c653a00000,0x000000c653b00000)]
  0x000002ac8020f800 JavaThread "http-nio-8181-exec-1" daemon [_thread_blocked, id=14740, stack(0x000000c653900000,0x000000c653a00000)]
  0x000002ac80211000 JavaThread "http-nio-8181-exec-2" daemon [_thread_blocked, id=33352, stack(0x000000c653b00000,0x000000c653c00000)]
  0x000002ac8020b800 JavaThread "http-nio-8181-exec-3" daemon [_thread_blocked, id=27752, stack(0x000000c653c00000,0x000000c653d00000)]
  0x000002ac80212000 JavaThread "http-nio-8181-exec-4" daemon [_thread_blocked, id=16732, stack(0x000000c653d00000,0x000000c653e00000)]
  0x000002ac8020c000 JavaThread "http-nio-8181-exec-5" daemon [_thread_blocked, id=21360, stack(0x000000c653e00000,0x000000c653f00000)]
  0x000002ac8020d000 JavaThread "http-nio-8181-exec-6" daemon [_thread_blocked, id=5436, stack(0x000000c653f00000,0x000000c654000000)]
  0x000002ac8020e000 JavaThread "http-nio-8181-exec-7" daemon [_thread_blocked, id=29880, stack(0x000000c654000000,0x000000c654100000)]
  0x000002ac80584000 JavaThread "http-nio-8181-exec-8" daemon [_thread_blocked, id=17664, stack(0x000000c654100000,0x000000c654200000)]
  0x000002ac80588000 JavaThread "http-nio-8181-exec-9" daemon [_thread_blocked, id=15964, stack(0x000000c654200000,0x000000c654300000)]
  0x000002ac80585000 JavaThread "http-nio-8181-exec-10" daemon [_thread_blocked, id=8560, stack(0x000000c654300000,0x000000c654400000)]
  0x000002ac80585800 JavaThread "http-nio-8181-Poller" daemon [_thread_in_native, id=2924, stack(0x000000c654400000,0x000000c654500000)]
  0x000002ac80586800 JavaThread "http-nio-8181-Acceptor" daemon [_thread_in_native, id=16048, stack(0x000000c654500000,0x000000c654600000)]
  0x000002ac80589000 JavaThread "scheduling-1" [_thread_blocked, id=15976, stack(0x000000c654600000,0x000000c654700000)]
  0x000002ac80587800 JavaThread "DestroyJavaVM" [_thread_blocked, id=23524, stack(0x000000c651200000,0x000000c651300000)]

Other Threads:
  0x000002acfbbbe000 VMThread "VM Thread" [stack: 0x000000c651800000,0x000000c651900000] [id=30840]
  0x000002acfc169000 WatcherThread [stack: 0x000000c652600000,0x000000c652700000] [id=23072]
  0x000002acd87fb800 GCTaskThread "GC Thread#0" [stack: 0x000000c651300000,0x000000c651400000] [id=4964]
  0x000002acfcc57800 GCTaskThread "GC Thread#1" [stack: 0x000000c652700000,0x000000c652800000] [id=7108]
  0x000002acfcc58000 GCTaskThread "GC Thread#2" [stack: 0x000000c652800000,0x000000c652900000] [id=30576]
  0x000002acfca32800 GCTaskThread "GC Thread#3" [stack: 0x000000c652900000,0x000000c652a00000] [id=18540]
  0x000002acfca33800 GCTaskThread "GC Thread#4" [stack: 0x000000c652a00000,0x000000c652b00000] [id=1840]
  0x000002acfcb46000 GCTaskThread "GC Thread#5" [stack: 0x000000c652b00000,0x000000c652c00000] [id=11980]
  0x000002acfd0b5800 GCTaskThread "GC Thread#6" [stack: 0x000000c652f00000,0x000000c653000000] [id=18108]
  0x000002acfd3e2000 GCTaskThread "GC Thread#7" [stack: 0x000000c653000000,0x000000c653100000] [id=5676]
  0x000002acd8856000 ConcurrentGCThread "G1 Main Marker" [stack: 0x000000c651400000,0x000000c651500000] [id=3500]
  0x000002acd8858800 ConcurrentGCThread "G1 Conc#0" [stack: 0x000000c651500000,0x000000c651600000] [id=11172]
  0x000002acfce27000 ConcurrentGCThread "G1 Conc#1" [stack: 0x000000c653100000,0x000000c653200000] [id=33744]
  0x000002acfb21a000 ConcurrentGCThread "G1 Refine#0" [stack: 0x000000c651600000,0x000000c651700000] [id=4472]
  0x000002ac8d374000 ConcurrentGCThread "G1 Refine#1" [stack: 0x000000c650f00000,0x000000c651000000] [id=15116]
  0x000002acfb21b000 ConcurrentGCThread "G1 Young RemSet Sampling" [stack: 0x000000c651700000,0x000000c651800000] [id=24868]

Threads with active compile tasks:
C2 CompilerThread0 103637 10047       4       java.net.URL::toString (5 bytes)

VM state:not at safepoint (normal execution)

VM Mutex/Monitor currently owned by a thread: None

Heap address: 0x0000000703000000, size: 4048 MB, Compressed Oops mode: Zero based, Oop shift amount: 3
Narrow klass base: 0x0000000800000000, Narrow klass shift: 0
Compressed class space size: 1073741824 Address: 0x0000000800000000

Heap:
 garbage-first heap   total 336896K, used 53807K [0x0000000703000000, 0x0000000800000000)
  region size 1024K, 25 young (25600K), 14 survivors (14336K)
 Metaspace       used 80472K, capacity 82745K, committed 82816K, reserved 1122304K
  class space    used 9956K, capacity 10846K, committed 10880K, reserved 1048576K
Heap Regions: E=young(eden), S=young(survivor), O=old, HS=humongous(starts), HC=humongous(continues), CS=collection set, F=free, A=archive, TAMS=top-at-mark-start (previous, next)
|   0|0x0000000703000000, 0x0000000703100000, 0x0000000703100000|100%|HS|  |TAMS 0x0000000703100000, 0x0000000703000000| Complete 
|   1|0x0000000703100000, 0x0000000703200000, 0x0000000703200000|100%| O|  |TAMS 0x0000000703200000, 0x0000000703100000| Untracked 
|   2|0x0000000703200000, 0x0000000703300000, 0x0000000703300000|100%| O|  |TAMS 0x0000000703300000, 0x0000000703200000| Untracked 
|   3|0x0000000703300000, 0x0000000703400000, 0x0000000703400000|100%| O|  |TAMS 0x0000000703400000, 0x0000000703300000| Untracked 
|   4|0x0000000703400000, 0x0000000703500000, 0x0000000703500000|100%| O|  |TAMS 0x0000000703500000, 0x0000000703400000| Untracked 
|   5|0x0000000703500000, 0x0000000703600000, 0x0000000703600000|100%| O|  |TAMS 0x0000000703600000, 0x0000000703500000| Untracked 
|   6|0x0000000703600000, 0x0000000703700000, 0x0000000703700000|100%| O|  |TAMS 0x0000000703700000, 0x0000000703600000| Untracked 
|   7|0x0000000703700000, 0x0000000703800000, 0x0000000703800000|100%| O|  |TAMS 0x0000000703800000, 0x0000000703700000| Untracked 
|   8|0x0000000703800000, 0x0000000703900000, 0x0000000703900000|100%| O|  |TAMS 0x000000070389de00, 0x0000000703800000| Untracked 
|   9|0x0000000703900000, 0x0000000703a00000, 0x0000000703a00000|100%| O|  |TAMS 0x0000000703900000, 0x0000000703900000| Untracked 
|  10|0x0000000703a00000, 0x0000000703b00000, 0x0000000703b00000|100%| O|  |TAMS 0x0000000703a00000, 0x0000000703a00000| Untracked 
|  11|0x0000000703b00000, 0x0000000703c00000, 0x0000000703c00000|100%| O|  |TAMS 0x0000000703b00000, 0x0000000703b00000| Untracked 
|  12|0x0000000703c00000, 0x0000000703d00000, 0x0000000703d00000|100%| O|  |TAMS 0x0000000703c00000, 0x0000000703c00000| Untracked 
|  13|0x0000000703d00000, 0x0000000703e00000, 0x0000000703e00000|100%| O|  |TAMS 0x0000000703d00000, 0x0000000703d00000| Untracked 
|  14|0x0000000703e00000, 0x0000000703f00000, 0x0000000703f00000|100%|HS|  |TAMS 0x0000000703e00000, 0x0000000703e00000| Complete 
|  15|0x0000000703f00000, 0x0000000704000000, 0x0000000704000000|100%|HC|  |TAMS 0x0000000703f00000, 0x0000000703f00000| Complete 
|  16|0x0000000704000000, 0x0000000704000000, 0x0000000704100000|  0%| F|  |TAMS 0x0000000704000000, 0x0000000704000000| Untracked 
|  17|0x0000000704100000, 0x0000000704200000, 0x0000000704200000|100%| O|  |TAMS 0x0000000704100000, 0x0000000704100000| Untracked 
|  18|0x0000000704200000, 0x0000000704300000, 0x0000000704300000|100%| O|  |TAMS 0x0000000704200000, 0x0000000704200000| Untracked 
|  19|0x0000000704300000, 0x0000000704400000, 0x0000000704400000|100%| O|  |TAMS 0x0000000704300000, 0x0000000704300000| Untracked 
|  20|0x0000000704400000, 0x0000000704500000, 0x0000000704500000|100%|HS|  |TAMS 0x0000000704400000, 0x0000000704400000| Complete 
|  21|0x0000000704500000, 0x0000000704600000, 0x0000000704600000|100%|HC|  |TAMS 0x0000000704500000, 0x0000000704500000| Complete 
|  22|0x0000000704600000, 0x0000000704700000, 0x0000000704700000|100%|HS|  |TAMS 0x0000000704600000, 0x0000000704600000| Complete 
|  23|0x0000000704700000, 0x0000000704800000, 0x0000000704800000|100%|HC|  |TAMS 0x0000000704700000, 0x0000000704700000| Complete 
|  24|0x0000000704800000, 0x0000000704900000, 0x0000000704900000|100%|HS|  |TAMS 0x0000000704800000, 0x0000000704800000| Complete 
|  25|0x0000000704900000, 0x0000000704a00000, 0x0000000704a00000|100%|HC|  |TAMS 0x0000000704900000, 0x0000000704900000| Complete 
|  26|0x0000000704a00000, 0x0000000704a00000, 0x0000000704b00000|  0%| F|  |TAMS 0x0000000704a00000, 0x0000000704a00000| Untracked 
|  27|0x0000000704b00000, 0x0000000704b00000, 0x0000000704c00000|  0%| F|  |TAMS 0x0000000704b00000, 0x0000000704b00000| Untracked 
|  28|0x0000000704c00000, 0x0000000704c00000, 0x0000000704d00000|  0%| F|  |TAMS 0x0000000704c00000, 0x0000000704c00000| Untracked 
|  29|0x0000000704d00000, 0x0000000704d00000, 0x0000000704e00000|  0%| F|  |TAMS 0x0000000704d00000, 0x0000000704d00000| Untracked 
|  30|0x0000000704e00000, 0x0000000704e00000, 0x0000000704f00000|  0%| F|  |TAMS 0x0000000704e00000, 0x0000000704e00000| Untracked 
|  31|0x0000000704f00000, 0x0000000704f00000, 0x0000000705000000|  0%| F|  |TAMS 0x0000000704f00000, 0x0000000704f00000| Untracked 
|  32|0x0000000705000000, 0x0000000705000000, 0x0000000705100000|  0%| F|  |TAMS 0x0000000705000000, 0x0000000705000000| Untracked 
|  33|0x0000000705100000, 0x0000000705100000, 0x0000000705200000|  0%| F|  |TAMS 0x0000000705100000, 0x0000000705100000| Untracked 
|  34|0x0000000705200000, 0x0000000705200000, 0x0000000705300000|  0%| F|  |TAMS 0x0000000705200000, 0x0000000705200000| Untracked 
|  35|0x0000000705300000, 0x0000000705300000, 0x0000000705400000|  0%| F|  |TAMS 0x0000000705300000, 0x0000000705300000| Untracked 
|  36|0x0000000705400000, 0x0000000705400000, 0x0000000705500000|  0%| F|  |TAMS 0x0000000705400000, 0x0000000705400000| Untracked 
|  37|0x0000000705500000, 0x0000000705500000, 0x0000000705600000|  0%| F|  |TAMS 0x0000000705500000, 0x0000000705500000| Untracked 
|  38|0x0000000705600000, 0x0000000705600000, 0x0000000705700000|  0%| F|  |TAMS 0x0000000705600000, 0x0000000705600000| Untracked 
|  39|0x0000000705700000, 0x0000000705700000, 0x0000000705800000|  0%| F|  |TAMS 0x0000000705700000, 0x0000000705700000| Untracked 
|  40|0x0000000705800000, 0x0000000705800000, 0x0000000705900000|  0%| F|  |TAMS 0x0000000705800000, 0x0000000705800000| Untracked 
|  41|0x0000000705900000, 0x0000000705900000, 0x0000000705a00000|  0%| F|  |TAMS 0x0000000705900000, 0x0000000705900000| Untracked 
|  42|0x0000000705a00000, 0x0000000705a00000, 0x0000000705b00000|  0%| F|  |TAMS 0x0000000705a00000, 0x0000000705a00000| Untracked 
|  43|0x0000000705b00000, 0x0000000705b00000, 0x0000000705c00000|  0%| F|  |TAMS 0x0000000705b00000, 0x0000000705b00000| Untracked 
|  44|0x0000000705c00000, 0x0000000705c00000, 0x0000000705d00000|  0%| F|  |TAMS 0x0000000705c00000, 0x0000000705c00000| Untracked 
|  45|0x0000000705d00000, 0x0000000705d00000, 0x0000000705e00000|  0%| F|  |TAMS 0x0000000705d00000, 0x0000000705d00000| Untracked 
|  46|0x0000000705e00000, 0x0000000705e00000, 0x0000000705f00000|  0%| F|  |TAMS 0x0000000705e00000, 0x0000000705e00000| Untracked 
|  47|0x0000000705f00000, 0x0000000705f00000, 0x0000000706000000|  0%| F|  |TAMS 0x0000000705f00000, 0x0000000705f00000| Untracked 
|  48|0x0000000706000000, 0x0000000706000000, 0x0000000706100000|  0%| F|  |TAMS 0x0000000706000000, 0x0000000706000000| Untracked 
|  49|0x0000000706100000, 0x0000000706100000, 0x0000000706200000|  0%| F|  |TAMS 0x0000000706100000, 0x0000000706100000| Untracked 
|  50|0x0000000706200000, 0x0000000706200000, 0x0000000706300000|  0%| F|  |TAMS 0x0000000706200000, 0x0000000706200000| Untracked 
|  51|0x0000000706300000, 0x0000000706300000, 0x0000000706400000|  0%| F|  |TAMS 0x0000000706300000, 0x0000000706300000| Untracked 
|  52|0x0000000706400000, 0x0000000706400000, 0x0000000706500000|  0%| F|  |TAMS 0x0000000706400000, 0x0000000706400000| Untracked 
|  53|0x0000000706500000, 0x0000000706500000, 0x0000000706600000|  0%| F|  |TAMS 0x0000000706500000, 0x0000000706500000| Untracked 
|  54|0x0000000706600000, 0x0000000706600000, 0x0000000706700000|  0%| F|  |TAMS 0x0000000706600000, 0x0000000706600000| Untracked 
|  55|0x0000000706700000, 0x0000000706700000, 0x0000000706800000|  0%| F|  |TAMS 0x0000000706700000, 0x0000000706700000| Untracked 
|  56|0x0000000706800000, 0x0000000706800000, 0x0000000706900000|  0%| F|  |TAMS 0x0000000706800000, 0x0000000706800000| Untracked 
|  57|0x0000000706900000, 0x0000000706900000, 0x0000000706a00000|  0%| F|  |TAMS 0x0000000706900000, 0x0000000706900000| Untracked 
|  58|0x0000000706a00000, 0x0000000706a00000, 0x0000000706b00000|  0%| F|  |TAMS 0x0000000706a00000, 0x0000000706a00000| Untracked 
|  59|0x0000000706b00000, 0x0000000706b00000, 0x0000000706c00000|  0%| F|  |TAMS 0x0000000706b00000, 0x0000000706b00000| Untracked 
|  60|0x0000000706c00000, 0x0000000706c00000, 0x0000000706d00000|  0%| F|  |TAMS 0x0000000706c00000, 0x0000000706c00000| Untracked 
|  61|0x0000000706d00000, 0x0000000706d00000, 0x0000000706e00000|  0%| F|  |TAMS 0x0000000706d00000, 0x0000000706d00000| Untracked 
|  62|0x0000000706e00000, 0x0000000706e00000, 0x0000000706f00000|  0%| F|  |TAMS 0x0000000706e00000, 0x0000000706e00000| Untracked 
|  63|0x0000000706f00000, 0x0000000706f00000, 0x0000000707000000|  0%| F|  |TAMS 0x0000000706f00000, 0x0000000706f00000| Untracked 
|  64|0x0000000707000000, 0x0000000707000000, 0x0000000707100000|  0%| F|  |TAMS 0x0000000707000000, 0x0000000707000000| Untracked 
|  65|0x0000000707100000, 0x0000000707100000, 0x0000000707200000|  0%| F|  |TAMS 0x0000000707100000, 0x0000000707100000| Untracked 
|  66|0x0000000707200000, 0x0000000707200000, 0x0000000707300000|  0%| F|  |TAMS 0x0000000707200000, 0x0000000707200000| Untracked 
|  67|0x0000000707300000, 0x0000000707300000, 0x0000000707400000|  0%| F|  |TAMS 0x0000000707300000, 0x0000000707300000| Untracked 
|  68|0x0000000707400000, 0x0000000707400000, 0x0000000707500000|  0%| F|  |TAMS 0x0000000707400000, 0x0000000707400000| Untracked 
|  69|0x0000000707500000, 0x0000000707500000, 0x0000000707600000|  0%| F|  |TAMS 0x0000000707500000, 0x0000000707500000| Untracked 
|  70|0x0000000707600000, 0x0000000707600000, 0x0000000707700000|  0%| F|  |TAMS 0x0000000707600000, 0x0000000707600000| Untracked 
|  71|0x0000000707700000, 0x0000000707700000, 0x0000000707800000|  0%| F|  |TAMS 0x0000000707700000, 0x0000000707700000| Untracked 
|  72|0x0000000707800000, 0x0000000707800000, 0x0000000707900000|  0%| F|  |TAMS 0x0000000707800000, 0x0000000707800000| Untracked 
|  73|0x0000000707900000, 0x0000000707900000, 0x0000000707a00000|  0%| F|  |TAMS 0x0000000707900000, 0x0000000707900000| Untracked 
|  74|0x0000000707a00000, 0x0000000707a00000, 0x0000000707b00000|  0%| F|  |TAMS 0x0000000707a00000, 0x0000000707a00000| Untracked 
|  75|0x0000000707b00000, 0x0000000707b00000, 0x0000000707c00000|  0%| F|  |TAMS 0x0000000707b00000, 0x0000000707b00000| Untracked 
|  76|0x0000000707c00000, 0x0000000707c00000, 0x0000000707d00000|  0%| F|  |TAMS 0x0000000707c00000, 0x0000000707c00000| Untracked 
|  77|0x0000000707d00000, 0x0000000707d00000, 0x0000000707e00000|  0%| F|  |TAMS 0x0000000707d00000, 0x0000000707d00000| Untracked 
|  78|0x0000000707e00000, 0x0000000707e00000, 0x0000000707f00000|  0%| F|  |TAMS 0x0000000707e00000, 0x0000000707e00000| Untracked 
|  79|0x0000000707f00000, 0x0000000707f00000, 0x0000000708000000|  0%| F|  |TAMS 0x0000000707f00000, 0x0000000707f00000| Untracked 
|  80|0x0000000708000000, 0x0000000708000000, 0x0000000708100000|  0%| F|  |TAMS 0x0000000708000000, 0x0000000708000000| Untracked 
|  81|0x0000000708100000, 0x0000000708100000, 0x0000000708200000|  0%| F|  |TAMS 0x0000000708100000, 0x0000000708100000| Untracked 
|  82|0x0000000708200000, 0x0000000708200000, 0x0000000708300000|  0%| F|  |TAMS 0x0000000708200000, 0x0000000708200000| Untracked 
|  83|0x0000000708300000, 0x0000000708300000, 0x0000000708400000|  0%| F|  |TAMS 0x0000000708300000, 0x0000000708300000| Untracked 
|  84|0x0000000708400000, 0x0000000708400000, 0x0000000708500000|  0%| F|  |TAMS 0x0000000708400000, 0x0000000708400000| Untracked 
|  85|0x0000000708500000, 0x0000000708500000, 0x0000000708600000|  0%| F|  |TAMS 0x0000000708500000, 0x0000000708500000| Untracked 
|  86|0x0000000708600000, 0x0000000708600000, 0x0000000708700000|  0%| F|  |TAMS 0x0000000708600000, 0x0000000708600000| Untracked 
|  87|0x0000000708700000, 0x0000000708700000, 0x0000000708800000|  0%| F|  |TAMS 0x0000000708700000, 0x0000000708700000| Untracked 
|  88|0x0000000708800000, 0x0000000708800000, 0x0000000708900000|  0%| F|  |TAMS 0x0000000708800000, 0x0000000708800000| Untracked 
|  89|0x0000000708900000, 0x0000000708900000, 0x0000000708a00000|  0%| F|  |TAMS 0x0000000708900000, 0x0000000708900000| Untracked 
|  90|0x0000000708a00000, 0x0000000708a00000, 0x0000000708b00000|  0%| F|  |TAMS 0x0000000708a00000, 0x0000000708a00000| Untracked 
|  91|0x0000000708b00000, 0x0000000708b00000, 0x0000000708c00000|  0%| F|  |TAMS 0x0000000708b00000, 0x0000000708b00000| Untracked 
|  92|0x0000000708c00000, 0x0000000708c00000, 0x0000000708d00000|  0%| F|  |TAMS 0x0000000708c00000, 0x0000000708c00000| Untracked 
|  93|0x0000000708d00000, 0x0000000708d00000, 0x0000000708e00000|  0%| F|  |TAMS 0x0000000708d00000, 0x0000000708d00000| Untracked 
|  94|0x0000000708e00000, 0x0000000708e00000, 0x0000000708f00000|  0%| F|  |TAMS 0x0000000708e00000, 0x0000000708e00000| Untracked 
|  95|0x0000000708f00000, 0x0000000708f00000, 0x0000000709000000|  0%| F|  |TAMS 0x0000000708f00000, 0x0000000708f00000| Untracked 
|  96|0x0000000709000000, 0x0000000709000000, 0x0000000709100000|  0%| F|  |TAMS 0x0000000709000000, 0x0000000709000000| Untracked 
|  97|0x0000000709100000, 0x0000000709100000, 0x0000000709200000|  0%| F|  |TAMS 0x0000000709100000, 0x0000000709100000| Untracked 
|  98|0x0000000709200000, 0x0000000709200000, 0x0000000709300000|  0%| F|  |TAMS 0x0000000709200000, 0x0000000709200000| Untracked 
|  99|0x0000000709300000, 0x0000000709300000, 0x0000000709400000|  0%| F|  |TAMS 0x0000000709300000, 0x0000000709300000| Untracked 
| 100|0x0000000709400000, 0x0000000709400000, 0x0000000709500000|  0%| F|  |TAMS 0x0000000709400000, 0x0000000709400000| Untracked 
| 101|0x0000000709500000, 0x0000000709500000, 0x0000000709600000|  0%| F|  |TAMS 0x0000000709500000, 0x0000000709500000| Untracked 
| 102|0x0000000709600000, 0x0000000709600000, 0x0000000709700000|  0%| F|  |TAMS 0x0000000709600000, 0x0000000709600000| Untracked 
| 103|0x0000000709700000, 0x0000000709700000, 0x0000000709800000|  0%| F|  |TAMS 0x0000000709700000, 0x0000000709700000| Untracked 
| 104|0x0000000709800000, 0x0000000709800000, 0x0000000709900000|  0%| F|  |TAMS 0x0000000709800000, 0x0000000709800000| Untracked 
| 105|0x0000000709900000, 0x0000000709900000, 0x0000000709a00000|  0%| F|  |TAMS 0x0000000709900000, 0x0000000709900000| Untracked 
| 106|0x0000000709a00000, 0x0000000709a00000, 0x0000000709b00000|  0%| F|  |TAMS 0x0000000709a00000, 0x0000000709a00000| Untracked 
| 107|0x0000000709b00000, 0x0000000709b00000, 0x0000000709c00000|  0%| F|  |TAMS 0x0000000709b00000, 0x0000000709b00000| Untracked 
| 108|0x0000000709c00000, 0x0000000709c00000, 0x0000000709d00000|  0%| F|  |TAMS 0x0000000709c00000, 0x0000000709c00000| Untracked 
| 109|0x0000000709d00000, 0x0000000709d00000, 0x0000000709e00000|  0%| F|  |TAMS 0x0000000709d00000, 0x0000000709d00000| Untracked 
| 110|0x0000000709e00000, 0x0000000709e00000, 0x0000000709f00000|  0%| F|  |TAMS 0x0000000709e00000, 0x0000000709e00000| Untracked 
| 111|0x0000000709f00000, 0x0000000709f00000, 0x000000070a000000|  0%| F|  |TAMS 0x0000000709f00000, 0x0000000709f00000| Untracked 
| 112|0x000000070a000000, 0x000000070a000000, 0x000000070a100000|  0%| F|  |TAMS 0x000000070a000000, 0x000000070a000000| Untracked 
| 113|0x000000070a100000, 0x000000070a100000, 0x000000070a200000|  0%| F|  |TAMS 0x000000070a100000, 0x000000070a100000| Untracked 
| 114|0x000000070a200000, 0x000000070a200000, 0x000000070a300000|  0%| F|  |TAMS 0x000000070a200000, 0x000000070a200000| Untracked 
| 115|0x000000070a300000, 0x000000070a300000, 0x000000070a400000|  0%| F|  |TAMS 0x000000070a300000, 0x000000070a300000| Untracked 
| 116|0x000000070a400000, 0x000000070a400000, 0x000000070a500000|  0%| F|  |TAMS 0x000000070a400000, 0x000000070a400000| Untracked 
| 117|0x000000070a500000, 0x000000070a500000, 0x000000070a600000|  0%| F|  |TAMS 0x000000070a500000, 0x000000070a500000| Untracked 
| 118|0x000000070a600000, 0x000000070a600000, 0x000000070a700000|  0%| F|  |TAMS 0x000000070a600000, 0x000000070a600000| Untracked 
| 119|0x000000070a700000, 0x000000070a700000, 0x000000070a800000|  0%| F|  |TAMS 0x000000070a700000, 0x000000070a700000| Untracked 
| 120|0x000000070a800000, 0x000000070a800000, 0x000000070a900000|  0%| F|  |TAMS 0x000000070a800000, 0x000000070a800000| Untracked 
| 121|0x000000070a900000, 0x000000070a900000, 0x000000070aa00000|  0%| F|  |TAMS 0x000000070a900000, 0x000000070a900000| Untracked 
| 122|0x000000070aa00000, 0x000000070aa00000, 0x000000070ab00000|  0%| F|  |TAMS 0x000000070aa00000, 0x000000070aa00000| Untracked 
| 123|0x000000070ab00000, 0x000000070ab00000, 0x000000070ac00000|  0%| F|  |TAMS 0x000000070ab00000, 0x000000070ab00000| Untracked 
| 124|0x000000070ac00000, 0x000000070ac00000, 0x000000070ad00000|  0%| F|  |TAMS 0x000000070ac00000, 0x000000070ac00000| Untracked 
| 125|0x000000070ad00000, 0x000000070ad00000, 0x000000070ae00000|  0%| F|  |TAMS 0x000000070ad00000, 0x000000070ad00000| Untracked 
| 126|0x000000070ae00000, 0x000000070ae00000, 0x000000070af00000|  0%| F|  |TAMS 0x000000070ae00000, 0x000000070ae00000| Untracked 
| 127|0x000000070af00000, 0x000000070af00000, 0x000000070b000000|  0%| F|  |TAMS 0x000000070af00000, 0x000000070af00000| Untracked 
| 128|0x000000070b000000, 0x000000070b000000, 0x000000070b100000|  0%| F|  |TAMS 0x000000070b000000, 0x000000070b000000| Untracked 
| 129|0x000000070b100000, 0x000000070b100000, 0x000000070b200000|  0%| F|  |TAMS 0x000000070b100000, 0x000000070b100000| Untracked 
| 130|0x000000070b200000, 0x000000070b200000, 0x000000070b300000|  0%| F|  |TAMS 0x000000070b200000, 0x000000070b200000| Untracked 
| 131|0x000000070b300000, 0x000000070b300000, 0x000000070b400000|  0%| F|  |TAMS 0x000000070b300000, 0x000000070b300000| Untracked 
| 132|0x000000070b400000, 0x000000070b400000, 0x000000070b500000|  0%| F|  |TAMS 0x000000070b400000, 0x000000070b400000| Untracked 
| 133|0x000000070b500000, 0x000000070b500000, 0x000000070b600000|  0%| F|  |TAMS 0x000000070b500000, 0x000000070b500000| Untracked 
| 134|0x000000070b600000, 0x000000070b600000, 0x000000070b700000|  0%| F|  |TAMS 0x000000070b600000, 0x000000070b600000| Untracked 
| 135|0x000000070b700000, 0x000000070b700000, 0x000000070b800000|  0%| F|  |TAMS 0x000000070b700000, 0x000000070b700000| Untracked 
| 136|0x000000070b800000, 0x000000070b800000, 0x000000070b900000|  0%| F|  |TAMS 0x000000070b800000, 0x000000070b800000| Untracked 
| 137|0x000000070b900000, 0x000000070b900000, 0x000000070ba00000|  0%| F|  |TAMS 0x000000070b900000, 0x000000070b900000| Untracked 
| 138|0x000000070ba00000, 0x000000070ba00000, 0x000000070bb00000|  0%| F|  |TAMS 0x000000070ba00000, 0x000000070ba00000| Untracked 
| 139|0x000000070bb00000, 0x000000070bb00000, 0x000000070bc00000|  0%| F|  |TAMS 0x000000070bb00000, 0x000000070bb00000| Untracked 
| 140|0x000000070bc00000, 0x000000070bc00000, 0x000000070bd00000|  0%| F|  |TAMS 0x000000070bc00000, 0x000000070bc00000| Untracked 
| 141|0x000000070bd00000, 0x000000070bd00000, 0x000000070be00000|  0%| F|  |TAMS 0x000000070bd00000, 0x000000070bd00000| Untracked 
| 142|0x000000070be00000, 0x000000070be00000, 0x000000070bf00000|  0%| F|  |TAMS 0x000000070be00000, 0x000000070be00000| Untracked 
| 143|0x000000070bf00000, 0x000000070bf00000, 0x000000070c000000|  0%| F|  |TAMS 0x000000070bf00000, 0x000000070bf00000| Untracked 
| 144|0x000000070c000000, 0x000000070c000000, 0x000000070c100000|  0%| F|  |TAMS 0x000000070c000000, 0x000000070c000000| Untracked 
| 145|0x000000070c100000, 0x000000070c100000, 0x000000070c200000|  0%| F|  |TAMS 0x000000070c100000, 0x000000070c100000| Untracked 
| 146|0x000000070c200000, 0x000000070c200000, 0x000000070c300000|  0%| F|  |TAMS 0x000000070c200000, 0x000000070c200000| Untracked 
| 147|0x000000070c300000, 0x000000070c300000, 0x000000070c400000|  0%| F|  |TAMS 0x000000070c300000, 0x000000070c300000| Untracked 
| 148|0x000000070c400000, 0x000000070c400000, 0x000000070c500000|  0%| F|  |TAMS 0x000000070c400000, 0x000000070c400000| Untracked 
| 149|0x000000070c500000, 0x000000070c500000, 0x000000070c600000|  0%| F|  |TAMS 0x000000070c500000, 0x000000070c500000| Untracked 
| 150|0x000000070c600000, 0x000000070c600000, 0x000000070c700000|  0%| F|  |TAMS 0x000000070c600000, 0x000000070c600000| Untracked 
| 151|0x000000070c700000, 0x000000070c700000, 0x000000070c800000|  0%| F|  |TAMS 0x000000070c700000, 0x000000070c700000| Untracked 
| 152|0x000000070c800000, 0x000000070c800000, 0x000000070c900000|  0%| F|  |TAMS 0x000000070c800000, 0x000000070c800000| Untracked 
| 153|0x000000070c900000, 0x000000070c900000, 0x000000070ca00000|  0%| F|  |TAMS 0x000000070c900000, 0x000000070c900000| Untracked 
| 154|0x000000070ca00000, 0x000000070ca00000, 0x000000070cb00000|  0%| F|  |TAMS 0x000000070ca00000, 0x000000070ca00000| Untracked 
| 155|0x000000070cb00000, 0x000000070cb00000, 0x000000070cc00000|  0%| F|  |TAMS 0x000000070cb00000, 0x000000070cb00000| Untracked 
| 156|0x000000070cc00000, 0x000000070cc00000, 0x000000070cd00000|  0%| F|  |TAMS 0x000000070cc00000, 0x000000070cc00000| Untracked 
| 157|0x000000070cd00000, 0x000000070cd00000, 0x000000070ce00000|  0%| F|  |TAMS 0x000000070cd00000, 0x000000070cd00000| Untracked 
| 158|0x000000070ce00000, 0x000000070ce00000, 0x000000070cf00000|  0%| F|  |TAMS 0x000000070ce00000, 0x000000070ce00000| Untracked 
| 159|0x000000070cf00000, 0x000000070cf00000, 0x000000070d000000|  0%| F|  |TAMS 0x000000070cf00000, 0x000000070cf00000| Untracked 
| 160|0x000000070d000000, 0x000000070d000000, 0x000000070d100000|  0%| F|  |TAMS 0x000000070d000000, 0x000000070d000000| Untracked 
| 161|0x000000070d100000, 0x000000070d100000, 0x000000070d200000|  0%| F|  |TAMS 0x000000070d100000, 0x000000070d100000| Untracked 
| 162|0x000000070d200000, 0x000000070d200000, 0x000000070d300000|  0%| F|  |TAMS 0x000000070d200000, 0x000000070d200000| Untracked 
| 163|0x000000070d300000, 0x000000070d300000, 0x000000070d400000|  0%| F|  |TAMS 0x000000070d300000, 0x000000070d300000| Untracked 
| 164|0x000000070d400000, 0x000000070d400000, 0x000000070d500000|  0%| F|  |TAMS 0x000000070d400000, 0x000000070d400000| Untracked 
| 165|0x000000070d500000, 0x000000070d500000, 0x000000070d600000|  0%| F|  |TAMS 0x000000070d500000, 0x000000070d500000| Untracked 
| 166|0x000000070d600000, 0x000000070d600000, 0x000000070d700000|  0%| F|  |TAMS 0x000000070d600000, 0x000000070d600000| Untracked 
| 167|0x000000070d700000, 0x000000070d700000, 0x000000070d800000|  0%| F|  |TAMS 0x000000070d700000, 0x000000070d700000| Untracked 
| 168|0x000000070d800000, 0x000000070d800000, 0x000000070d900000|  0%| F|  |TAMS 0x000000070d800000, 0x000000070d800000| Untracked 
| 169|0x000000070d900000, 0x000000070d900000, 0x000000070da00000|  0%| F|  |TAMS 0x000000070d900000, 0x000000070d900000| Untracked 
| 170|0x000000070da00000, 0x000000070da00000, 0x000000070db00000|  0%| F|  |TAMS 0x000000070da00000, 0x000000070da00000| Untracked 
| 171|0x000000070db00000, 0x000000070db00000, 0x000000070dc00000|  0%| F|  |TAMS 0x000000070db00000, 0x000000070db00000| Untracked 
| 172|0x000000070dc00000, 0x000000070dc00000, 0x000000070dd00000|  0%| F|  |TAMS 0x000000070dc00000, 0x000000070dc00000| Untracked 
| 173|0x000000070dd00000, 0x000000070dd00000, 0x000000070de00000|  0%| F|  |TAMS 0x000000070dd00000, 0x000000070dd00000| Untracked 
| 174|0x000000070de00000, 0x000000070de00000, 0x000000070df00000|  0%| F|  |TAMS 0x000000070de00000, 0x000000070de00000| Untracked 
| 175|0x000000070df00000, 0x000000070df00000, 0x000000070e000000|  0%| F|  |TAMS 0x000000070df00000, 0x000000070df00000| Untracked 
| 176|0x000000070e000000, 0x000000070e000000, 0x000000070e100000|  0%| F|  |TAMS 0x000000070e000000, 0x000000070e000000| Untracked 
| 177|0x000000070e100000, 0x000000070e100000, 0x000000070e200000|  0%| F|  |TAMS 0x000000070e100000, 0x000000070e100000| Untracked 
| 178|0x000000070e200000, 0x000000070e200000, 0x000000070e300000|  0%| F|  |TAMS 0x000000070e200000, 0x000000070e200000| Untracked 
| 179|0x000000070e300000, 0x000000070e300000, 0x000000070e400000|  0%| F|  |TAMS 0x000000070e300000, 0x000000070e300000| Untracked 
| 180|0x000000070e400000, 0x000000070e400000, 0x000000070e500000|  0%| F|  |TAMS 0x000000070e400000, 0x000000070e400000| Untracked 
| 181|0x000000070e500000, 0x000000070e500000, 0x000000070e600000|  0%| F|  |TAMS 0x000000070e500000, 0x000000070e500000| Untracked 
| 182|0x000000070e600000, 0x000000070e600000, 0x000000070e700000|  0%| F|  |TAMS 0x000000070e600000, 0x000000070e600000| Untracked 
| 183|0x000000070e700000, 0x000000070e700000, 0x000000070e800000|  0%| F|  |TAMS 0x000000070e700000, 0x000000070e700000| Untracked 
| 184|0x000000070e800000, 0x000000070e800000, 0x000000070e900000|  0%| F|  |TAMS 0x000000070e800000, 0x000000070e800000| Untracked 
| 185|0x000000070e900000, 0x000000070e900000, 0x000000070ea00000|  0%| F|  |TAMS 0x000000070e900000, 0x000000070e900000| Untracked 
| 186|0x000000070ea00000, 0x000000070ea00000, 0x000000070eb00000|  0%| F|  |TAMS 0x000000070ea00000, 0x000000070ea00000| Untracked 
| 187|0x000000070eb00000, 0x000000070eb00000, 0x000000070ec00000|  0%| F|  |TAMS 0x000000070eb00000, 0x000000070eb00000| Untracked 
| 188|0x000000070ec00000, 0x000000070ec00000, 0x000000070ed00000|  0%| F|  |TAMS 0x000000070ec00000, 0x000000070ec00000| Untracked 
| 189|0x000000070ed00000, 0x000000070ed00000, 0x000000070ee00000|  0%| F|  |TAMS 0x000000070ed00000, 0x000000070ed00000| Untracked 
| 190|0x000000070ee00000, 0x000000070ee00000, 0x000000070ef00000|  0%| F|  |TAMS 0x000000070ee00000, 0x000000070ee00000| Untracked 
| 191|0x000000070ef00000, 0x000000070ef00000, 0x000000070f000000|  0%| F|  |TAMS 0x000000070ef00000, 0x000000070ef00000| Untracked 
| 192|0x000000070f000000, 0x000000070f000000, 0x000000070f100000|  0%| F|  |TAMS 0x000000070f000000, 0x000000070f000000| Untracked 
| 193|0x000000070f100000, 0x000000070f100000, 0x000000070f200000|  0%| F|  |TAMS 0x000000070f100000, 0x000000070f100000| Untracked 
| 194|0x000000070f200000, 0x000000070f200000, 0x000000070f300000|  0%| F|  |TAMS 0x000000070f200000, 0x000000070f200000| Untracked 
| 195|0x000000070f300000, 0x000000070f300000, 0x000000070f400000|  0%| F|  |TAMS 0x000000070f300000, 0x000000070f300000| Untracked 
| 196|0x000000070f400000, 0x000000070f400000, 0x000000070f500000|  0%| F|  |TAMS 0x000000070f400000, 0x000000070f400000| Untracked 
| 197|0x000000070f500000, 0x000000070f500000, 0x000000070f600000|  0%| F|  |TAMS 0x000000070f500000, 0x000000070f500000| Untracked 
| 198|0x000000070f600000, 0x000000070f600000, 0x000000070f700000|  0%| F|  |TAMS 0x000000070f600000, 0x000000070f600000| Untracked 
| 199|0x000000070f700000, 0x000000070f700000, 0x000000070f800000|  0%| F|  |TAMS 0x000000070f700000, 0x000000070f700000| Untracked 
| 200|0x000000070f800000, 0x000000070f800000, 0x000000070f900000|  0%| F|  |TAMS 0x000000070f800000, 0x000000070f800000| Untracked 
| 201|0x000000070f900000, 0x000000070f900000, 0x000000070fa00000|  0%| F|  |TAMS 0x000000070f900000, 0x000000070f900000| Untracked 
| 202|0x000000070fa00000, 0x000000070fa00000, 0x000000070fb00000|  0%| F|  |TAMS 0x000000070fa00000, 0x000000070fa00000| Untracked 
| 203|0x000000070fb00000, 0x000000070fb00000, 0x000000070fc00000|  0%| F|  |TAMS 0x000000070fb00000, 0x000000070fb00000| Untracked 
| 204|0x000000070fc00000, 0x000000070fc00000, 0x000000070fd00000|  0%| F|  |TAMS 0x000000070fc00000, 0x000000070fc00000| Untracked 
| 205|0x000000070fd00000, 0x000000070fd00000, 0x000000070fe00000|  0%| F|  |TAMS 0x000000070fd00000, 0x000000070fd00000| Untracked 
| 206|0x000000070fe00000, 0x000000070fe00000, 0x000000070ff00000|  0%| F|  |TAMS 0x000000070fe00000, 0x000000070fe00000| Untracked 
| 207|0x000000070ff00000, 0x000000070ff00000, 0x0000000710000000|  0%| F|  |TAMS 0x000000070ff00000, 0x000000070ff00000| Untracked 
| 208|0x0000000710000000, 0x0000000710000000, 0x0000000710100000|  0%| F|  |TAMS 0x0000000710000000, 0x0000000710000000| Untracked 
| 209|0x0000000710100000, 0x0000000710100000, 0x0000000710200000|  0%| F|  |TAMS 0x0000000710100000, 0x0000000710100000| Untracked 
| 210|0x0000000710200000, 0x0000000710200000, 0x0000000710300000|  0%| F|  |TAMS 0x0000000710200000, 0x0000000710200000| Untracked 
| 211|0x0000000710300000, 0x0000000710300000, 0x0000000710400000|  0%| F|  |TAMS 0x0000000710300000, 0x0000000710300000| Untracked 
| 212|0x0000000710400000, 0x0000000710400000, 0x0000000710500000|  0%| F|  |TAMS 0x0000000710400000, 0x0000000710400000| Untracked 
| 213|0x0000000710500000, 0x0000000710500000, 0x0000000710600000|  0%| F|  |TAMS 0x0000000710500000, 0x0000000710500000| Untracked 
| 214|0x0000000710600000, 0x0000000710600000, 0x0000000710700000|  0%| F|  |TAMS 0x0000000710600000, 0x0000000710600000| Untracked 
| 215|0x0000000710700000, 0x0000000710700000, 0x0000000710800000|  0%| F|  |TAMS 0x0000000710700000, 0x0000000710700000| Untracked 
| 216|0x0000000710800000, 0x0000000710800000, 0x0000000710900000|  0%| F|  |TAMS 0x0000000710800000, 0x0000000710800000| Untracked 
| 217|0x0000000710900000, 0x0000000710900000, 0x0000000710a00000|  0%| F|  |TAMS 0x0000000710900000, 0x0000000710900000| Untracked 
| 218|0x0000000710a00000, 0x0000000710a00000, 0x0000000710b00000|  0%| F|  |TAMS 0x0000000710a00000, 0x0000000710a00000| Untracked 
| 219|0x0000000710b00000, 0x0000000710b00000, 0x0000000710c00000|  0%| F|  |TAMS 0x0000000710b00000, 0x0000000710b00000| Untracked 
| 220|0x0000000710c00000, 0x0000000710c00000, 0x0000000710d00000|  0%| F|  |TAMS 0x0000000710c00000, 0x0000000710c00000| Untracked 
| 221|0x0000000710d00000, 0x0000000710d00000, 0x0000000710e00000|  0%| F|  |TAMS 0x0000000710d00000, 0x0000000710d00000| Untracked 
| 222|0x0000000710e00000, 0x0000000710e00000, 0x0000000710f00000|  0%| F|  |TAMS 0x0000000710e00000, 0x0000000710e00000| Untracked 
| 223|0x0000000710f00000, 0x0000000710f00000, 0x0000000711000000|  0%| F|  |TAMS 0x0000000710f00000, 0x0000000710f00000| Untracked 
| 224|0x0000000711000000, 0x0000000711000000, 0x0000000711100000|  0%| F|  |TAMS 0x0000000711000000, 0x0000000711000000| Untracked 
| 225|0x0000000711100000, 0x0000000711100000, 0x0000000711200000|  0%| F|  |TAMS 0x0000000711100000, 0x0000000711100000| Untracked 
| 226|0x0000000711200000, 0x0000000711200000, 0x0000000711300000|  0%| F|  |TAMS 0x0000000711200000, 0x0000000711200000| Untracked 
| 227|0x0000000711300000, 0x0000000711300000, 0x0000000711400000|  0%| F|  |TAMS 0x0000000711300000, 0x0000000711300000| Untracked 
| 228|0x0000000711400000, 0x0000000711400000, 0x0000000711500000|  0%| F|  |TAMS 0x0000000711400000, 0x0000000711400000| Untracked 
| 229|0x0000000711500000, 0x0000000711500000, 0x0000000711600000|  0%| F|  |TAMS 0x0000000711500000, 0x0000000711500000| Untracked 
| 230|0x0000000711600000, 0x0000000711600000, 0x0000000711700000|  0%| F|  |TAMS 0x0000000711600000, 0x0000000711600000| Untracked 
| 231|0x0000000711700000, 0x0000000711700000, 0x0000000711800000|  0%| F|  |TAMS 0x0000000711700000, 0x0000000711700000| Untracked 
| 232|0x0000000711800000, 0x0000000711800000, 0x0000000711900000|  0%| F|  |TAMS 0x0000000711800000, 0x0000000711800000| Untracked 
| 233|0x0000000711900000, 0x0000000711900000, 0x0000000711a00000|  0%| F|  |TAMS 0x0000000711900000, 0x0000000711900000| Untracked 
| 234|0x0000000711a00000, 0x0000000711a00000, 0x0000000711b00000|  0%| F|  |TAMS 0x0000000711a00000, 0x0000000711a00000| Untracked 
| 235|0x0000000711b00000, 0x0000000711b00000, 0x0000000711c00000|  0%| F|  |TAMS 0x0000000711b00000, 0x0000000711b00000| Untracked 
| 236|0x0000000711c00000, 0x0000000711c00000, 0x0000000711d00000|  0%| F|  |TAMS 0x0000000711c00000, 0x0000000711c00000| Untracked 
| 237|0x0000000711d00000, 0x0000000711d00000, 0x0000000711e00000|  0%| F|  |TAMS 0x0000000711d00000, 0x0000000711d00000| Untracked 
| 238|0x0000000711e00000, 0x0000000711e00000, 0x0000000711f00000|  0%| F|  |TAMS 0x0000000711e00000, 0x0000000711e00000| Untracked 
| 239|0x0000000711f00000, 0x0000000711f00000, 0x0000000712000000|  0%| F|  |TAMS 0x0000000711f00000, 0x0000000711f00000| Untracked 
| 240|0x0000000712000000, 0x0000000712000000, 0x0000000712100000|  0%| F|  |TAMS 0x0000000712000000, 0x0000000712000000| Untracked 
| 241|0x0000000712100000, 0x0000000712100000, 0x0000000712200000|  0%| F|  |TAMS 0x0000000712100000, 0x0000000712100000| Untracked 
| 242|0x0000000712200000, 0x0000000712200000, 0x0000000712300000|  0%| F|  |TAMS 0x0000000712200000, 0x0000000712200000| Untracked 
| 243|0x0000000712300000, 0x0000000712300000, 0x0000000712400000|  0%| F|  |TAMS 0x0000000712300000, 0x0000000712300000| Untracked 
| 244|0x0000000712400000, 0x0000000712400000, 0x0000000712500000|  0%| F|  |TAMS 0x0000000712400000, 0x0000000712400000| Untracked 
| 245|0x0000000712500000, 0x0000000712500000, 0x0000000712600000|  0%| F|  |TAMS 0x0000000712500000, 0x0000000712500000| Untracked 
| 246|0x0000000712600000, 0x0000000712600000, 0x0000000712700000|  0%| F|  |TAMS 0x0000000712600000, 0x0000000712600000| Untracked 
| 247|0x0000000712700000, 0x0000000712700000, 0x0000000712800000|  0%| F|  |TAMS 0x0000000712700000, 0x0000000712700000| Untracked 
| 248|0x0000000712800000, 0x0000000712800000, 0x0000000712900000|  0%| F|  |TAMS 0x0000000712800000, 0x0000000712800000| Untracked 
| 249|0x0000000712900000, 0x0000000712900000, 0x0000000712a00000|  0%| F|  |TAMS 0x0000000712900000, 0x0000000712900000| Untracked 
| 250|0x0000000712a00000, 0x0000000712a00000, 0x0000000712b00000|  0%| F|  |TAMS 0x0000000712a00000, 0x0000000712a00000| Untracked 
| 251|0x0000000712b00000, 0x0000000712b00000, 0x0000000712c00000|  0%| F|  |TAMS 0x0000000712b00000, 0x0000000712b00000| Untracked 
| 252|0x0000000712c00000, 0x0000000712c00000, 0x0000000712d00000|  0%| F|  |TAMS 0x0000000712c00000, 0x0000000712c00000| Untracked 
| 253|0x0000000712d00000, 0x0000000712d00000, 0x0000000712e00000|  0%| F|  |TAMS 0x0000000712d00000, 0x0000000712d00000| Untracked 
| 254|0x0000000712e00000, 0x0000000712e00000, 0x0000000712f00000|  0%| F|  |TAMS 0x0000000712e00000, 0x0000000712e00000| Untracked 
| 255|0x0000000712f00000, 0x0000000712f00000, 0x0000000713000000|  0%| F|  |TAMS 0x0000000712f00000, 0x0000000712f00000| Untracked 
| 256|0x0000000713000000, 0x0000000713000000, 0x0000000713100000|  0%| F|  |TAMS 0x0000000713000000, 0x0000000713000000| Untracked 
| 257|0x0000000713100000, 0x0000000713100000, 0x0000000713200000|  0%| F|  |TAMS 0x0000000713100000, 0x0000000713100000| Untracked 
| 258|0x0000000713200000, 0x0000000713200000, 0x0000000713300000|  0%| F|  |TAMS 0x0000000713200000, 0x0000000713200000| Untracked 
| 259|0x0000000713300000, 0x0000000713300000, 0x0000000713400000|  0%| F|  |TAMS 0x0000000713300000, 0x0000000713300000| Untracked 
| 260|0x0000000713400000, 0x0000000713400000, 0x0000000713500000|  0%| F|  |TAMS 0x0000000713400000, 0x0000000713400000| Untracked 
| 261|0x0000000713500000, 0x0000000713500000, 0x0000000713600000|  0%| F|  |TAMS 0x0000000713500000, 0x0000000713500000| Untracked 
| 262|0x0000000713600000, 0x0000000713600000, 0x0000000713700000|  0%| F|  |TAMS 0x0000000713600000, 0x0000000713600000| Untracked 
| 263|0x0000000713700000, 0x0000000713700000, 0x0000000713800000|  0%| F|  |TAMS 0x0000000713700000, 0x0000000713700000| Untracked 
| 264|0x0000000713800000, 0x0000000713800000, 0x0000000713900000|  0%| F|  |TAMS 0x0000000713800000, 0x0000000713800000| Untracked 
| 265|0x0000000713900000, 0x0000000713900000, 0x0000000713a00000|  0%| F|  |TAMS 0x0000000713900000, 0x0000000713900000| Untracked 
| 266|0x0000000713a00000, 0x0000000713a00000, 0x0000000713b00000|  0%| F|  |TAMS 0x0000000713a00000, 0x0000000713a00000| Untracked 
| 267|0x0000000713b00000, 0x0000000713b00000, 0x0000000713c00000|  0%| F|  |TAMS 0x0000000713b00000, 0x0000000713b00000| Untracked 
| 268|0x0000000713c00000, 0x0000000713c00000, 0x0000000713d00000|  0%| F|  |TAMS 0x0000000713c00000, 0x0000000713c00000| Untracked 
| 269|0x0000000713d00000, 0x0000000713d00000, 0x0000000713e00000|  0%| F|  |TAMS 0x0000000713d00000, 0x0000000713d00000| Untracked 
| 270|0x0000000713e00000, 0x0000000713e00000, 0x0000000713f00000|  0%| F|  |TAMS 0x0000000713e00000, 0x0000000713e00000| Untracked 
| 271|0x0000000713f00000, 0x0000000713f00000, 0x0000000714000000|  0%| F|  |TAMS 0x0000000713f00000, 0x0000000713f00000| Untracked 
| 272|0x0000000714000000, 0x0000000714000000, 0x0000000714100000|  0%| F|  |TAMS 0x0000000714000000, 0x0000000714000000| Untracked 
| 273|0x0000000714100000, 0x0000000714100000, 0x0000000714200000|  0%| F|  |TAMS 0x0000000714100000, 0x0000000714100000| Untracked 
| 274|0x0000000714200000, 0x0000000714200000, 0x0000000714300000|  0%| F|  |TAMS 0x0000000714200000, 0x0000000714200000| Untracked 
| 275|0x0000000714300000, 0x0000000714300000, 0x0000000714400000|  0%| F|  |TAMS 0x0000000714300000, 0x0000000714300000| Untracked 
| 276|0x0000000714400000, 0x0000000714400000, 0x0000000714500000|  0%| F|  |TAMS 0x0000000714400000, 0x0000000714400000| Untracked 
| 277|0x0000000714500000, 0x0000000714500000, 0x0000000714600000|  0%| F|  |TAMS 0x0000000714500000, 0x0000000714500000| Untracked 
| 278|0x0000000714600000, 0x0000000714600000, 0x0000000714700000|  0%| F|  |TAMS 0x0000000714600000, 0x0000000714600000| Untracked 
| 279|0x0000000714700000, 0x0000000714700000, 0x0000000714800000|  0%| F|  |TAMS 0x0000000714700000, 0x0000000714700000| Untracked 
| 280|0x0000000714800000, 0x0000000714800000, 0x0000000714900000|  0%| F|  |TAMS 0x0000000714800000, 0x0000000714800000| Untracked 
| 281|0x0000000714900000, 0x0000000714900000, 0x0000000714a00000|  0%| F|  |TAMS 0x0000000714900000, 0x0000000714900000| Untracked 
| 282|0x0000000714a00000, 0x0000000714a00000, 0x0000000714b00000|  0%| F|  |TAMS 0x0000000714a00000, 0x0000000714a00000| Untracked 
| 283|0x0000000714b00000, 0x0000000714b00000, 0x0000000714c00000|  0%| F|  |TAMS 0x0000000714b00000, 0x0000000714b00000| Untracked 
| 284|0x0000000714c00000, 0x0000000714c00000, 0x0000000714d00000|  0%| F|  |TAMS 0x0000000714c00000, 0x0000000714c00000| Untracked 
| 285|0x0000000714d00000, 0x0000000714d00000, 0x0000000714e00000|  0%| F|  |TAMS 0x0000000714d00000, 0x0000000714d00000| Untracked 
| 286|0x0000000714e00000, 0x0000000714e00000, 0x0000000714f00000|  0%| F|  |TAMS 0x0000000714e00000, 0x0000000714e00000| Untracked 
| 287|0x0000000714f00000, 0x0000000714f00000, 0x0000000715000000|  0%| F|  |TAMS 0x0000000714f00000, 0x0000000714f00000| Untracked 
| 288|0x0000000715000000, 0x0000000715000000, 0x0000000715100000|  0%| F|  |TAMS 0x0000000715000000, 0x0000000715000000| Untracked 
| 289|0x0000000715100000, 0x0000000715100000, 0x0000000715200000|  0%| F|  |TAMS 0x0000000715100000, 0x0000000715100000| Untracked 
| 290|0x0000000715200000, 0x0000000715200000, 0x0000000715300000|  0%| F|  |TAMS 0x0000000715200000, 0x0000000715200000| Untracked 
| 291|0x0000000715300000, 0x0000000715300000, 0x0000000715400000|  0%| F|  |TAMS 0x0000000715300000, 0x0000000715300000| Untracked 
| 292|0x0000000715400000, 0x0000000715400000, 0x0000000715500000|  0%| F|  |TAMS 0x0000000715400000, 0x0000000715400000| Untracked 
| 293|0x0000000715500000, 0x0000000715500000, 0x0000000715600000|  0%| F|  |TAMS 0x0000000715500000, 0x0000000715500000| Untracked 
| 294|0x0000000715600000, 0x0000000715600000, 0x0000000715700000|  0%| F|  |TAMS 0x0000000715600000, 0x0000000715600000| Untracked 
| 295|0x0000000715700000, 0x0000000715700000, 0x0000000715800000|  0%| F|  |TAMS 0x0000000715700000, 0x0000000715700000| Untracked 
| 296|0x0000000715800000, 0x0000000715800000, 0x0000000715900000|  0%| F|  |TAMS 0x0000000715800000, 0x0000000715800000| Untracked 
| 297|0x0000000715900000, 0x0000000715900000, 0x0000000715a00000|  0%| F|  |TAMS 0x0000000715900000, 0x0000000715900000| Untracked 
| 298|0x0000000715a00000, 0x0000000715a69c30, 0x0000000715b00000| 41%| E|  |TAMS 0x0000000715a00000, 0x0000000715a00000| Complete 
| 299|0x0000000715b00000, 0x0000000715c00000, 0x0000000715c00000|100%| E|CS|TAMS 0x0000000715b00000, 0x0000000715b00000| Complete 
| 300|0x0000000715c00000, 0x0000000715d00000, 0x0000000715d00000|100%| E|CS|TAMS 0x0000000715c00000, 0x0000000715c00000| Complete 
| 301|0x0000000715d00000, 0x0000000715e00000, 0x0000000715e00000|100%| E|CS|TAMS 0x0000000715d00000, 0x0000000715d00000| Complete 
| 302|0x0000000715e00000, 0x0000000715f00000, 0x0000000715f00000|100%| E|CS|TAMS 0x0000000715e00000, 0x0000000715e00000| Complete 
| 303|0x0000000715f00000, 0x0000000716000000, 0x0000000716000000|100%| E|  |TAMS 0x0000000715f00000, 0x0000000715f00000| Complete 
| 304|0x0000000716000000, 0x0000000716100000, 0x0000000716100000|100%| E|CS|TAMS 0x0000000716000000, 0x0000000716000000| Complete 
| 305|0x0000000716100000, 0x0000000716200000, 0x0000000716200000|100%| E|CS|TAMS 0x0000000716100000, 0x0000000716100000| Complete 
| 306|0x0000000716200000, 0x0000000716300000, 0x0000000716300000|100%| E|CS|TAMS 0x0000000716200000, 0x0000000716200000| Complete 
| 307|0x0000000716300000, 0x0000000716400000, 0x0000000716400000|100%| E|CS|TAMS 0x0000000716300000, 0x0000000716300000| Complete 
| 308|0x0000000716400000, 0x0000000716500000, 0x0000000716500000|100%| E|CS|TAMS 0x0000000716400000, 0x0000000716400000| Complete 
| 309|0x0000000716500000, 0x0000000716600000, 0x0000000716600000|100%| S|CS|TAMS 0x0000000716500000, 0x0000000716500000| Complete 
| 310|0x0000000716600000, 0x0000000716700000, 0x0000000716700000|100%| S|CS|TAMS 0x0000000716600000, 0x0000000716600000| Complete 
| 311|0x0000000716700000, 0x0000000716800000, 0x0000000716800000|100%| O|  |TAMS 0x0000000716700000, 0x0000000716700000| Untracked 
| 312|0x0000000716800000, 0x0000000716900000, 0x0000000716900000|100%| O|  |TAMS 0x0000000716800000, 0x0000000716800000| Untracked 
| 313|0x0000000716900000, 0x0000000716a00000, 0x0000000716a00000|100%| S|CS|TAMS 0x0000000716900000, 0x0000000716900000| Complete 
| 314|0x0000000716a00000, 0x0000000716b00000, 0x0000000716b00000|100%| S|CS|TAMS 0x0000000716a00000, 0x0000000716a00000| Complete 
| 315|0x0000000716b00000, 0x0000000716c00000, 0x0000000716c00000|100%| O|  |TAMS 0x0000000716b00000, 0x0000000716b00000| Untracked 
| 316|0x0000000716c00000, 0x0000000716d00000, 0x0000000716d00000|100%| S|CS|TAMS 0x0000000716c00000, 0x0000000716c00000| Complete 
| 317|0x0000000716d00000, 0x0000000716e00000, 0x0000000716e00000|100%| S|CS|TAMS 0x0000000716d00000, 0x0000000716d00000| Complete 
| 318|0x0000000716e00000, 0x0000000716f00000, 0x0000000716f00000|100%| S|CS|TAMS 0x0000000716e00000, 0x0000000716e00000| Complete 
| 319|0x0000000716f00000, 0x0000000717000000, 0x0000000717000000|100%| S|CS|TAMS 0x0000000716f00000, 0x0000000716f00000| Complete 
| 320|0x0000000717000000, 0x0000000717100000, 0x0000000717100000|100%| O|  |TAMS 0x0000000717000000, 0x0000000717000000| Untracked 
| 321|0x0000000717100000, 0x0000000717200000, 0x0000000717200000|100%| S|CS|TAMS 0x0000000717100000, 0x0000000717100000| Complete 
| 322|0x0000000717200000, 0x0000000717300000, 0x0000000717300000|100%| S|CS|TAMS 0x0000000717200000, 0x0000000717200000| Complete 
| 323|0x0000000717300000, 0x0000000717400000, 0x0000000717400000|100%| S|CS|TAMS 0x0000000717300000, 0x0000000717300000| Complete 
| 324|0x0000000717400000, 0x0000000717500000, 0x0000000717500000|100%| O|  |TAMS 0x0000000717400000, 0x0000000717400000| Untracked 
| 325|0x0000000717500000, 0x0000000717600000, 0x0000000717600000|100%| S|CS|TAMS 0x0000000717500000, 0x0000000717500000| Complete 
| 326|0x0000000717600000, 0x0000000717700000, 0x0000000717700000|100%| S|CS|TAMS 0x0000000717600000, 0x0000000717600000| Complete 
| 327|0x0000000717700000, 0x000000071772b200, 0x0000000717800000| 16%| O|  |TAMS 0x0000000717700000, 0x0000000717700000| Untracked 
| 328|0x0000000717800000, 0x0000000717860ba8, 0x0000000717900000| 37%| S|CS|TAMS 0x0000000717800000, 0x0000000717800000| Complete 

Card table byte_map: [0x000002acef930000,0x000002acf0120000] _byte_map_base: 0x000002acec118000

Marking Bits (Prev, Next): (CMBitMap*) 0x000002acd8845700, (CMBitMap*) 0x000002acd88456c8
 Prev Bits: [0x000002acf4850000, 0x000002acf8790000)
 Next Bits: [0x000002acf0910000, 0x000002acf4850000)

Polling page: 0x000002acd6730000

Metaspace:

Usage:
  Non-class:     70.21 MB capacity,    68.86 MB ( 98%) used,     1.08 MB (  2%) free+waste,   278.13 KB ( <1%) overhead. 
      Class:     10.59 MB capacity,     9.72 MB ( 92%) used,   761.87 KB (  7%) free+waste,   127.81 KB (  1%) overhead. 
       Both:     80.81 MB capacity,    78.59 MB ( 97%) used,     1.82 MB (  2%) free+waste,   405.94 KB ( <1%) overhead. 

Virtual space:
  Non-class space:       72.00 MB reserved,      70.25 MB ( 98%) committed 
      Class space:        1.00 GB reserved,      10.63 MB (  1%) committed 
             Both:        1.07 GB reserved,      80.88 MB (  7%) committed 

Chunk freelists:
   Non-Class:  4.63 KB
       Class:  256 bytes
        Both:  4.88 KB

CodeHeap 'non-profiled nmethods': size=120000Kb used=7999Kb max_used=7999Kb free=112000Kb
 bounds [0x000002ace78e0000, 0x000002ace80b0000, 0x000002aceee10000]
CodeHeap 'profiled nmethods': size=120000Kb used=21653Kb max_used=21653Kb free=98347Kb
 bounds [0x000002ace03b0000, 0x000002ace18e0000, 0x000002ace78e0000]
CodeHeap 'non-nmethods': size=5760Kb used=1331Kb max_used=1399Kb free=4429Kb
 bounds [0x000002acdfe10000, 0x000002ace0080000, 0x000002ace03b0000]
 total_blobs=10476 nmethods=9868 adapters=526
 compilation: enabled
              stopped_count=0, restarted_count=0
 full_count=0

Compilation events (10 events):
Event: 103.549 Thread 0x000002acfbc4a000 10051       3       ch.qos.logback.classic.spi.StackTraceElementProxy::setClassPackagingData (23 bytes)
Event: 103.549 Thread 0x000002acfbc4a000 nmethod 10051 0x000002ace18d2390 code [0x000002ace18d2540, 0x000002ace18d27c8]
Event: 103.552 Thread 0x000002acfbc4a000 10052       3       org.apache.catalina.loader.WebappClassLoaderBase::loadClass (7 bytes)
Event: 103.552 Thread 0x000002acfbc4a000 nmethod 10052 0x000002ace18d2890 code [0x000002ace18d2a40, 0x000002ace18d2c28]
Event: 103.552 Thread 0x000002acfbc4a000 10053   !   3       org.springframework.boot.web.embedded.tomcat.TomcatEmbeddedWebappClassLoader::loadClass (73 bytes)
Event: 103.553 Thread 0x000002acfbc4a000 nmethod 10053 0x000002ace18d2d10 code [0x000002ace18d2fa0, 0x000002ace18d3d48]
Event: 103.553 Thread 0x000002acfbc4a000 10054       3       ch.qos.logback.classic.spi.ThrowableProxyUtil::indent (21 bytes)
Event: 103.553 Thread 0x000002acfbc4a000 nmethod 10054 0x000002ace18d4310 code [0x000002ace18d44c0, 0x000002ace18d4708]
Event: 103.553 Thread 0x000002acfbc4a000 10055       3       ch.qos.logback.classic.pattern.ThrowableProxyConverter::isIgnoredStackTraceLine (51 bytes)
Event: 103.554 Thread 0x000002acfbc4a000 nmethod 10055 0x000002ace18d4890 code [0x000002ace18d4aa0, 0x000002ace18d51b8]

GC Heap History (10 events):
Event: 5.433 GC heap before
{Heap before GC invocations=6 (full 0):
 garbage-first heap   total 260096K, used 153952K [0x0000000703000000, 0x0000000800000000)
  region size 1024K, 148 young (151552K), 11 survivors (11264K)
 Metaspace       used 40917K, capacity 42076K, committed 42240K, reserved 1085440K
  class space    used 4864K, capacity 5327K, committed 5376K, reserved 1048576K
}
Event: 5.446 GC heap after
{Heap after GC invocations=7 (full 0):
 garbage-first heap   total 260096K, used 18135K [0x0000000703000000, 0x0000000800000000)
  region size 1024K, 12 young (12288K), 12 survivors (12288K)
 Metaspace       used 40917K, capacity 42076K, committed 42240K, reserved 1085440K
  class space    used 4864K, capacity 5327K, committed 5376K, reserved 1048576K
}
Event: 7.963 GC heap before
{Heap before GC invocations=7 (full 0):
 garbage-first heap   total 260096K, used 155351K [0x0000000703000000, 0x0000000800000000)
  region size 1024K, 147 young (150528K), 12 survivors (12288K)
 Metaspace       used 58683K, capacity 60049K, committed 60160K, reserved 1101824K
  class space    used 7381K, capacity 7973K, committed 8064K, reserved 1048576K
}
Event: 7.984 GC heap after
{Heap after GC invocations=8 (full 0):
 garbage-first heap   total 312320K, used 24172K [0x0000000703000000, 0x0000000800000000)
  region size 1024K, 15 young (15360K), 15 survivors (15360K)
 Metaspace       used 58683K, capacity 60049K, committed 60160K, reserved 1101824K
  class space    used 7381K, capacity 7973K, committed 8064K, reserved 1048576K
}
Event: 10.013 GC heap before
{Heap before GC invocations=9 (full 0):
 garbage-first heap   total 312320K, used 196204K [0x0000000703000000, 0x0000000800000000)
  region size 1024K, 183 young (187392K), 15 survivors (15360K)
 Metaspace       used 66713K, capacity 68411K, committed 68480K, reserved 1107968K
  class space    used 8402K, capacity 9054K, committed 9088K, reserved 1048576K
}
Event: 10.030 GC heap after
{Heap after GC invocations=10 (full 0):
 garbage-first heap   total 312320K, used 28784K [0x0000000703000000, 0x0000000800000000)
  region size 1024K, 15 young (15360K), 15 survivors (15360K)
 Metaspace       used 66713K, capacity 68411K, committed 68480K, reserved 1107968K
  class space    used 8402K, capacity 9054K, committed 9088K, reserved 1048576K
}
Event: 11.437 GC heap before
{Heap before GC invocations=10 (full 0):
 garbage-first heap   total 312320K, used 203888K [0x0000000703000000, 0x0000000800000000)
  region size 1024K, 183 young (187392K), 15 survivors (15360K)
 Metaspace       used 71071K, capacity 73000K, committed 73216K, reserved 1112064K
  class space    used 8915K, capacity 9657K, committed 9728K, reserved 1048576K
}
Event: 11.458 GC heap after
{Heap after GC invocations=11 (full 0):
 garbage-first heap   total 312320K, used 35465K [0x0000000703000000, 0x0000000800000000)
  region size 1024K, 18 young (18432K), 18 survivors (18432K)
 Metaspace       used 71071K, capacity 73000K, committed 73216K, reserved 1112064K
  class space    used 8915K, capacity 9657K, committed 9728K, reserved 1048576K
}
Event: 101.070 GC heap before
{Heap before GC invocations=11 (full 0):
 garbage-first heap   total 316416K, used 315017K [0x0000000703000000, 0x0000000800000000)
  region size 1024K, 176 young (180224K), 18 survivors (18432K)
 Metaspace       used 80147K, capacity 82377K, committed 82560K, reserved 1120256K
  class space    used 9918K, capacity 10809K, committed 10880K, reserved 1048576K
}
Event: 101.097 GC heap after
{Heap after GC invocations=12 (full 0):
 garbage-first heap   total 336896K, used 36399K [0x0000000703000000, 0x0000000800000000)
  region size 1024K, 14 young (14336K), 14 survivors (14336K)
 Metaspace       used 80147K, capacity 82377K, committed 82560K, reserved 1120256K
  class space    used 9918K, capacity 10809K, committed 10880K, reserved 1048576K
}

Deoptimization events (10 events):
Event: 31.368 Thread 0x000002ac8020b800 Uncommon trap: reason=unstable_if action=reinterpret pc=0x000002ace7e603e8 method=java.util.regex.Matcher.search(I)Z @ 76 c2
Event: 31.393 Thread 0x000002ac80211000 Uncommon trap: reason=unstable_if action=reinterpret pc=0x000002ace7e895d0 method=java.util.concurrent.ConcurrentHashMap.putVal(Ljava/lang/Object;Ljava/lang/Object;Z)Ljava/lang/Object; @ 97 c2
Event: 31.418 Thread 0x000002ac8020b800 Uncommon trap: reason=unstable_if action=reinterpret pc=0x000002ace7ad9148 method=java.lang.Class.newReflectionData(Ljava/lang/ref/SoftReference;I)Ljava/lang/Class$ReflectionData; @ 22 c2
Event: 36.984 Thread 0x000002ac8020d000 Uncommon trap: reason=speculate_null_assert action=make_not_entrant pc=0x000002ace7f8e800 method=java.lang.invoke.MethodType$ConcurrentWeakInternSet.add(Ljava/lang/Object;)Ljava/lang/Object; @ 47 c2
Event: 103.454 Thread 0x000002ac8020b800 Uncommon trap: reason=unstable_if action=reinterpret pc=0x000002ace7fb0778 method=org.apache.logging.slf4j.SLF4JLogger.isEnabledFor(Lorg/apache/logging/log4j/Level;Lorg/apache/logging/log4j/Marker;)Z @ 16 c2
Event: 103.454 Thread 0x000002ac8020b800 Uncommon trap: reason=unstable_if action=reinterpret pc=0x000002ace7f6a660 method=org.apache.logging.slf4j.SLF4JLogger.isEnabledFor(Lorg/apache/logging/log4j/Level;Lorg/apache/logging/log4j/Marker;)Z @ 16 c2
Event: 103.454 Thread 0x000002ac8020b800 Uncommon trap: reason=unstable_if action=reinterpret pc=0x000002ace7f69ed0 method=org.apache.logging.slf4j.SLF4JLogger.isEnabledFor(Lorg/apache/logging/log4j/Level;Lorg/apache/logging/log4j/Marker;)Z @ 16 c2
Event: 103.516 Thread 0x000002ac8020b800 Uncommon trap: reason=bimorphic_or_optimized_type_check action=maybe_recompile pc=0x000002ace7a61eec method=java.util.Collections$SetFromMap.contains(Ljava/lang/Object;)Z @ 5 c2
Event: 103.537 Thread 0x000002ac8020b800 Uncommon trap: reason=unstable_if action=reinterpret pc=0x000002ace805ba30 method=org.apache.tomcat.util.net.SocketBufferHandler.setWriteBufferConfiguredForWrite(Z)V @ 21 c2
Event: 103.538 Thread 0x000002ac8020b800 Uncommon trap: reason=class_check action=maybe_recompile pc=0x000002ace7f4eef8 method=org.springframework.core.annotation.AnnotatedElementUtils.findMergedAnnotation(Ljava/lang/reflect/AnnotatedElement;Ljava/lang/Class;)Ljava/lang/annotation/Annotation; @ 

Classes redefined (0 events):
No events

Internal exceptions (10 events):
Event: 27.477 Thread 0x000002ac8020f800 Exception <a 'java/lang/ClassNotFoundException'{0x0000000710e5bd78}: com/team/two/mitrais_carrot/entity/merchant/BazaarItemEntityCustomizer> (0x0000000710e5bd78) thrown at [./open/src/hotspot/share/classfile/systemDictionary.cpp, line 227]
Event: 84.326 Thread 0x000002ac8020f800 Exception <a 'java/io/IOException'{0x000000070d71b7b0}> (0x000000070d71b7b0) thrown at [./open/src/hotspot/share/prims/jni.cpp, line 611]
Event: 84.326 Thread 0x000002ac8020b800 Exception <a 'java/io/IOException'{0x000000070d785478}> (0x000000070d785478) thrown at [./open/src/hotspot/share/prims/jni.cpp, line 611]
Event: 84.326 Thread 0x000002ac80211000 Exception <a 'java/io/IOException'{0x000000070d451e70}> (0x000000070d451e70) thrown at [./open/src/hotspot/share/prims/jni.cpp, line 611]
Event: 103.458 Thread 0x000002ac8020b800 Exception <a 'java/lang/reflect/InvocationTargetException'{0x0000000715ecd3d0}> (0x0000000715ecd3d0) thrown at [./open/src/hotspot/share/runtime/reflection.cpp, line 1242]
Event: 103.466 Thread 0x000002ac8020b800 Exception <a 'java/lang/reflect/InvocationTargetException'{0x0000000715ef4938}> (0x0000000715ef4938) thrown at [./open/src/hotspot/share/runtime/reflection.cpp, line 1242]
Event: 103.476 Thread 0x000002ac8020b800 Exception <a 'java/lang/NoClassDefFoundError'{0x0000000715d316e8}: sun/reflect/Reflection> (0x0000000715d316e8) thrown at [./open/src/hotspot/share/classfile/systemDictionary.cpp, line 216]
Event: 103.536 Thread 0x000002ac8020b800 Exception <a 'java/io/IOException'{0x0000000715b9f9b0}> (0x0000000715b9f9b0) thrown at [./open/src/hotspot/share/prims/jni.cpp, line 611]
Event: 103.537 Thread 0x000002ac8020b800 Exception <a 'java/io/IOException'{0x0000000715ba1170}> (0x0000000715ba1170) thrown at [./open/src/hotspot/share/prims/jni.cpp, line 611]
Event: 103.554 Thread 0x000002ac8020b800 Exception <a 'java/io/IOException'{0x0000000715a3c038}> (0x0000000715a3c038) thrown at [./open/src/hotspot/share/prims/jni.cpp, line 611]

Events (10 events):
Event: 103.554 Thread 0x000002ac8020b800 DEOPT PACKING pc=0x000002ace164d274 sp=0x000000c653cfeba0
Event: 103.554 Thread 0x000002ac8020b800 DEOPT UNPACKING pc=0x000002acdfe4bb5e sp=0x000000c653cfe020 mode 1
Event: 103.554 Thread 0x000002ac8020b800 DEOPT PACKING pc=0x000002ace164f82c sp=0x000000c653cfec30
Event: 103.554 Thread 0x000002ac8020b800 DEOPT UNPACKING pc=0x000002acdfe4bb5e sp=0x000000c653cfe0c8 mode 1
Event: 103.554 Thread 0x000002ac8020b800 DEOPT PACKING pc=0x000002ace16506cc sp=0x000000c653cfed80
Event: 103.554 Thread 0x000002ac8020b800 DEOPT UNPACKING pc=0x000002acdfe4bb5e sp=0x000000c653cfe238 mode 1
Event: 103.554 Thread 0x000002ac8020b800 DEOPT PACKING pc=0x000002ace164df74 sp=0x000000c653cfede0
Event: 103.554 Thread 0x000002ac8020b800 DEOPT UNPACKING pc=0x000002acdfe4bb5e sp=0x000000c653cfe270 mode 1
Event: 103.554 Thread 0x000002ac8020b800 DEOPT PACKING pc=0x000002ace1727e3c sp=0x000000c653cfee90
Event: 103.554 Thread 0x000002ac8020b800 DEOPT UNPACKING pc=0x000002acdfe4bb5e sp=0x000000c653cfe360 mode 1


Dynamic libraries:
0x00007ff734300000 - 0x00007ff73430f000 	C:\Program Files\Java\jdk-11.0.13\bin\java.exe
0x00007ff819850000 - 0x00007ff819a45000 	C:\WINDOWS\SYSTEM32\ntdll.dll
0x00007ff818060000 - 0x00007ff81811e000 	C:\WINDOWS\System32\KERNEL32.DLL
0x00007ff8173d0000 - 0x00007ff817698000 	C:\WINDOWS\System32\KERNELBASE.dll
0x00007ff817010000 - 0x00007ff817110000 	C:\WINDOWS\System32\ucrtbase.dll
0x00007ff813340000 - 0x00007ff813358000 	C:\Program Files\Java\jdk-11.0.13\bin\jli.dll
0x00007ff813400000 - 0x00007ff813415000 	C:\Program Files\Java\jdk-11.0.13\bin\VCRUNTIME140.dll
0x00007ff818f90000 - 0x00007ff81903e000 	C:\WINDOWS\System32\ADVAPI32.dll
0x00007ff818120000 - 0x00007ff8181be000 	C:\WINDOWS\System32\msvcrt.dll
0x00007ff818a70000 - 0x00007ff818b0c000 	C:\WINDOWS\System32\sechost.dll
0x00007ff8188b0000 - 0x00007ff8189d5000 	C:\WINDOWS\System32\RPCRT4.dll
0x00007ff8184d0000 - 0x00007ff818670000 	C:\WINDOWS\System32\USER32.dll
0x00007ff8173a0000 - 0x00007ff8173c2000 	C:\WINDOWS\System32\win32u.dll
0x00007ffff1a70000 - 0x00007ffff1d0a000 	C:\WINDOWS\WinSxS\amd64_microsoft.windows.common-controls_6595b64144ccf1df_6.0.19041.1110_none_60b5254171f9507e\COMCTL32.dll
0x00007ff8181c0000 - 0x00007ff8181eb000 	C:\WINDOWS\System32\GDI32.dll
0x00007ff817260000 - 0x00007ff81736b000 	C:\WINDOWS\System32\gdi32full.dll
0x00007ff816f70000 - 0x00007ff81700d000 	C:\WINDOWS\System32\msvcp_win.dll
0x00007ff8100e0000 - 0x00007ff8100ea000 	C:\WINDOWS\SYSTEM32\VERSION.dll
0x00007ff8189e0000 - 0x00007ff818a10000 	C:\WINDOWS\System32\IMM32.DLL
0x00007ffffb3c0000 - 0x00007ffffb45b000 	C:\Program Files\Java\jdk-11.0.13\bin\msvcp140.dll
0x00007fffcca50000 - 0x00007fffcd563000 	C:\Program Files\Java\jdk-11.0.13\bin\server\jvm.dll
0x00007ff817990000 - 0x00007ff817998000 	C:\WINDOWS\System32\PSAPI.DLL
0x00007fffec5c0000 - 0x00007fffec5c9000 	C:\WINDOWS\SYSTEM32\WSOCK32.dll
0x00007ffff8220000 - 0x00007ffff8247000 	C:\WINDOWS\SYSTEM32\WINMM.dll
0x00007ff8183a0000 - 0x00007ff81840b000 	C:\WINDOWS\System32\WS2_32.dll
0x00007ff814d60000 - 0x00007ff814d72000 	C:\WINDOWS\SYSTEM32\kernel.appcore.dll
0x00007ff814900000 - 0x00007ff814910000 	C:\Program Files\Java\jdk-11.0.13\bin\verify.dll
0x00007ff80fef0000 - 0x00007ff8100d4000 	C:\WINDOWS\SYSTEM32\DBGHELP.DLL
0x00007ff8050c0000 - 0x00007ff8050ec000 	C:\WINDOWS\SYSTEM32\dbgcore.DLL
0x00007ff817160000 - 0x00007ff8171e2000 	C:\WINDOWS\System32\bcryptPrimitives.dll
0x00007ff812ea0000 - 0x00007ff812ec8000 	C:\Program Files\Java\jdk-11.0.13\bin\java.dll
0x00007ff814810000 - 0x00007ff81481a000 	C:\Program Files\Java\jdk-11.0.13\bin\jimage.dll
0x00007ff804690000 - 0x00007ff8046c8000 	C:\Program Files\Java\jdk-11.0.13\bin\jdwp.dll
0x00007ff8147b0000 - 0x00007ff8147be000 	C:\Program Files\Java\jdk-11.0.13\bin\instrument.dll
0x00007ff813320000 - 0x00007ff813336000 	C:\Program Files\Java\jdk-11.0.13\bin\zip.dll
0x00007ff819060000 - 0x00007ff8197a4000 	C:\WINDOWS\System32\SHELL32.dll
0x00007ff815040000 - 0x00007ff8157d4000 	C:\WINDOWS\SYSTEM32\windows.storage.dll
0x00007ff817bf0000 - 0x00007ff817f44000 	C:\WINDOWS\System32\combase.dll
0x00007ff816820000 - 0x00007ff81684c000 	C:\WINDOWS\SYSTEM32\Wldp.dll
0x00007ff818410000 - 0x00007ff8184bd000 	C:\WINDOWS\System32\SHCORE.dll
0x00007ff818a10000 - 0x00007ff818a65000 	C:\WINDOWS\System32\shlwapi.dll
0x00007ff816eb0000 - 0x00007ff816ecf000 	C:\WINDOWS\SYSTEM32\profapi.dll
0x00007ff811160000 - 0x00007ff81116a000 	C:\Program Files\Java\jdk-11.0.13\bin\dt_socket.dll
0x00007ff816600000 - 0x00007ff81666a000 	C:\WINDOWS\system32\mswsock.dll
0x00007ff812730000 - 0x00007ff812749000 	C:\Program Files\Java\jdk-11.0.13\bin\net.dll
0x00007ff80fc00000 - 0x00007ff80fd09000 	C:\WINDOWS\SYSTEM32\WINHTTP.dll
0x00007ff812710000 - 0x00007ff812722000 	C:\Program Files\Java\jdk-11.0.13\bin\nio.dll
0x00007ff8111b0000 - 0x00007ff8111b9000 	C:\Program Files\Java\jdk-11.0.13\bin\management.dll
0x00007ff8111a0000 - 0x00007ff8111ab000 	C:\Program Files\Java\jdk-11.0.13\bin\management_ext.dll
0x00007ff80e380000 - 0x00007ff80e397000 	C:\WINDOWS\system32\napinsp.dll
0x00007ff80e3e0000 - 0x00007ff80e3fb000 	C:\WINDOWS\system32\pnrpnsp.dll
0x00007ff80fbe0000 - 0x00007ff80fbfd000 	C:\WINDOWS\system32\NLAapi.dll
0x00007ff816310000 - 0x00007ff81634b000 	C:\WINDOWS\SYSTEM32\IPHLPAPI.DLL
0x00007ff812c90000 - 0x00007ff812ca5000 	C:\WINDOWS\system32\wshbth.dll
0x00007ff816350000 - 0x00007ff81641a000 	C:\WINDOWS\SYSTEM32\DNSAPI.dll
0x00007ff818f80000 - 0x00007ff818f88000 	C:\WINDOWS\System32\NSI.dll
0x00007ff80e580000 - 0x00007ff80e592000 	C:\WINDOWS\System32\winrnr.dll
0x00007ff80f870000 - 0x00007ff80f87a000 	C:\Windows\System32\rasadhlp.dll
0x00007ff812750000 - 0x00007ff8127cf000 	C:\WINDOWS\System32\fwpuclnt.dll
0x00007ff817370000 - 0x00007ff817397000 	C:\WINDOWS\System32\bcrypt.dll
0x00007ff816860000 - 0x00007ff816878000 	C:\WINDOWS\SYSTEM32\CRYPTSP.dll
0x00007ff815fa0000 - 0x00007ff815fd4000 	C:\WINDOWS\system32\rsaenh.dll
0x00007ff816e30000 - 0x00007ff816e5e000 	C:\WINDOWS\SYSTEM32\USERENV.dll
0x00007ff816790000 - 0x00007ff81679c000 	C:\WINDOWS\SYSTEM32\CRYPTBASE.dll
0x00007ff810ef0000 - 0x00007ff810f07000 	C:\WINDOWS\SYSTEM32\dhcpcsvc6.DLL
0x00007ff811850000 - 0x00007ff81186d000 	C:\WINDOWS\SYSTEM32\dhcpcsvc.DLL
0x00007ff811150000 - 0x00007ff81115d000 	C:\Program Files\Java\jdk-11.0.13\bin\sunmscapi.dll
0x00007ff8176a0000 - 0x00007ff8177f6000 	C:\WINDOWS\System32\CRYPT32.dll
0x00007ff8169d0000 - 0x00007ff8169f7000 	C:\WINDOWS\SYSTEM32\ncrypt.dll
0x00007ff816990000 - 0x00007ff8169cb000 	C:\WINDOWS\SYSTEM32\NTASN1.dll
0x00007ff807810000 - 0x00007ff807835000 	C:\Program Files\Java\jdk-11.0.13\bin\sunec.dll

dbghelp: loaded successfully - version: 4.0.5 - missing functions: none
symbol engine: initialized successfully - sym options: 0x614 - pdb path: .;C:\Program Files\Java\jdk-11.0.13\bin;C:\WINDOWS\SYSTEM32;C:\WINDOWS\WinSxS\amd64_microsoft.windows.common-controls_6595b64144ccf1df_6.0.19041.1110_none_60b5254171f9507e;C:\Program Files\Java\jdk-11.0.13\bin\server

VM Arguments:
jvm_args: -agentlib:jdwp=transport=dt_socket,address=127.0.0.1:63104,suspend=y,server=n -javaagent:C:\Users\Pradipta_R632\Downloads\ideaIC-2021.2.4.win\plugins\java\lib\rt\debugger-agent.jar -Dfile.encoding=UTF-8 
java_command: com.team.two.mitrais_carrot.MitraisCarrotBackendApplication
java_class_path (initial): C:\Users\Pradipta_R632\Documents\FG Training\Mitrais Carrot Scrum\mitrais_carrot_backend-main\target\classes;C:\Users\Pradipta_R632\.m2\repository\org\springframework\boot\spring-boot-starter-validation\2.6.4\spring-boot-starter-validation-2.6.4.jar;C:\Users\Pradipta_R632\.m2\repository\org\springframework\boot\spring-boot-starter\2.6.4\spring-boot-starter-2.6.4.jar;C:\Users\Pradipta_R632\.m2\repository\org\springframework\boot\spring-boot-starter-logging\2.6.4\spring-boot-starter-logging-2.6.4.jar;C:\Users\Pradipta_R632\.m2\repository\ch\qos\logback\logback-classic\1.2.10\logback-classic-1.2.10.jar;C:\Users\Pradipta_R632\.m2\repository\ch\qos\logback\logback-core\1.2.10\logback-core-1.2.10.jar;C:\Users\Pradipta_R632\.m2\repository\org\apache\logging\log4j\log4j-to-slf4j\2.17.1\log4j-to-slf4j-2.17.1.jar;C:\Users\Pradipta_R632\.m2\repository\org\apache\logging\log4j\log4j-api\2.17.1\log4j-api-2.17.1.jar;C:\Users\Pradipta_R632\.m2\repository\org\slf4j\jul-to-slf4j\1.7.36\jul-to-slf4j-1.7.36.jar;C:\Users\Pradipta_R632\.m2\repository\jakarta\annotation\jakarta.annotation-api\1.3.5\jakarta.annotation-api-1.3.5.jar;C:\Users\Pradipta_R632\.m2\repository\org\yaml\snakeyaml\1.29\snakeyaml-1.29.jar;C:\Users\Pradipta_R632\.m2\repository\org\apache\tomcat\embed\tomcat-embed-el\9.0.58\tomcat-embed-el-9.0.58.jar;C:\Users\Pradipta_R632\.m2\repository\org\hibernate\validator\hibernate-validator\6.2.2.Final\hibernate-validator-6.2.2.Final.jar;C:\Users\Pradipta_R632\.m2\repository\jakarta\validation\jakarta.validation-api\2.0.2\jakarta.validation-api-2.0.2.jar;C:\Users\Pradipta_R632\.m2\repository\org\jboss\logging\jboss-logging\3.4.3.Final\jboss-logging-3.4.3.Final.jar;C:\Users\Pradipta_R632\.m2\repository\com\fasterxml\classmate\1.5.1\classmate-1.5.1.jar;C:\Users\Pradipta_R632\.m2\repository\org\springframework\boot\spring-boot-starter-data-jpa\2.6.4\spring-boot-starter-data-jpa-2.6.4.jar;C:\Users\Pradipta_R632\.m2\repository\org\springframework\boot\sp
Launcher Type: SUN_STANDARD

[Global flags]
     intx CICompilerCount                          = 4                                         {product} {ergonomic}
     uint ConcGCThreads                            = 2                                         {product} {ergonomic}
     uint G1ConcRefinementThreads                  = 8                                         {product} {ergonomic}
   size_t G1HeapRegionSize                         = 1048576                                   {product} {ergonomic}
    uintx GCDrainStackTargetSize                   = 64                                        {product} {ergonomic}
   size_t InitialHeapSize                          = 266338304                                 {product} {ergonomic}
   size_t MarkStackSize                            = 4194304                                   {product} {ergonomic}
   size_t MaxHeapSize                              = 4244635648                                {product} {ergonomic}
   size_t MaxNewSize                               = 2545942528                                {product} {ergonomic}
   size_t MinHeapDeltaBytes                        = 1048576                                   {product} {ergonomic}
    uintx NonNMethodCodeHeapSize                   = 5836300                                {pd product} {ergonomic}
    uintx NonProfiledCodeHeapSize                  = 122910970                              {pd product} {ergonomic}
    uintx ProfiledCodeHeapSize                     = 122910970                              {pd product} {ergonomic}
    uintx ReservedCodeCacheSize                    = 251658240                              {pd product} {ergonomic}
     bool SegmentedCodeCache                       = true                                      {product} {ergonomic}
     bool UseCompressedClassPointers               = true                                 {lp64_product} {ergonomic}
     bool UseCompressedOops                        = true                                 {lp64_product} {ergonomic}
     bool UseG1GC                                  = true                                      {product} {ergonomic}
     bool UseLargePagesIndividualAllocation        = false                                  {pd product} {ergonomic}

Logging:
Log output configuration:
 #0: stdout all=warning uptime,level,tags
 #1: stderr all=off uptime,level,tags

Environment Variables:
PATH=C:\Program Files\Common Files\Oracle\Java\javapath;C:\Program Files (x86)\Common Files\Oracle\Java\javapath;C:\WINDOWS\system32;C:\WINDOWS;C:\WINDOWS\System32\Wbem;C:\WINDOWS\System32\WindowsPowerShell\v1.0\;C:\WINDOWS\System32\OpenSSH\;C:\Program Files\WireGuard\;C:\Program Files\Git\cmd;C:\ProgramData\chocolatey\bin;;C:\Program Files\Docker\Docker\resources\bin;C:\ProgramData\DockerDesktop\version-bin;C:\ProgramData\nvm;C:\Program Files\nodejs;C:\Program Files\nodejs\;C:\Users\Pradipta_R632\AppData\Local\Microsoft\WindowsApps;C:\Users\Pradipta_R632\AppData\Local\Programs\Microsoft VS Code\bin;C:\Program Files\PostgreSQL\14\bin;C:\Users\Pradipta_R632\AppData\Roaming\npm
USERNAME=Pradipta_R632
OS=Windows_NT
PROCESSOR_IDENTIFIER=Intel64 Family 6 Model 142 Stepping 12, GenuineIntel



---------------  S Y S T E M  ---------------

OS: Windows 10 , 64 bit Build 19041 (10.0.19041.1566)
Hyper-V role detected

CPU:total 8 (initial active 8) (4 cores per cpu, 2 threads per core) family 6 model 142 stepping 12 microcode 0xec, cmov, cx8, fxsr, mmx, sse, sse2, sse3, ssse3, sse4.1, sse4.2, popcnt, avx, avx2, aes, clmul, erms, 3dnowpref, lzcnt, ht, tsc, tscinvbit, bmi1, bmi2, adx, fma

Memory: 4k page, system-wide physical 16190M (881M free)
TotalPageFile size 47083M (AvailPageFile size 97M)
current process WorkingSet (physical memory assigned to process): 519M, peak: 617M
current process commit charge ("private bytes"): 575M, peak: 738M

vm_info: Java HotSpot(TM) 64-Bit Server VM (11.0.13+10-LTS-370) for windows-amd64 JRE (11.0.13+10-LTS-370), built on Sep 15 2021 22:10:36 by "mach5one" with MS VC++ 15.9 (VS2017)

END.
